2025-06-22 01:12:22,169 - commands - ERROR - Exception in status command: Object of type Mock is not JSON serializable
Traceback (most recent call last):
  File "/Users/cjruiz/gotlockz-bot/commands.py", line 501, in status_command
    await self.logger.log_command(interaction, "status", success=True)
  File "/Users/cjruiz/gotlockz-bot/commands.py", line 326, in log_command
    logger.info(f"Command executed: {json.dumps(log_data)}")
  File "/Library/Developer/CommandLineTools/Library/Frameworks/Python3.framework/Versions/3.9/lib/python3.9/json/__init__.py", line 231, in dumps
    return _default_encoder.encode(obj)
  File "/Library/Developer/CommandLineTools/Library/Frameworks/Python3.framework/Versions/3.9/lib/python3.9/json/encoder.py", line 199, in encode
    chunks = self.iterencode(o, _one_shot=True)
  File "/Library/Developer/CommandLineTools/Library/Frameworks/Python3.framework/Versions/3.9/lib/python3.9/json/encoder.py", line 257, in iterencode
    return _iterencode(o, 0)
  File "/Library/Developer/CommandLineTools/Library/Frameworks/Python3.framework/Versions/3.9/lib/python3.9/json/encoder.py", line 179, in default
    raise TypeError(f'Object of type {o.__class__.__name__} '
TypeError: Object of type Mock is not JSON serializable
2025-06-22 01:12:22,169 - commands - ERROR - Exception in status command: Object of type Mock is not JSON serializable
Traceback (most recent call last):
  File "/Users/cjruiz/gotlockz-bot/commands.py", line 501, in status_command
    await self.logger.log_command(interaction, "status", success=True)
  File "/Users/cjruiz/gotlockz-bot/commands.py", line 326, in log_command
    logger.info(f"Command executed: {json.dumps(log_data)}")
  File "/Library/Developer/CommandLineTools/Library/Frameworks/Python3.framework/Versions/3.9/lib/python3.9/json/__init__.py", line 231, in dumps
    return _default_encoder.encode(obj)
  File "/Library/Developer/CommandLineTools/Library/Frameworks/Python3.framework/Versions/3.9/lib/python3.9/json/encoder.py", line 199, in encode
    chunks = self.iterencode(o, _one_shot=True)
  File "/Library/Developer/CommandLineTools/Library/Frameworks/Python3.framework/Versions/3.9/lib/python3.9/json/encoder.py", line 257, in iterencode
    return _iterencode(o, 0)
  File "/Library/Developer/CommandLineTools/Library/Frameworks/Python3.framework/Versions/3.9/lib/python3.9/json/encoder.py", line 179, in default
    raise TypeError(f'Object of type {o.__class__.__name__} '
TypeError: Object of type Mock is not JSON serializable
2025-06-22 01:12:22,169 - commands - ERROR - Exception in status command: Object of type Mock is not JSON serializable
Traceback (most recent call last):
  File "/Users/cjruiz/gotlockz-bot/commands.py", line 501, in status_command
    await self.logger.log_command(interaction, "status", success=True)
  File "/Users/cjruiz/gotlockz-bot/commands.py", line 326, in log_command
    logger.info(f"Command executed: {json.dumps(log_data)}")
  File "/Library/Developer/CommandLineTools/Library/Frameworks/Python3.framework/Versions/3.9/lib/python3.9/json/__init__.py", line 231, in dumps
    return _default_encoder.encode(obj)
  File "/Library/Developer/CommandLineTools/Library/Frameworks/Python3.framework/Versions/3.9/lib/python3.9/json/encoder.py", line 199, in encode
    chunks = self.iterencode(o, _one_shot=True)
  File "/Library/Developer/CommandLineTools/Library/Frameworks/Python3.framework/Versions/3.9/lib/python3.9/json/encoder.py", line 257, in iterencode
    return _iterencode(o, 0)
  File "/Library/Developer/CommandLineTools/Library/Frameworks/Python3.framework/Versions/3.9/lib/python3.9/json/encoder.py", line 179, in default
    raise TypeError(f'Object of type {o.__class__.__name__} '
TypeError: Object of type Mock is not JSON serializable
2025-06-22 01:12:22,169 - commands - ERROR - Exception in status command: Object of type Mock is not JSON serializable
Traceback (most recent call last):
  File "/Users/cjruiz/gotlockz-bot/commands.py", line 501, in status_command
    await self.logger.log_command(interaction, "status", success=True)
  File "/Users/cjruiz/gotlockz-bot/commands.py", line 326, in log_command
    logger.info(f"Command executed: {json.dumps(log_data)}")
  File "/Library/Developer/CommandLineTools/Library/Frameworks/Python3.framework/Versions/3.9/lib/python3.9/json/__init__.py", line 231, in dumps
    return _default_encoder.encode(obj)
  File "/Library/Developer/CommandLineTools/Library/Frameworks/Python3.framework/Versions/3.9/lib/python3.9/json/encoder.py", line 199, in encode
    chunks = self.iterencode(o, _one_shot=True)
  File "/Library/Developer/CommandLineTools/Library/Frameworks/Python3.framework/Versions/3.9/lib/python3.9/json/encoder.py", line 257, in iterencode
    return _iterencode(o, 0)
  File "/Library/Developer/CommandLineTools/Library/Frameworks/Python3.framework/Versions/3.9/lib/python3.9/json/encoder.py", line 179, in default
    raise TypeError(f'Object of type {o.__class__.__name__} '
TypeError: Object of type Mock is not JSON serializable
2025-06-22 01:12:22,459 - commands - ERROR - Error in help command
Traceback (most recent call last):
  File "/Users/cjruiz/gotlockz-bot/commands.py", line 803, in help_command
    await self.logger.log_command(interaction, "help", success=True)
  File "/Users/cjruiz/gotlockz-bot/commands.py", line 326, in log_command
    logger.info(f"Command executed: {json.dumps(log_data)}")
  File "/Library/Developer/CommandLineTools/Library/Frameworks/Python3.framework/Versions/3.9/lib/python3.9/json/__init__.py", line 231, in dumps
    return _default_encoder.encode(obj)
  File "/Library/Developer/CommandLineTools/Library/Frameworks/Python3.framework/Versions/3.9/lib/python3.9/json/encoder.py", line 199, in encode
    chunks = self.iterencode(o, _one_shot=True)
  File "/Library/Developer/CommandLineTools/Library/Frameworks/Python3.framework/Versions/3.9/lib/python3.9/json/encoder.py", line 257, in iterencode
    return _iterencode(o, 0)
  File "/Library/Developer/CommandLineTools/Library/Frameworks/Python3.framework/Versions/3.9/lib/python3.9/json/encoder.py", line 179, in default
    raise TypeError(f'Object of type {o.__class__.__name__} '
TypeError: Object of type Mock is not JSON serializable
2025-06-22 01:12:22,459 - commands - ERROR - Error in help command
Traceback (most recent call last):
  File "/Users/cjruiz/gotlockz-bot/commands.py", line 803, in help_command
    await self.logger.log_command(interaction, "help", success=True)
  File "/Users/cjruiz/gotlockz-bot/commands.py", line 326, in log_command
    logger.info(f"Command executed: {json.dumps(log_data)}")
  File "/Library/Developer/CommandLineTools/Library/Frameworks/Python3.framework/Versions/3.9/lib/python3.9/json/__init__.py", line 231, in dumps
    return _default_encoder.encode(obj)
  File "/Library/Developer/CommandLineTools/Library/Frameworks/Python3.framework/Versions/3.9/lib/python3.9/json/encoder.py", line 199, in encode
    chunks = self.iterencode(o, _one_shot=True)
  File "/Library/Developer/CommandLineTools/Library/Frameworks/Python3.framework/Versions/3.9/lib/python3.9/json/encoder.py", line 257, in iterencode
    return _iterencode(o, 0)
  File "/Library/Developer/CommandLineTools/Library/Frameworks/Python3.framework/Versions/3.9/lib/python3.9/json/encoder.py", line 179, in default
    raise TypeError(f'Object of type {o.__class__.__name__} '
TypeError: Object of type Mock is not JSON serializable
2025-06-22 01:12:22,459 - commands - ERROR - Error in help command
Traceback (most recent call last):
  File "/Users/cjruiz/gotlockz-bot/commands.py", line 803, in help_command
    await self.logger.log_command(interaction, "help", success=True)
  File "/Users/cjruiz/gotlockz-bot/commands.py", line 326, in log_command
    logger.info(f"Command executed: {json.dumps(log_data)}")
  File "/Library/Developer/CommandLineTools/Library/Frameworks/Python3.framework/Versions/3.9/lib/python3.9/json/__init__.py", line 231, in dumps
    return _default_encoder.encode(obj)
  File "/Library/Developer/CommandLineTools/Library/Frameworks/Python3.framework/Versions/3.9/lib/python3.9/json/encoder.py", line 199, in encode
    chunks = self.iterencode(o, _one_shot=True)
  File "/Library/Developer/CommandLineTools/Library/Frameworks/Python3.framework/Versions/3.9/lib/python3.9/json/encoder.py", line 257, in iterencode
    return _iterencode(o, 0)
  File "/Library/Developer/CommandLineTools/Library/Frameworks/Python3.framework/Versions/3.9/lib/python3.9/json/encoder.py", line 179, in default
    raise TypeError(f'Object of type {o.__class__.__name__} '
TypeError: Object of type Mock is not JSON serializable
2025-06-22 01:12:22,459 - commands - ERROR - Error in help command
Traceback (most recent call last):
  File "/Users/cjruiz/gotlockz-bot/commands.py", line 803, in help_command
    await self.logger.log_command(interaction, "help", success=True)
  File "/Users/cjruiz/gotlockz-bot/commands.py", line 326, in log_command
    logger.info(f"Command executed: {json.dumps(log_data)}")
  File "/Library/Developer/CommandLineTools/Library/Frameworks/Python3.framework/Versions/3.9/lib/python3.9/json/__init__.py", line 231, in dumps
    return _default_encoder.encode(obj)
  File "/Library/Developer/CommandLineTools/Library/Frameworks/Python3.framework/Versions/3.9/lib/python3.9/json/encoder.py", line 199, in encode
    chunks = self.iterencode(o, _one_shot=True)
  File "/Library/Developer/CommandLineTools/Library/Frameworks/Python3.framework/Versions/3.9/lib/python3.9/json/encoder.py", line 257, in iterencode
    return _iterencode(o, 0)
  File "/Library/Developer/CommandLineTools/Library/Frameworks/Python3.framework/Versions/3.9/lib/python3.9/json/encoder.py", line 179, in default
    raise TypeError(f'Object of type {o.__class__.__name__} '
TypeError: Object of type Mock is not JSON serializable
2025-06-22 01:12:22,459 - commands - ERROR - Error in help command
Traceback (most recent call last):
  File "/Users/cjruiz/gotlockz-bot/commands.py", line 803, in help_command
    await self.logger.log_command(interaction, "help", success=True)
  File "/Users/cjruiz/gotlockz-bot/commands.py", line 326, in log_command
    logger.info(f"Command executed: {json.dumps(log_data)}")
  File "/Library/Developer/CommandLineTools/Library/Frameworks/Python3.framework/Versions/3.9/lib/python3.9/json/__init__.py", line 231, in dumps
    return _default_encoder.encode(obj)
  File "/Library/Developer/CommandLineTools/Library/Frameworks/Python3.framework/Versions/3.9/lib/python3.9/json/encoder.py", line 199, in encode
    chunks = self.iterencode(o, _one_shot=True)
  File "/Library/Developer/CommandLineTools/Library/Frameworks/Python3.framework/Versions/3.9/lib/python3.9/json/encoder.py", line 257, in iterencode
    return _iterencode(o, 0)
  File "/Library/Developer/CommandLineTools/Library/Frameworks/Python3.framework/Versions/3.9/lib/python3.9/json/encoder.py", line 179, in default
    raise TypeError(f'Object of type {o.__class__.__name__} '
TypeError: Object of type Mock is not JSON serializable
2025-06-22 01:12:22,623 - commands - ERROR - Error in about command
Traceback (most recent call last):
  File "/Users/cjruiz/gotlockz-bot/commands.py", line 859, in about_command
    await self.logger.log_command(interaction, "about", success=True)
  File "/Users/cjruiz/gotlockz-bot/commands.py", line 326, in log_command
    logger.info(f"Command executed: {json.dumps(log_data)}")
  File "/Library/Developer/CommandLineTools/Library/Frameworks/Python3.framework/Versions/3.9/lib/python3.9/json/__init__.py", line 231, in dumps
    return _default_encoder.encode(obj)
  File "/Library/Developer/CommandLineTools/Library/Frameworks/Python3.framework/Versions/3.9/lib/python3.9/json/encoder.py", line 199, in encode
    chunks = self.iterencode(o, _one_shot=True)
  File "/Library/Developer/CommandLineTools/Library/Frameworks/Python3.framework/Versions/3.9/lib/python3.9/json/encoder.py", line 257, in iterencode
    return _iterencode(o, 0)
  File "/Library/Developer/CommandLineTools/Library/Frameworks/Python3.framework/Versions/3.9/lib/python3.9/json/encoder.py", line 179, in default
    raise TypeError(f'Object of type {o.__class__.__name__} '
TypeError: Object of type Mock is not JSON serializable
2025-06-22 01:12:22,623 - commands - ERROR - Error in about command
Traceback (most recent call last):
  File "/Users/cjruiz/gotlockz-bot/commands.py", line 859, in about_command
    await self.logger.log_command(interaction, "about", success=True)
  File "/Users/cjruiz/gotlockz-bot/commands.py", line 326, in log_command
    logger.info(f"Command executed: {json.dumps(log_data)}")
  File "/Library/Developer/CommandLineTools/Library/Frameworks/Python3.framework/Versions/3.9/lib/python3.9/json/__init__.py", line 231, in dumps
    return _default_encoder.encode(obj)
  File "/Library/Developer/CommandLineTools/Library/Frameworks/Python3.framework/Versions/3.9/lib/python3.9/json/encoder.py", line 199, in encode
    chunks = self.iterencode(o, _one_shot=True)
  File "/Library/Developer/CommandLineTools/Library/Frameworks/Python3.framework/Versions/3.9/lib/python3.9/json/encoder.py", line 257, in iterencode
    return _iterencode(o, 0)
  File "/Library/Developer/CommandLineTools/Library/Frameworks/Python3.framework/Versions/3.9/lib/python3.9/json/encoder.py", line 179, in default
    raise TypeError(f'Object of type {o.__class__.__name__} '
TypeError: Object of type Mock is not JSON serializable
2025-06-22 01:12:22,623 - commands - ERROR - Error in about command
Traceback (most recent call last):
  File "/Users/cjruiz/gotlockz-bot/commands.py", line 859, in about_command
    await self.logger.log_command(interaction, "about", success=True)
  File "/Users/cjruiz/gotlockz-bot/commands.py", line 326, in log_command
    logger.info(f"Command executed: {json.dumps(log_data)}")
  File "/Library/Developer/CommandLineTools/Library/Frameworks/Python3.framework/Versions/3.9/lib/python3.9/json/__init__.py", line 231, in dumps
    return _default_encoder.encode(obj)
  File "/Library/Developer/CommandLineTools/Library/Frameworks/Python3.framework/Versions/3.9/lib/python3.9/json/encoder.py", line 199, in encode
    chunks = self.iterencode(o, _one_shot=True)
  File "/Library/Developer/CommandLineTools/Library/Frameworks/Python3.framework/Versions/3.9/lib/python3.9/json/encoder.py", line 257, in iterencode
    return _iterencode(o, 0)
  File "/Library/Developer/CommandLineTools/Library/Frameworks/Python3.framework/Versions/3.9/lib/python3.9/json/encoder.py", line 179, in default
    raise TypeError(f'Object of type {o.__class__.__name__} '
TypeError: Object of type Mock is not JSON serializable
2025-06-22 01:12:22,623 - commands - ERROR - Error in about command
Traceback (most recent call last):
  File "/Users/cjruiz/gotlockz-bot/commands.py", line 859, in about_command
    await self.logger.log_command(interaction, "about", success=True)
  File "/Users/cjruiz/gotlockz-bot/commands.py", line 326, in log_command
    logger.info(f"Command executed: {json.dumps(log_data)}")
  File "/Library/Developer/CommandLineTools/Library/Frameworks/Python3.framework/Versions/3.9/lib/python3.9/json/__init__.py", line 231, in dumps
    return _default_encoder.encode(obj)
  File "/Library/Developer/CommandLineTools/Library/Frameworks/Python3.framework/Versions/3.9/lib/python3.9/json/encoder.py", line 199, in encode
    chunks = self.iterencode(o, _one_shot=True)
  File "/Library/Developer/CommandLineTools/Library/Frameworks/Python3.framework/Versions/3.9/lib/python3.9/json/encoder.py", line 257, in iterencode
    return _iterencode(o, 0)
  File "/Library/Developer/CommandLineTools/Library/Frameworks/Python3.framework/Versions/3.9/lib/python3.9/json/encoder.py", line 179, in default
    raise TypeError(f'Object of type {o.__class__.__name__} '
TypeError: Object of type Mock is not JSON serializable
2025-06-22 01:12:22,623 - commands - ERROR - Error in about command
Traceback (most recent call last):
  File "/Users/cjruiz/gotlockz-bot/commands.py", line 859, in about_command
    await self.logger.log_command(interaction, "about", success=True)
  File "/Users/cjruiz/gotlockz-bot/commands.py", line 326, in log_command
    logger.info(f"Command executed: {json.dumps(log_data)}")
  File "/Library/Developer/CommandLineTools/Library/Frameworks/Python3.framework/Versions/3.9/lib/python3.9/json/__init__.py", line 231, in dumps
    return _default_encoder.encode(obj)
  File "/Library/Developer/CommandLineTools/Library/Frameworks/Python3.framework/Versions/3.9/lib/python3.9/json/encoder.py", line 199, in encode
    chunks = self.iterencode(o, _one_shot=True)
  File "/Library/Developer/CommandLineTools/Library/Frameworks/Python3.framework/Versions/3.9/lib/python3.9/json/encoder.py", line 257, in iterencode
    return _iterencode(o, 0)
  File "/Library/Developer/CommandLineTools/Library/Frameworks/Python3.framework/Versions/3.9/lib/python3.9/json/encoder.py", line 179, in default
    raise TypeError(f'Object of type {o.__class__.__name__} '
TypeError: Object of type Mock is not JSON serializable
2025-06-22 01:12:22,623 - commands - ERROR - Error in about command
Traceback (most recent call last):
  File "/Users/cjruiz/gotlockz-bot/commands.py", line 859, in about_command
    await self.logger.log_command(interaction, "about", success=True)
  File "/Users/cjruiz/gotlockz-bot/commands.py", line 326, in log_command
    logger.info(f"Command executed: {json.dumps(log_data)}")
  File "/Library/Developer/CommandLineTools/Library/Frameworks/Python3.framework/Versions/3.9/lib/python3.9/json/__init__.py", line 231, in dumps
    return _default_encoder.encode(obj)
  File "/Library/Developer/CommandLineTools/Library/Frameworks/Python3.framework/Versions/3.9/lib/python3.9/json/encoder.py", line 199, in encode
    chunks = self.iterencode(o, _one_shot=True)
  File "/Library/Developer/CommandLineTools/Library/Frameworks/Python3.framework/Versions/3.9/lib/python3.9/json/encoder.py", line 257, in iterencode
    return _iterencode(o, 0)
  File "/Library/Developer/CommandLineTools/Library/Frameworks/Python3.framework/Versions/3.9/lib/python3.9/json/encoder.py", line 179, in default
    raise TypeError(f'Object of type {o.__class__.__name__} '
TypeError: Object of type Mock is not JSON serializable
2025-06-22 01:12:22,812 - commands - ERROR - Error in analysis
Traceback (most recent call last):
  File "/Users/cjruiz/gotlockz-bot/commands.py", line 1023, in analyze_command
    embed = await self._create_analysis_embed(bet_details or {}, analysis_result, validation)
  File "/Users/cjruiz/gotlockz-bot/commands.py", line 1376, in _create_analysis_embed
    analysis_text += f"**Recommendation:** {rec.get('action', 'Unknown')}\n"
AttributeError: 'str' object has no attribute 'get'
2025-06-22 01:12:22,812 - commands - ERROR - Error in analysis
Traceback (most recent call last):
  File "/Users/cjruiz/gotlockz-bot/commands.py", line 1023, in analyze_command
    embed = await self._create_analysis_embed(bet_details or {}, analysis_result, validation)
  File "/Users/cjruiz/gotlockz-bot/commands.py", line 1376, in _create_analysis_embed
    analysis_text += f"**Recommendation:** {rec.get('action', 'Unknown')}\n"
AttributeError: 'str' object has no attribute 'get'
2025-06-22 01:12:22,812 - commands - ERROR - Error in analysis
Traceback (most recent call last):
  File "/Users/cjruiz/gotlockz-bot/commands.py", line 1023, in analyze_command
    embed = await self._create_analysis_embed(bet_details or {}, analysis_result, validation)
  File "/Users/cjruiz/gotlockz-bot/commands.py", line 1376, in _create_analysis_embed
    analysis_text += f"**Recommendation:** {rec.get('action', 'Unknown')}\n"
AttributeError: 'str' object has no attribute 'get'
2025-06-22 01:12:22,812 - commands - ERROR - Error in analysis
Traceback (most recent call last):
  File "/Users/cjruiz/gotlockz-bot/commands.py", line 1023, in analyze_command
    embed = await self._create_analysis_embed(bet_details or {}, analysis_result, validation)
  File "/Users/cjruiz/gotlockz-bot/commands.py", line 1376, in _create_analysis_embed
    analysis_text += f"**Recommendation:** {rec.get('action', 'Unknown')}\n"
AttributeError: 'str' object has no attribute 'get'
2025-06-22 01:12:22,812 - commands - ERROR - Error in analysis
Traceback (most recent call last):
  File "/Users/cjruiz/gotlockz-bot/commands.py", line 1023, in analyze_command
    embed = await self._create_analysis_embed(bet_details or {}, analysis_result, validation)
  File "/Users/cjruiz/gotlockz-bot/commands.py", line 1376, in _create_analysis_embed
    analysis_text += f"**Recommendation:** {rec.get('action', 'Unknown')}\n"
AttributeError: 'str' object has no attribute 'get'
2025-06-22 01:12:22,812 - commands - ERROR - Error in analysis
Traceback (most recent call last):
  File "/Users/cjruiz/gotlockz-bot/commands.py", line 1023, in analyze_command
    embed = await self._create_analysis_embed(bet_details or {}, analysis_result, validation)
  File "/Users/cjruiz/gotlockz-bot/commands.py", line 1376, in _create_analysis_embed
    analysis_text += f"**Recommendation:** {rec.get('action', 'Unknown')}\n"
AttributeError: 'str' object has no attribute 'get'
2025-06-22 01:12:22,812 - commands - ERROR - Error in analysis
Traceback (most recent call last):
  File "/Users/cjruiz/gotlockz-bot/commands.py", line 1023, in analyze_command
    embed = await self._create_analysis_embed(bet_details or {}, analysis_result, validation)
  File "/Users/cjruiz/gotlockz-bot/commands.py", line 1376, in _create_analysis_embed
    analysis_text += f"**Recommendation:** {rec.get('action', 'Unknown')}\n"
AttributeError: 'str' object has no attribute 'get'
2025-06-22 01:12:22,812 - commands - ERROR - Error in analysis
Traceback (most recent call last):
  File "/Users/cjruiz/gotlockz-bot/commands.py", line 1023, in analyze_command
    embed = await self._create_analysis_embed(bet_details or {}, analysis_result, validation)
  File "/Users/cjruiz/gotlockz-bot/commands.py", line 1376, in _create_analysis_embed
    analysis_text += f"**Recommendation:** {rec.get('action', 'Unknown')}\n"
AttributeError: 'str' object has no attribute 'get'
2025-06-22 01:12:22,812 - commands - ERROR - Error in analysis
Traceback (most recent call last):
  File "/Users/cjruiz/gotlockz-bot/commands.py", line 1023, in analyze_command
    embed = await self._create_analysis_embed(bet_details or {}, analysis_result, validation)
  File "/Users/cjruiz/gotlockz-bot/commands.py", line 1376, in _create_analysis_embed
    analysis_text += f"**Recommendation:** {rec.get('action', 'Unknown')}\n"
AttributeError: 'str' object has no attribute 'get'
2025-06-22 01:12:22,818 - commands - ERROR - Error in analyze command
Traceback (most recent call last):
  File "/Users/cjruiz/gotlockz-bot/commands.py", line 1023, in analyze_command
    embed = await self._create_analysis_embed(bet_details or {}, analysis_result, validation)
  File "/Users/cjruiz/gotlockz-bot/commands.py", line 1376, in _create_analysis_embed
    analysis_text += f"**Recommendation:** {rec.get('action', 'Unknown')}\n"
AttributeError: 'str' object has no attribute 'get'

During handling of the above exception, another exception occurred:

Traceback (most recent call last):
  File "/Users/cjruiz/gotlockz-bot/commands.py", line 1045, in analyze_command
    await self.logger.log_command(interaction, "analyze", success=False, error=str(e))
  File "/Users/cjruiz/gotlockz-bot/commands.py", line 326, in log_command
    logger.info(f"Command executed: {json.dumps(log_data)}")
  File "/Library/Developer/CommandLineTools/Library/Frameworks/Python3.framework/Versions/3.9/lib/python3.9/json/__init__.py", line 231, in dumps
    return _default_encoder.encode(obj)
  File "/Library/Developer/CommandLineTools/Library/Frameworks/Python3.framework/Versions/3.9/lib/python3.9/json/encoder.py", line 199, in encode
    chunks = self.iterencode(o, _one_shot=True)
  File "/Library/Developer/CommandLineTools/Library/Frameworks/Python3.framework/Versions/3.9/lib/python3.9/json/encoder.py", line 257, in iterencode
    return _iterencode(o, 0)
  File "/Library/Developer/CommandLineTools/Library/Frameworks/Python3.framework/Versions/3.9/lib/python3.9/json/encoder.py", line 179, in default
    raise TypeError(f'Object of type {o.__class__.__name__} '
TypeError: Object of type Mock is not JSON serializable
2025-06-22 01:12:22,818 - commands - ERROR - Error in analyze command
Traceback (most recent call last):
  File "/Users/cjruiz/gotlockz-bot/commands.py", line 1023, in analyze_command
    embed = await self._create_analysis_embed(bet_details or {}, analysis_result, validation)
  File "/Users/cjruiz/gotlockz-bot/commands.py", line 1376, in _create_analysis_embed
    analysis_text += f"**Recommendation:** {rec.get('action', 'Unknown')}\n"
AttributeError: 'str' object has no attribute 'get'

During handling of the above exception, another exception occurred:

Traceback (most recent call last):
  File "/Users/cjruiz/gotlockz-bot/commands.py", line 1045, in analyze_command
    await self.logger.log_command(interaction, "analyze", success=False, error=str(e))
  File "/Users/cjruiz/gotlockz-bot/commands.py", line 326, in log_command
    logger.info(f"Command executed: {json.dumps(log_data)}")
  File "/Library/Developer/CommandLineTools/Library/Frameworks/Python3.framework/Versions/3.9/lib/python3.9/json/__init__.py", line 231, in dumps
    return _default_encoder.encode(obj)
  File "/Library/Developer/CommandLineTools/Library/Frameworks/Python3.framework/Versions/3.9/lib/python3.9/json/encoder.py", line 199, in encode
    chunks = self.iterencode(o, _one_shot=True)
  File "/Library/Developer/CommandLineTools/Library/Frameworks/Python3.framework/Versions/3.9/lib/python3.9/json/encoder.py", line 257, in iterencode
    return _iterencode(o, 0)
  File "/Library/Developer/CommandLineTools/Library/Frameworks/Python3.framework/Versions/3.9/lib/python3.9/json/encoder.py", line 179, in default
    raise TypeError(f'Object of type {o.__class__.__name__} '
TypeError: Object of type Mock is not JSON serializable
2025-06-22 01:12:22,818 - commands - ERROR - Error in analyze command
Traceback (most recent call last):
  File "/Users/cjruiz/gotlockz-bot/commands.py", line 1023, in analyze_command
    embed = await self._create_analysis_embed(bet_details or {}, analysis_result, validation)
  File "/Users/cjruiz/gotlockz-bot/commands.py", line 1376, in _create_analysis_embed
    analysis_text += f"**Recommendation:** {rec.get('action', 'Unknown')}\n"
AttributeError: 'str' object has no attribute 'get'

During handling of the above exception, another exception occurred:

Traceback (most recent call last):
  File "/Users/cjruiz/gotlockz-bot/commands.py", line 1045, in analyze_command
    await self.logger.log_command(interaction, "analyze", success=False, error=str(e))
  File "/Users/cjruiz/gotlockz-bot/commands.py", line 326, in log_command
    logger.info(f"Command executed: {json.dumps(log_data)}")
  File "/Library/Developer/CommandLineTools/Library/Frameworks/Python3.framework/Versions/3.9/lib/python3.9/json/__init__.py", line 231, in dumps
    return _default_encoder.encode(obj)
  File "/Library/Developer/CommandLineTools/Library/Frameworks/Python3.framework/Versions/3.9/lib/python3.9/json/encoder.py", line 199, in encode
    chunks = self.iterencode(o, _one_shot=True)
  File "/Library/Developer/CommandLineTools/Library/Frameworks/Python3.framework/Versions/3.9/lib/python3.9/json/encoder.py", line 257, in iterencode
    return _iterencode(o, 0)
  File "/Library/Developer/CommandLineTools/Library/Frameworks/Python3.framework/Versions/3.9/lib/python3.9/json/encoder.py", line 179, in default
    raise TypeError(f'Object of type {o.__class__.__name__} '
TypeError: Object of type Mock is not JSON serializable
2025-06-22 01:12:22,818 - commands - ERROR - Error in analyze command
Traceback (most recent call last):
  File "/Users/cjruiz/gotlockz-bot/commands.py", line 1023, in analyze_command
    embed = await self._create_analysis_embed(bet_details or {}, analysis_result, validation)
  File "/Users/cjruiz/gotlockz-bot/commands.py", line 1376, in _create_analysis_embed
    analysis_text += f"**Recommendation:** {rec.get('action', 'Unknown')}\n"
AttributeError: 'str' object has no attribute 'get'

During handling of the above exception, another exception occurred:

Traceback (most recent call last):
  File "/Users/cjruiz/gotlockz-bot/commands.py", line 1045, in analyze_command
    await self.logger.log_command(interaction, "analyze", success=False, error=str(e))
  File "/Users/cjruiz/gotlockz-bot/commands.py", line 326, in log_command
    logger.info(f"Command executed: {json.dumps(log_data)}")
  File "/Library/Developer/CommandLineTools/Library/Frameworks/Python3.framework/Versions/3.9/lib/python3.9/json/__init__.py", line 231, in dumps
    return _default_encoder.encode(obj)
  File "/Library/Developer/CommandLineTools/Library/Frameworks/Python3.framework/Versions/3.9/lib/python3.9/json/encoder.py", line 199, in encode
    chunks = self.iterencode(o, _one_shot=True)
  File "/Library/Developer/CommandLineTools/Library/Frameworks/Python3.framework/Versions/3.9/lib/python3.9/json/encoder.py", line 257, in iterencode
    return _iterencode(o, 0)
  File "/Library/Developer/CommandLineTools/Library/Frameworks/Python3.framework/Versions/3.9/lib/python3.9/json/encoder.py", line 179, in default
    raise TypeError(f'Object of type {o.__class__.__name__} '
TypeError: Object of type Mock is not JSON serializable
2025-06-22 01:12:22,818 - commands - ERROR - Error in analyze command
Traceback (most recent call last):
  File "/Users/cjruiz/gotlockz-bot/commands.py", line 1023, in analyze_command
    embed = await self._create_analysis_embed(bet_details or {}, analysis_result, validation)
  File "/Users/cjruiz/gotlockz-bot/commands.py", line 1376, in _create_analysis_embed
    analysis_text += f"**Recommendation:** {rec.get('action', 'Unknown')}\n"
AttributeError: 'str' object has no attribute 'get'

During handling of the above exception, another exception occurred:

Traceback (most recent call last):
  File "/Users/cjruiz/gotlockz-bot/commands.py", line 1045, in analyze_command
    await self.logger.log_command(interaction, "analyze", success=False, error=str(e))
  File "/Users/cjruiz/gotlockz-bot/commands.py", line 326, in log_command
    logger.info(f"Command executed: {json.dumps(log_data)}")
  File "/Library/Developer/CommandLineTools/Library/Frameworks/Python3.framework/Versions/3.9/lib/python3.9/json/__init__.py", line 231, in dumps
    return _default_encoder.encode(obj)
  File "/Library/Developer/CommandLineTools/Library/Frameworks/Python3.framework/Versions/3.9/lib/python3.9/json/encoder.py", line 199, in encode
    chunks = self.iterencode(o, _one_shot=True)
  File "/Library/Developer/CommandLineTools/Library/Frameworks/Python3.framework/Versions/3.9/lib/python3.9/json/encoder.py", line 257, in iterencode
    return _iterencode(o, 0)
  File "/Library/Developer/CommandLineTools/Library/Frameworks/Python3.framework/Versions/3.9/lib/python3.9/json/encoder.py", line 179, in default
    raise TypeError(f'Object of type {o.__class__.__name__} '
TypeError: Object of type Mock is not JSON serializable
2025-06-22 01:12:22,818 - commands - ERROR - Error in analyze command
Traceback (most recent call last):
  File "/Users/cjruiz/gotlockz-bot/commands.py", line 1023, in analyze_command
    embed = await self._create_analysis_embed(bet_details or {}, analysis_result, validation)
  File "/Users/cjruiz/gotlockz-bot/commands.py", line 1376, in _create_analysis_embed
    analysis_text += f"**Recommendation:** {rec.get('action', 'Unknown')}\n"
AttributeError: 'str' object has no attribute 'get'

During handling of the above exception, another exception occurred:

Traceback (most recent call last):
  File "/Users/cjruiz/gotlockz-bot/commands.py", line 1045, in analyze_command
    await self.logger.log_command(interaction, "analyze", success=False, error=str(e))
  File "/Users/cjruiz/gotlockz-bot/commands.py", line 326, in log_command
    logger.info(f"Command executed: {json.dumps(log_data)}")
  File "/Library/Developer/CommandLineTools/Library/Frameworks/Python3.framework/Versions/3.9/lib/python3.9/json/__init__.py", line 231, in dumps
    return _default_encoder.encode(obj)
  File "/Library/Developer/CommandLineTools/Library/Frameworks/Python3.framework/Versions/3.9/lib/python3.9/json/encoder.py", line 199, in encode
    chunks = self.iterencode(o, _one_shot=True)
  File "/Library/Developer/CommandLineTools/Library/Frameworks/Python3.framework/Versions/3.9/lib/python3.9/json/encoder.py", line 257, in iterencode
    return _iterencode(o, 0)
  File "/Library/Developer/CommandLineTools/Library/Frameworks/Python3.framework/Versions/3.9/lib/python3.9/json/encoder.py", line 179, in default
    raise TypeError(f'Object of type {o.__class__.__name__} '
TypeError: Object of type Mock is not JSON serializable
2025-06-22 01:12:22,818 - commands - ERROR - Error in analyze command
Traceback (most recent call last):
  File "/Users/cjruiz/gotlockz-bot/commands.py", line 1023, in analyze_command
    embed = await self._create_analysis_embed(bet_details or {}, analysis_result, validation)
  File "/Users/cjruiz/gotlockz-bot/commands.py", line 1376, in _create_analysis_embed
    analysis_text += f"**Recommendation:** {rec.get('action', 'Unknown')}\n"
AttributeError: 'str' object has no attribute 'get'

During handling of the above exception, another exception occurred:

Traceback (most recent call last):
  File "/Users/cjruiz/gotlockz-bot/commands.py", line 1045, in analyze_command
    await self.logger.log_command(interaction, "analyze", success=False, error=str(e))
  File "/Users/cjruiz/gotlockz-bot/commands.py", line 326, in log_command
    logger.info(f"Command executed: {json.dumps(log_data)}")
  File "/Library/Developer/CommandLineTools/Library/Frameworks/Python3.framework/Versions/3.9/lib/python3.9/json/__init__.py", line 231, in dumps
    return _default_encoder.encode(obj)
  File "/Library/Developer/CommandLineTools/Library/Frameworks/Python3.framework/Versions/3.9/lib/python3.9/json/encoder.py", line 199, in encode
    chunks = self.iterencode(o, _one_shot=True)
  File "/Library/Developer/CommandLineTools/Library/Frameworks/Python3.framework/Versions/3.9/lib/python3.9/json/encoder.py", line 257, in iterencode
    return _iterencode(o, 0)
  File "/Library/Developer/CommandLineTools/Library/Frameworks/Python3.framework/Versions/3.9/lib/python3.9/json/encoder.py", line 179, in default
    raise TypeError(f'Object of type {o.__class__.__name__} '
TypeError: Object of type Mock is not JSON serializable
2025-06-22 01:12:22,818 - commands - ERROR - Error in analyze command
Traceback (most recent call last):
  File "/Users/cjruiz/gotlockz-bot/commands.py", line 1023, in analyze_command
    embed = await self._create_analysis_embed(bet_details or {}, analysis_result, validation)
  File "/Users/cjruiz/gotlockz-bot/commands.py", line 1376, in _create_analysis_embed
    analysis_text += f"**Recommendation:** {rec.get('action', 'Unknown')}\n"
AttributeError: 'str' object has no attribute 'get'

During handling of the above exception, another exception occurred:

Traceback (most recent call last):
  File "/Users/cjruiz/gotlockz-bot/commands.py", line 1045, in analyze_command
    await self.logger.log_command(interaction, "analyze", success=False, error=str(e))
  File "/Users/cjruiz/gotlockz-bot/commands.py", line 326, in log_command
    logger.info(f"Command executed: {json.dumps(log_data)}")
  File "/Library/Developer/CommandLineTools/Library/Frameworks/Python3.framework/Versions/3.9/lib/python3.9/json/__init__.py", line 231, in dumps
    return _default_encoder.encode(obj)
  File "/Library/Developer/CommandLineTools/Library/Frameworks/Python3.framework/Versions/3.9/lib/python3.9/json/encoder.py", line 199, in encode
    chunks = self.iterencode(o, _one_shot=True)
  File "/Library/Developer/CommandLineTools/Library/Frameworks/Python3.framework/Versions/3.9/lib/python3.9/json/encoder.py", line 257, in iterencode
    return _iterencode(o, 0)
  File "/Library/Developer/CommandLineTools/Library/Frameworks/Python3.framework/Versions/3.9/lib/python3.9/json/encoder.py", line 179, in default
    raise TypeError(f'Object of type {o.__class__.__name__} '
TypeError: Object of type Mock is not JSON serializable
2025-06-22 01:12:22,818 - commands - ERROR - Error in analyze command
Traceback (most recent call last):
  File "/Users/cjruiz/gotlockz-bot/commands.py", line 1023, in analyze_command
    embed = await self._create_analysis_embed(bet_details or {}, analysis_result, validation)
  File "/Users/cjruiz/gotlockz-bot/commands.py", line 1376, in _create_analysis_embed
    analysis_text += f"**Recommendation:** {rec.get('action', 'Unknown')}\n"
AttributeError: 'str' object has no attribute 'get'

During handling of the above exception, another exception occurred:

Traceback (most recent call last):
  File "/Users/cjruiz/gotlockz-bot/commands.py", line 1045, in analyze_command
    await self.logger.log_command(interaction, "analyze", success=False, error=str(e))
  File "/Users/cjruiz/gotlockz-bot/commands.py", line 326, in log_command
    logger.info(f"Command executed: {json.dumps(log_data)}")
  File "/Library/Developer/CommandLineTools/Library/Frameworks/Python3.framework/Versions/3.9/lib/python3.9/json/__init__.py", line 231, in dumps
    return _default_encoder.encode(obj)
  File "/Library/Developer/CommandLineTools/Library/Frameworks/Python3.framework/Versions/3.9/lib/python3.9/json/encoder.py", line 199, in encode
    chunks = self.iterencode(o, _one_shot=True)
  File "/Library/Developer/CommandLineTools/Library/Frameworks/Python3.framework/Versions/3.9/lib/python3.9/json/encoder.py", line 257, in iterencode
    return _iterencode(o, 0)
  File "/Library/Developer/CommandLineTools/Library/Frameworks/Python3.framework/Versions/3.9/lib/python3.9/json/encoder.py", line 179, in default
    raise TypeError(f'Object of type {o.__class__.__name__} '
TypeError: Object of type Mock is not JSON serializable
2025-06-22 01:12:23,034 - commands - ERROR - Error in analyze command
Traceback (most recent call last):
  File "/Users/cjruiz/gotlockz-bot/commands.py", line 998, in analyze_command
    await self.logger.log_command(interaction, "analyze", success=False, error="Invalid image file")
  File "/Users/cjruiz/gotlockz-bot/commands.py", line 326, in log_command
    logger.info(f"Command executed: {json.dumps(log_data)}")
  File "/Library/Developer/CommandLineTools/Library/Frameworks/Python3.framework/Versions/3.9/lib/python3.9/json/__init__.py", line 231, in dumps
    return _default_encoder.encode(obj)
  File "/Library/Developer/CommandLineTools/Library/Frameworks/Python3.framework/Versions/3.9/lib/python3.9/json/encoder.py", line 199, in encode
    chunks = self.iterencode(o, _one_shot=True)
  File "/Library/Developer/CommandLineTools/Library/Frameworks/Python3.framework/Versions/3.9/lib/python3.9/json/encoder.py", line 257, in iterencode
    return _iterencode(o, 0)
  File "/Library/Developer/CommandLineTools/Library/Frameworks/Python3.framework/Versions/3.9/lib/python3.9/json/encoder.py", line 179, in default
    raise TypeError(f'Object of type {o.__class__.__name__} '
TypeError: Object of type Mock is not JSON serializable
2025-06-22 01:12:23,034 - commands - ERROR - Error in analyze command
Traceback (most recent call last):
  File "/Users/cjruiz/gotlockz-bot/commands.py", line 998, in analyze_command
    await self.logger.log_command(interaction, "analyze", success=False, error="Invalid image file")
  File "/Users/cjruiz/gotlockz-bot/commands.py", line 326, in log_command
    logger.info(f"Command executed: {json.dumps(log_data)}")
  File "/Library/Developer/CommandLineTools/Library/Frameworks/Python3.framework/Versions/3.9/lib/python3.9/json/__init__.py", line 231, in dumps
    return _default_encoder.encode(obj)
  File "/Library/Developer/CommandLineTools/Library/Frameworks/Python3.framework/Versions/3.9/lib/python3.9/json/encoder.py", line 199, in encode
    chunks = self.iterencode(o, _one_shot=True)
  File "/Library/Developer/CommandLineTools/Library/Frameworks/Python3.framework/Versions/3.9/lib/python3.9/json/encoder.py", line 257, in iterencode
    return _iterencode(o, 0)
  File "/Library/Developer/CommandLineTools/Library/Frameworks/Python3.framework/Versions/3.9/lib/python3.9/json/encoder.py", line 179, in default
    raise TypeError(f'Object of type {o.__class__.__name__} '
TypeError: Object of type Mock is not JSON serializable
2025-06-22 01:12:23,034 - commands - ERROR - Error in analyze command
Traceback (most recent call last):
  File "/Users/cjruiz/gotlockz-bot/commands.py", line 998, in analyze_command
    await self.logger.log_command(interaction, "analyze", success=False, error="Invalid image file")
  File "/Users/cjruiz/gotlockz-bot/commands.py", line 326, in log_command
    logger.info(f"Command executed: {json.dumps(log_data)}")
  File "/Library/Developer/CommandLineTools/Library/Frameworks/Python3.framework/Versions/3.9/lib/python3.9/json/__init__.py", line 231, in dumps
    return _default_encoder.encode(obj)
  File "/Library/Developer/CommandLineTools/Library/Frameworks/Python3.framework/Versions/3.9/lib/python3.9/json/encoder.py", line 199, in encode
    chunks = self.iterencode(o, _one_shot=True)
  File "/Library/Developer/CommandLineTools/Library/Frameworks/Python3.framework/Versions/3.9/lib/python3.9/json/encoder.py", line 257, in iterencode
    return _iterencode(o, 0)
  File "/Library/Developer/CommandLineTools/Library/Frameworks/Python3.framework/Versions/3.9/lib/python3.9/json/encoder.py", line 179, in default
    raise TypeError(f'Object of type {o.__class__.__name__} '
TypeError: Object of type Mock is not JSON serializable
2025-06-22 01:12:23,034 - commands - ERROR - Error in analyze command
Traceback (most recent call last):
  File "/Users/cjruiz/gotlockz-bot/commands.py", line 998, in analyze_command
    await self.logger.log_command(interaction, "analyze", success=False, error="Invalid image file")
  File "/Users/cjruiz/gotlockz-bot/commands.py", line 326, in log_command
    logger.info(f"Command executed: {json.dumps(log_data)}")
  File "/Library/Developer/CommandLineTools/Library/Frameworks/Python3.framework/Versions/3.9/lib/python3.9/json/__init__.py", line 231, in dumps
    return _default_encoder.encode(obj)
  File "/Library/Developer/CommandLineTools/Library/Frameworks/Python3.framework/Versions/3.9/lib/python3.9/json/encoder.py", line 199, in encode
    chunks = self.iterencode(o, _one_shot=True)
  File "/Library/Developer/CommandLineTools/Library/Frameworks/Python3.framework/Versions/3.9/lib/python3.9/json/encoder.py", line 257, in iterencode
    return _iterencode(o, 0)
  File "/Library/Developer/CommandLineTools/Library/Frameworks/Python3.framework/Versions/3.9/lib/python3.9/json/encoder.py", line 179, in default
    raise TypeError(f'Object of type {o.__class__.__name__} '
TypeError: Object of type Mock is not JSON serializable
2025-06-22 01:12:23,034 - commands - ERROR - Error in analyze command
Traceback (most recent call last):
  File "/Users/cjruiz/gotlockz-bot/commands.py", line 998, in analyze_command
    await self.logger.log_command(interaction, "analyze", success=False, error="Invalid image file")
  File "/Users/cjruiz/gotlockz-bot/commands.py", line 326, in log_command
    logger.info(f"Command executed: {json.dumps(log_data)}")
  File "/Library/Developer/CommandLineTools/Library/Frameworks/Python3.framework/Versions/3.9/lib/python3.9/json/__init__.py", line 231, in dumps
    return _default_encoder.encode(obj)
  File "/Library/Developer/CommandLineTools/Library/Frameworks/Python3.framework/Versions/3.9/lib/python3.9/json/encoder.py", line 199, in encode
    chunks = self.iterencode(o, _one_shot=True)
  File "/Library/Developer/CommandLineTools/Library/Frameworks/Python3.framework/Versions/3.9/lib/python3.9/json/encoder.py", line 257, in iterencode
    return _iterencode(o, 0)
  File "/Library/Developer/CommandLineTools/Library/Frameworks/Python3.framework/Versions/3.9/lib/python3.9/json/encoder.py", line 179, in default
    raise TypeError(f'Object of type {o.__class__.__name__} '
TypeError: Object of type Mock is not JSON serializable
2025-06-22 01:12:23,034 - commands - ERROR - Error in analyze command
Traceback (most recent call last):
  File "/Users/cjruiz/gotlockz-bot/commands.py", line 998, in analyze_command
    await self.logger.log_command(interaction, "analyze", success=False, error="Invalid image file")
  File "/Users/cjruiz/gotlockz-bot/commands.py", line 326, in log_command
    logger.info(f"Command executed: {json.dumps(log_data)}")
  File "/Library/Developer/CommandLineTools/Library/Frameworks/Python3.framework/Versions/3.9/lib/python3.9/json/__init__.py", line 231, in dumps
    return _default_encoder.encode(obj)
  File "/Library/Developer/CommandLineTools/Library/Frameworks/Python3.framework/Versions/3.9/lib/python3.9/json/encoder.py", line 199, in encode
    chunks = self.iterencode(o, _one_shot=True)
  File "/Library/Developer/CommandLineTools/Library/Frameworks/Python3.framework/Versions/3.9/lib/python3.9/json/encoder.py", line 257, in iterencode
    return _iterencode(o, 0)
  File "/Library/Developer/CommandLineTools/Library/Frameworks/Python3.framework/Versions/3.9/lib/python3.9/json/encoder.py", line 179, in default
    raise TypeError(f'Object of type {o.__class__.__name__} '
TypeError: Object of type Mock is not JSON serializable
2025-06-22 01:12:23,034 - commands - ERROR - Error in analyze command
Traceback (most recent call last):
  File "/Users/cjruiz/gotlockz-bot/commands.py", line 998, in analyze_command
    await self.logger.log_command(interaction, "analyze", success=False, error="Invalid image file")
  File "/Users/cjruiz/gotlockz-bot/commands.py", line 326, in log_command
    logger.info(f"Command executed: {json.dumps(log_data)}")
  File "/Library/Developer/CommandLineTools/Library/Frameworks/Python3.framework/Versions/3.9/lib/python3.9/json/__init__.py", line 231, in dumps
    return _default_encoder.encode(obj)
  File "/Library/Developer/CommandLineTools/Library/Frameworks/Python3.framework/Versions/3.9/lib/python3.9/json/encoder.py", line 199, in encode
    chunks = self.iterencode(o, _one_shot=True)
  File "/Library/Developer/CommandLineTools/Library/Frameworks/Python3.framework/Versions/3.9/lib/python3.9/json/encoder.py", line 257, in iterencode
    return _iterencode(o, 0)
  File "/Library/Developer/CommandLineTools/Library/Frameworks/Python3.framework/Versions/3.9/lib/python3.9/json/encoder.py", line 179, in default
    raise TypeError(f'Object of type {o.__class__.__name__} '
TypeError: Object of type Mock is not JSON serializable
2025-06-22 01:12:23,034 - commands - ERROR - Error in analyze command
Traceback (most recent call last):
  File "/Users/cjruiz/gotlockz-bot/commands.py", line 998, in analyze_command
    await self.logger.log_command(interaction, "analyze", success=False, error="Invalid image file")
  File "/Users/cjruiz/gotlockz-bot/commands.py", line 326, in log_command
    logger.info(f"Command executed: {json.dumps(log_data)}")
  File "/Library/Developer/CommandLineTools/Library/Frameworks/Python3.framework/Versions/3.9/lib/python3.9/json/__init__.py", line 231, in dumps
    return _default_encoder.encode(obj)
  File "/Library/Developer/CommandLineTools/Library/Frameworks/Python3.framework/Versions/3.9/lib/python3.9/json/encoder.py", line 199, in encode
    chunks = self.iterencode(o, _one_shot=True)
  File "/Library/Developer/CommandLineTools/Library/Frameworks/Python3.framework/Versions/3.9/lib/python3.9/json/encoder.py", line 257, in iterencode
    return _iterencode(o, 0)
  File "/Library/Developer/CommandLineTools/Library/Frameworks/Python3.framework/Versions/3.9/lib/python3.9/json/encoder.py", line 179, in default
    raise TypeError(f'Object of type {o.__class__.__name__} '
TypeError: Object of type Mock is not JSON serializable
2025-06-22 01:12:23,034 - commands - ERROR - Error in analyze command
Traceback (most recent call last):
  File "/Users/cjruiz/gotlockz-bot/commands.py", line 998, in analyze_command
    await self.logger.log_command(interaction, "analyze", success=False, error="Invalid image file")
  File "/Users/cjruiz/gotlockz-bot/commands.py", line 326, in log_command
    logger.info(f"Command executed: {json.dumps(log_data)}")
  File "/Library/Developer/CommandLineTools/Library/Frameworks/Python3.framework/Versions/3.9/lib/python3.9/json/__init__.py", line 231, in dumps
    return _default_encoder.encode(obj)
  File "/Library/Developer/CommandLineTools/Library/Frameworks/Python3.framework/Versions/3.9/lib/python3.9/json/encoder.py", line 199, in encode
    chunks = self.iterencode(o, _one_shot=True)
  File "/Library/Developer/CommandLineTools/Library/Frameworks/Python3.framework/Versions/3.9/lib/python3.9/json/encoder.py", line 257, in iterencode
    return _iterencode(o, 0)
  File "/Library/Developer/CommandLineTools/Library/Frameworks/Python3.framework/Versions/3.9/lib/python3.9/json/encoder.py", line 179, in default
    raise TypeError(f'Object of type {o.__class__.__name__} '
TypeError: Object of type Mock is not JSON serializable
2025-06-22 01:12:23,034 - commands - ERROR - Error in analyze command
Traceback (most recent call last):
  File "/Users/cjruiz/gotlockz-bot/commands.py", line 998, in analyze_command
    await self.logger.log_command(interaction, "analyze", success=False, error="Invalid image file")
  File "/Users/cjruiz/gotlockz-bot/commands.py", line 326, in log_command
    logger.info(f"Command executed: {json.dumps(log_data)}")
  File "/Library/Developer/CommandLineTools/Library/Frameworks/Python3.framework/Versions/3.9/lib/python3.9/json/__init__.py", line 231, in dumps
    return _default_encoder.encode(obj)
  File "/Library/Developer/CommandLineTools/Library/Frameworks/Python3.framework/Versions/3.9/lib/python3.9/json/encoder.py", line 199, in encode
    chunks = self.iterencode(o, _one_shot=True)
  File "/Library/Developer/CommandLineTools/Library/Frameworks/Python3.framework/Versions/3.9/lib/python3.9/json/encoder.py", line 257, in iterencode
    return _iterencode(o, 0)
  File "/Library/Developer/CommandLineTools/Library/Frameworks/Python3.framework/Versions/3.9/lib/python3.9/json/encoder.py", line 179, in default
    raise TypeError(f'Object of type {o.__class__.__name__} '
TypeError: Object of type Mock is not JSON serializable
2025-06-22 01:13:15,183 - commands - ERROR - Failed to log to Discord channel: object Mock can't be used in 'await' expression
2025-06-22 01:13:15,183 - commands - ERROR - Failed to log to Discord channel: object Mock can't be used in 'await' expression
2025-06-22 01:13:15,183 - commands - ERROR - Failed to log to Discord channel: object Mock can't be used in 'await' expression
2025-06-22 01:13:15,203 - commands - ERROR - Failed to log to Discord channel: object Mock can't be used in 'await' expression
2025-06-22 01:13:15,203 - commands - ERROR - Failed to log to Discord channel: object Mock can't be used in 'await' expression
2025-06-22 01:13:15,203 - commands - ERROR - Failed to log to Discord channel: object Mock can't be used in 'await' expression
2025-06-22 01:13:15,203 - commands - ERROR - Failed to log to Discord channel: object Mock can't be used in 'await' expression
2025-06-22 01:13:15,215 - commands - ERROR - Failed to log to Discord channel: object Mock can't be used in 'await' expression
2025-06-22 01:13:15,215 - commands - ERROR - Failed to log to Discord channel: object Mock can't be used in 'await' expression
2025-06-22 01:13:15,215 - commands - ERROR - Failed to log to Discord channel: object Mock can't be used in 'await' expression
2025-06-22 01:13:15,215 - commands - ERROR - Failed to log to Discord channel: object Mock can't be used in 'await' expression
2025-06-22 01:13:15,215 - commands - ERROR - Failed to log to Discord channel: object Mock can't be used in 'await' expression
2025-06-22 01:13:15,230 - commands - ERROR - Failed to log to Discord channel: object Mock can't be used in 'await' expression
2025-06-22 01:13:15,230 - commands - ERROR - Failed to log to Discord channel: object Mock can't be used in 'await' expression
2025-06-22 01:13:15,230 - commands - ERROR - Failed to log to Discord channel: object Mock can't be used in 'await' expression
2025-06-22 01:13:15,230 - commands - ERROR - Failed to log to Discord channel: object Mock can't be used in 'await' expression
2025-06-22 01:13:15,230 - commands - ERROR - Failed to log to Discord channel: object Mock can't be used in 'await' expression
2025-06-22 01:13:15,230 - commands - ERROR - Failed to log to Discord channel: object Mock can't be used in 'await' expression
2025-06-22 01:17:32,274 - commands - ERROR - Failed to log to Discord channel: object Mock can't be used in 'await' expression
2025-06-22 01:17:32,274 - commands - ERROR - Failed to log to Discord channel: object Mock can't be used in 'await' expression
2025-06-22 01:17:32,274 - commands - ERROR - Failed to log to Discord channel: object Mock can't be used in 'await' expression
2025-06-22 01:17:32,296 - commands - ERROR - Failed to log to Discord channel: object Mock can't be used in 'await' expression
2025-06-22 01:17:32,296 - commands - ERROR - Failed to log to Discord channel: object Mock can't be used in 'await' expression
2025-06-22 01:17:32,296 - commands - ERROR - Failed to log to Discord channel: object Mock can't be used in 'await' expression
2025-06-22 01:17:32,296 - commands - ERROR - Failed to log to Discord channel: object Mock can't be used in 'await' expression
2025-06-22 01:17:32,310 - commands - ERROR - Failed to log to Discord channel: object Mock can't be used in 'await' expression
2025-06-22 01:17:32,310 - commands - ERROR - Failed to log to Discord channel: object Mock can't be used in 'await' expression
2025-06-22 01:17:32,310 - commands - ERROR - Failed to log to Discord channel: object Mock can't be used in 'await' expression
2025-06-22 01:17:32,310 - commands - ERROR - Failed to log to Discord channel: object Mock can't be used in 'await' expression
2025-06-22 01:17:32,310 - commands - ERROR - Failed to log to Discord channel: object Mock can't be used in 'await' expression
2025-06-22 01:17:32,325 - commands - ERROR - Failed to log to Discord channel: object Mock can't be used in 'await' expression
2025-06-22 01:17:32,325 - commands - ERROR - Failed to log to Discord channel: object Mock can't be used in 'await' expression
2025-06-22 01:17:32,325 - commands - ERROR - Failed to log to Discord channel: object Mock can't be used in 'await' expression
2025-06-22 01:17:32,325 - commands - ERROR - Failed to log to Discord channel: object Mock can't be used in 'await' expression
2025-06-22 01:17:32,325 - commands - ERROR - Failed to log to Discord channel: object Mock can't be used in 'await' expression
2025-06-22 01:17:32,325 - commands - ERROR - Failed to log to Discord channel: object Mock can't be used in 'await' expression
2025-06-22 01:18:00,923 - commands - ERROR - Failed to log to Discord channel: object Mock can't be used in 'await' expression
2025-06-22 01:18:00,923 - commands - ERROR - Failed to log to Discord channel: object Mock can't be used in 'await' expression
2025-06-22 01:18:00,923 - commands - ERROR - Failed to log to Discord channel: object Mock can't be used in 'await' expression
2025-06-22 01:18:00,940 - commands - ERROR - Failed to log to Discord channel: object Mock can't be used in 'await' expression
2025-06-22 01:18:00,940 - commands - ERROR - Failed to log to Discord channel: object Mock can't be used in 'await' expression
2025-06-22 01:18:00,940 - commands - ERROR - Failed to log to Discord channel: object Mock can't be used in 'await' expression
2025-06-22 01:18:00,940 - commands - ERROR - Failed to log to Discord channel: object Mock can't be used in 'await' expression
2025-06-22 01:18:00,957 - commands - ERROR - Failed to log to Discord channel: object Mock can't be used in 'await' expression
2025-06-22 01:18:00,957 - commands - ERROR - Failed to log to Discord channel: object Mock can't be used in 'await' expression
2025-06-22 01:18:00,957 - commands - ERROR - Failed to log to Discord channel: object Mock can't be used in 'await' expression
2025-06-22 01:18:00,957 - commands - ERROR - Failed to log to Discord channel: object Mock can't be used in 'await' expression
2025-06-22 01:18:00,957 - commands - ERROR - Failed to log to Discord channel: object Mock can't be used in 'await' expression
2025-06-22 01:18:00,972 - commands - ERROR - Failed to log to Discord channel: object Mock can't be used in 'await' expression
2025-06-22 01:18:00,972 - commands - ERROR - Failed to log to Discord channel: object Mock can't be used in 'await' expression
2025-06-22 01:18:00,972 - commands - ERROR - Failed to log to Discord channel: object Mock can't be used in 'await' expression
2025-06-22 01:18:00,972 - commands - ERROR - Failed to log to Discord channel: object Mock can't be used in 'await' expression
2025-06-22 01:18:00,972 - commands - ERROR - Failed to log to Discord channel: object Mock can't be used in 'await' expression
2025-06-22 01:18:00,972 - commands - ERROR - Failed to log to Discord channel: object Mock can't be used in 'await' expression
2025-06-22 01:19:17,453 - commands - ERROR - Failed to log to Discord channel: object Mock can't be used in 'await' expression
2025-06-22 01:19:25,552 - commands - ERROR - Failed to log to Discord channel: object Mock can't be used in 'await' expression
2025-06-22 01:19:25,552 - commands - ERROR - Failed to log to Discord channel: object Mock can't be used in 'await' expression
2025-06-22 01:19:25,552 - commands - ERROR - Failed to log to Discord channel: object Mock can't be used in 'await' expression
2025-06-22 01:19:25,565 - commands - ERROR - Failed to log to Discord channel: object Mock can't be used in 'await' expression
2025-06-22 01:19:25,565 - commands - ERROR - Failed to log to Discord channel: object Mock can't be used in 'await' expression
2025-06-22 01:19:25,565 - commands - ERROR - Failed to log to Discord channel: object Mock can't be used in 'await' expression
2025-06-22 01:19:25,565 - commands - ERROR - Failed to log to Discord channel: object Mock can't be used in 'await' expression
2025-06-22 01:19:54,530 - commands - ERROR - Failed to log to Discord channel: object Mock can't be used in 'await' expression
2025-06-22 01:19:54,530 - commands - ERROR - Failed to log to Discord channel: object Mock can't be used in 'await' expression
2025-06-22 01:19:54,530 - commands - ERROR - Failed to log to Discord channel: object Mock can't be used in 'await' expression
2025-06-22 01:19:54,543 - commands - ERROR - Failed to log to Discord channel: object Mock can't be used in 'await' expression
2025-06-22 01:19:54,543 - commands - ERROR - Failed to log to Discord channel: object Mock can't be used in 'await' expression
2025-06-22 01:19:54,543 - commands - ERROR - Failed to log to Discord channel: object Mock can't be used in 'await' expression
2025-06-22 01:19:54,543 - commands - ERROR - Failed to log to Discord channel: object Mock can't be used in 'await' expression
2025-06-22 01:20:26,717 - commands - ERROR - Failed to log to Discord channel: object Mock can't be used in 'await' expression
2025-06-22 01:20:26,717 - commands - ERROR - Failed to log to Discord channel: object Mock can't be used in 'await' expression
2025-06-22 01:20:26,717 - commands - ERROR - Failed to log to Discord channel: object Mock can't be used in 'await' expression
2025-06-22 01:20:26,733 - commands - ERROR - Failed to log to Discord channel: object Mock can't be used in 'await' expression
2025-06-22 01:20:26,733 - commands - ERROR - Failed to log to Discord channel: object Mock can't be used in 'await' expression
2025-06-22 01:20:26,733 - commands - ERROR - Failed to log to Discord channel: object Mock can't be used in 'await' expression
2025-06-22 01:20:26,733 - commands - ERROR - Failed to log to Discord channel: object Mock can't be used in 'await' expression
2025-06-22 01:20:26,748 - commands - ERROR - Failed to log to Discord channel: object Mock can't be used in 'await' expression
2025-06-22 01:20:26,748 - commands - ERROR - Failed to log to Discord channel: object Mock can't be used in 'await' expression
2025-06-22 01:20:26,748 - commands - ERROR - Failed to log to Discord channel: object Mock can't be used in 'await' expression
2025-06-22 01:20:26,748 - commands - ERROR - Failed to log to Discord channel: object Mock can't be used in 'await' expression
2025-06-22 01:20:26,748 - commands - ERROR - Failed to log to Discord channel: object Mock can't be used in 'await' expression
2025-06-22 01:20:26,762 - commands - ERROR - Failed to log to Discord channel: object Mock can't be used in 'await' expression
2025-06-22 01:20:26,762 - commands - ERROR - Failed to log to Discord channel: object Mock can't be used in 'await' expression
2025-06-22 01:20:26,762 - commands - ERROR - Failed to log to Discord channel: object Mock can't be used in 'await' expression
2025-06-22 01:20:26,762 - commands - ERROR - Failed to log to Discord channel: object Mock can't be used in 'await' expression
2025-06-22 01:20:26,762 - commands - ERROR - Failed to log to Discord channel: object Mock can't be used in 'await' expression
2025-06-22 01:20:26,762 - commands - ERROR - Failed to log to Discord channel: object Mock can't be used in 'await' expression
2025-06-22 01:20:26,805 - commands - ERROR - Failed to log to Discord channel: object Mock can't be used in 'await' expression
2025-06-22 01:20:26,805 - commands - ERROR - Failed to log to Discord channel: object Mock can't be used in 'await' expression
2025-06-22 01:20:26,805 - commands - ERROR - Failed to log to Discord channel: object Mock can't be used in 'await' expression
2025-06-22 01:20:26,805 - commands - ERROR - Failed to log to Discord channel: object Mock can't be used in 'await' expression
2025-06-22 01:20:26,805 - commands - ERROR - Failed to log to Discord channel: object Mock can't be used in 'await' expression
2025-06-22 01:20:26,805 - commands - ERROR - Failed to log to Discord channel: object Mock can't be used in 'await' expression
2025-06-22 01:20:26,805 - commands - ERROR - Failed to log to Discord channel: object Mock can't be used in 'await' expression
2025-06-22 01:20:26,805 - commands - ERROR - Failed to log to Discord channel: object Mock can't be used in 'await' expression
2025-06-22 01:20:26,805 - commands - ERROR - Failed to log to Discord channel: object Mock can't be used in 'await' expression
2025-06-22 01:20:26,819 - commands - ERROR - Failed to log to Discord channel: object Mock can't be used in 'await' expression
2025-06-22 01:20:26,819 - commands - ERROR - Failed to log to Discord channel: object Mock can't be used in 'await' expression
2025-06-22 01:20:26,819 - commands - ERROR - Failed to log to Discord channel: object Mock can't be used in 'await' expression
2025-06-22 01:20:26,819 - commands - ERROR - Failed to log to Discord channel: object Mock can't be used in 'await' expression
2025-06-22 01:20:26,819 - commands - ERROR - Failed to log to Discord channel: object Mock can't be used in 'await' expression
2025-06-22 01:20:26,819 - commands - ERROR - Failed to log to Discord channel: object Mock can't be used in 'await' expression
2025-06-22 01:20:26,819 - commands - ERROR - Failed to log to Discord channel: object Mock can't be used in 'await' expression
2025-06-22 01:20:26,819 - commands - ERROR - Failed to log to Discord channel: object Mock can't be used in 'await' expression
2025-06-22 01:20:26,819 - commands - ERROR - Failed to log to Discord channel: object Mock can't be used in 'await' expression
2025-06-22 01:20:26,819 - commands - ERROR - Failed to log to Discord channel: object Mock can't be used in 'await' expression
