{"/Users/cjruiz/gotlockz-bot/src/commands/admin.ts": {"path":"/Users/cjruiz/gotlockz-bot/src/commands/admin.ts","statementMap":{"0":{"start":{"line":28,"column":0},"end":{"line":28,"column":7}},"1":{"start":{"line":8,"column":0},"end":{"line":8,"column":100}},"2":{"start":{"line":9,"column":0},"end":{"line":9,"column":37}},"3":{"start":{"line":11,"column":13},"end":{"line":26,"column":4}},"4":{"start":{"line":15,"column":4},"end":{"line":20,"column":null}},"5":{"start":{"line":18,"column":8},"end":{"line":20,"column":28}},"6":{"start":{"line":24,"column":4},"end":{"line":25,"column":52}},"7":{"start":{"line":29,"column":14},"end":{"line":29,"column":49}},"8":{"start":{"line":30,"column":2},"end":{"line":48,"column":3}},"9":{"start":{"line":31,"column":19},"end":{"line":31,"column":65}},"10":{"start":{"line":32,"column":4},"end":{"line":34,"column":5}},"11":{"start":{"line":33,"column":6},"end":{"line":33,"column":103}},"12":{"start":{"line":36,"column":4},"end":{"line":36,"column":55}},"13":{"start":{"line":37,"column":4},"end":{"line":37,"column":90}},"14":{"start":{"line":38,"column":9},"end":{"line":48,"column":3}},"15":{"start":{"line":39,"column":19},"end":{"line":39,"column":72}},"16":{"start":{"line":40,"column":18},"end":{"line":46,"column":21}},"17":{"start":{"line":47,"column":4},"end":{"line":47,"column":67}},"18":{"start":{"line":49,"column":2},"end":{"line":49,"column":9}}},"fnMap":{"0":{"name":"(anonymous_1)","decl":{"start":{"line":14,"column":17},"end":{"line":14,"column":20}},"loc":{"start":{"line":15,"column":4},"end":{"line":20,"column":null}}},"1":{"name":"(anonymous_2)","decl":{"start":{"line":17,"column":24},"end":{"line":17,"column":27}},"loc":{"start":{"line":18,"column":8},"end":{"line":20,"column":28}}},"2":{"name":"(anonymous_3)","decl":{"start":{"line":23,"column":17},"end":{"line":23,"column":20}},"loc":{"start":{"line":24,"column":4},"end":{"line":25,"column":52}}},"3":{"name":"execute","decl":{"start":{"line":28,"column":22},"end":{"line":28,"column":29}},"loc":{"start":{"line":28,"column":87},"end":{"line":50,"column":1}}}},"branchMap":{"0":{"loc":{"start":{"line":30,"column":2},"end":{"line":48,"column":3}},"type":"if","locations":[{"start":{"line":30,"column":2},"end":{"line":48,"column":3}},{"start":{"line":38,"column":9},"end":{"line":48,"column":3}}]},"1":{"loc":{"start":{"line":32,"column":4},"end":{"line":34,"column":5}},"type":"if","locations":[{"start":{"line":32,"column":4},"end":{"line":34,"column":5}}]},"2":{"loc":{"start":{"line":32,"column":8},"end":{"line":32,"column":70}},"type":"binary-expr","locations":[{"start":{"line":32,"column":8},"end":{"line":32,"column":28}},{"start":{"line":32,"column":32},"end":{"line":32,"column":70}}]},"3":{"loc":{"start":{"line":38,"column":9},"end":{"line":48,"column":3}},"type":"if","locations":[{"start":{"line":38,"column":9},"end":{"line":48,"column":3}}]},"4":{"loc":{"start":{"line":39,"column":19},"end":{"line":39,"column":72}},"type":"cond-expr","locations":[{"start":{"line":39,"column":36},"end":{"line":39,"column":68}},{"start":{"line":39,"column":71},"end":{"line":39,"column":72}}]}},"s":{"0":1,"1":1,"2":1,"3":1,"4":1,"5":1,"6":1,"7":0,"8":0,"9":0,"10":0,"11":0,"12":0,"13":0,"14":0,"15":0,"16":0,"17":0,"18":0},"f":{"0":1,"1":1,"2":1,"3":0},"b":{"0":[0,0],"1":[0],"2":[0,0],"3":[0],"4":[0,0]}}
,"/Users/cjruiz/gotlockz-bot/src/commands/pick.ts": {"path":"/Users/cjruiz/gotlockz-bot/src/commands/pick.ts","statementMap":{"0":{"start":{"line":51,"column":0},"end":{"line":51,"column":7}},"1":{"start":{"line":9,"column":0},"end":{"line":9,"column":78}},"2":{"start":{"line":10,"column":0},"end":{"line":10,"column":54}},"3":{"start":{"line":11,"column":0},"end":{"line":11,"column":53}},"4":{"start":{"line":12,"column":0},"end":{"line":12,"column":57}},"5":{"start":{"line":13,"column":0},"end":{"line":13,"column":45}},"6":{"start":{"line":14,"column":0},"end":{"line":14,"column":null}},"7":{"start":{"line":21,"column":0},"end":{"line":21,"column":47}},"8":{"start":{"line":22,"column":0},"end":{"line":22,"column":63}},"9":{"start":{"line":24,"column":13},"end":{"line":49,"column":4}},"10":{"start":{"line":28,"column":4},"end":{"line":35,"column":null}},"11":{"start":{"line":39,"column":4},"end":{"line":42,"column":24}},"12":{"start":{"line":45,"column":4},"end":{"line":48,"column":25}},"13":{"start":{"line":52,"column":2},"end":{"line":131,"column":3}},"14":{"start":{"line":53,"column":4},"end":{"line":53,"column":35}},"15":{"start":{"line":56,"column":4},"end":{"line":58,"column":5}},"16":{"start":{"line":57,"column":6},"end":{"line":57,"column":107}},"17":{"start":{"line":60,"column":24},"end":{"line":60,"column":75}},"18":{"start":{"line":61,"column":18},"end":{"line":61,"column":60}},"19":{"start":{"line":62,"column":18},"end":{"line":62,"column":56}},"20":{"start":{"line":64,"column":4},"end":{"line":66,"column":5}},"21":{"start":{"line":65,"column":6},"end":{"line":65,"column":79}},"22":{"start":{"line":69,"column":24},"end":{"line":69,"column":107}},"23":{"start":{"line":69,"column":59},"end":{"line":69,"column":76}},"24":{"start":{"line":69,"column":90},"end":{"line":69,"column":106}},"25":{"start":{"line":70,"column":21},"end":{"line":70,"column":52}},"26":{"start":{"line":73,"column":20},"end":{"line":73,"column":48}},"27":{"start":{"line":74,"column":4},"end":{"line":76,"column":5}},"28":{"start":{"line":75,"column":6},"end":{"line":75,"column":104}},"29":{"start":{"line":79,"column":21},"end":{"line":79,"column":69}},"30":{"start":{"line":80,"column":4},"end":{"line":82,"column":5}},"31":{"start":{"line":81,"column":6},"end":{"line":81,"column":91}},"32":{"start":{"line":85,"column":20},"end":{"line":85,"column":49}},"33":{"start":{"line":86,"column":17},"end":{"line":86,"column":21}},"34":{"start":{"line":87,"column":21},"end":{"line":87,"column":77}},"35":{"start":{"line":91,"column":18},"end":{"line":91,"column":20}},"36":{"start":{"line":93,"column":4},"end":{"line":114,"column":5}},"37":{"start":{"line":95,"column":8},"end":{"line":95,"column":92}},"38":{"start":{"line":96,"column":8},"end":{"line":98,"column":9}},"39":{"start":{"line":97,"column":10},"end":{"line":97,"column":61}},"40":{"start":{"line":99,"column":8},"end":{"line":99,"column":110}},"41":{"start":{"line":100,"column":8},"end":{"line":100,"column":14}},"42":{"start":{"line":103,"column":8},"end":{"line":103,"column":93}},"43":{"start":{"line":104,"column":8},"end":{"line":104,"column":90}},"44":{"start":{"line":105,"column":8},"end":{"line":105,"column":14}},"45":{"start":{"line":108,"column":8},"end":{"line":108,"column":116}},"46":{"start":{"line":109,"column":8},"end":{"line":109,"column":92}},"47":{"start":{"line":110,"column":8},"end":{"line":110,"column":14}},"48":{"start":{"line":113,"column":8},"end":{"line":113,"column":79}},"49":{"start":{"line":117,"column":4},"end":{"line":119,"column":5}},"50":{"start":{"line":118,"column":6},"end":{"line":118,"column":86}},"51":{"start":{"line":122,"column":18},"end":{"line":122,"column":64}},"52":{"start":{"line":124,"column":4},"end":{"line":127,"column":7}},"53":{"start":{"line":129,"column":4},"end":{"line":129,"column":49}},"54":{"start":{"line":130,"column":4},"end":{"line":130,"column":78}}},"fnMap":{"0":{"name":"(anonymous_0)","decl":{"start":{"line":27,"column":19},"end":{"line":27,"column":25}},"loc":{"start":{"line":28,"column":4},"end":{"line":35,"column":null}}},"1":{"name":"(anonymous_1)","decl":{"start":{"line":38,"column":23},"end":{"line":38,"column":29}},"loc":{"start":{"line":39,"column":4},"end":{"line":42,"column":24}}},"2":{"name":"(anonymous_2)","decl":{"start":{"line":44,"column":19},"end":{"line":44,"column":25}},"loc":{"start":{"line":45,"column":4},"end":{"line":48,"column":25}}},"3":{"name":"execute","decl":{"start":{"line":51,"column":22},"end":{"line":51,"column":29}},"loc":{"start":{"line":51,"column":70},"end":{"line":132,"column":1}}},"4":{"name":"(anonymous_4)","decl":{"start":{"line":69,"column":52},"end":{"line":69,"column":55}},"loc":{"start":{"line":69,"column":59},"end":{"line":69,"column":76}}},"5":{"name":"(anonymous_5)","decl":{"start":{"line":69,"column":83},"end":{"line":69,"column":86}},"loc":{"start":{"line":69,"column":90},"end":{"line":69,"column":106}}}},"branchMap":{"0":{"loc":{"start":{"line":56,"column":4},"end":{"line":58,"column":5}},"type":"if","locations":[{"start":{"line":56,"column":4},"end":{"line":58,"column":5}}]},"1":{"loc":{"start":{"line":64,"column":4},"end":{"line":66,"column":5}},"type":"if","locations":[{"start":{"line":64,"column":4},"end":{"line":66,"column":5}}]},"2":{"loc":{"start":{"line":74,"column":4},"end":{"line":76,"column":5}},"type":"if","locations":[{"start":{"line":74,"column":4},"end":{"line":76,"column":5}}]},"3":{"loc":{"start":{"line":79,"column":39},"end":{"line":79,"column":68}},"type":"binary-expr","locations":[{"start":{"line":79,"column":39},"end":{"line":79,"column":62}},{"start":{"line":79,"column":66},"end":{"line":79,"column":68}}]},"4":{"loc":{"start":{"line":80,"column":4},"end":{"line":82,"column":5}},"type":"if","locations":[{"start":{"line":80,"column":4},"end":{"line":82,"column":5}}]},"5":{"loc":{"start":{"line":93,"column":4},"end":{"line":114,"column":5}},"type":"switch","locations":[{"start":{"line":94,"column":6},"end":{"line":100,"column":14}},{"start":{"line":102,"column":6},"end":{"line":105,"column":14}},{"start":{"line":107,"column":6},"end":{"line":110,"column":14}},{"start":{"line":112,"column":6},"end":{"line":113,"column":79}}]},"6":{"loc":{"start":{"line":96,"column":8},"end":{"line":98,"column":9}},"type":"if","locations":[{"start":{"line":96,"column":8},"end":{"line":98,"column":9}}]},"7":{"loc":{"start":{"line":108,"column":96},"end":{"line":108,"column":114}},"type":"binary-expr","locations":[{"start":{"line":108,"column":96},"end":{"line":108,"column":101}},{"start":{"line":108,"column":105},"end":{"line":108,"column":114}}]},"8":{"loc":{"start":{"line":117,"column":4},"end":{"line":119,"column":5}},"type":"if","locations":[{"start":{"line":117,"column":4},"end":{"line":119,"column":5}}]}},"s":{"0":1,"1":1,"2":1,"3":1,"4":1,"5":1,"6":1,"7":1,"8":1,"9":1,"10":1,"11":1,"12":1,"13":0,"14":0,"15":0,"16":0,"17":0,"18":0,"19":0,"20":0,"21":0,"22":0,"23":0,"24":0,"25":0,"26":0,"27":0,"28":0,"29":0,"30":0,"31":0,"32":0,"33":0,"34":0,"35":0,"36":0,"37":0,"38":0,"39":0,"40":0,"41":0,"42":0,"43":0,"44":0,"45":0,"46":0,"47":0,"48":0,"49":0,"50":0,"51":0,"52":0,"53":0,"54":0},"f":{"0":1,"1":1,"2":1,"3":0,"4":0,"5":0},"b":{"0":[0],"1":[0],"2":[0],"3":[0,0],"4":[0],"5":[0,0,0,0],"6":[0],"7":[0,0],"8":[0]}}
,"/Users/cjruiz/gotlockz-bot/src/services/analysisService.ts": {"path":"/Users/cjruiz/gotlockz-bot/src/services/analysisService.ts","statementMap":{"0":{"start":{"line":6,"column":0},"end":{"line":6,"column":7}},"1":{"start":{"line":49,"column":0},"end":{"line":49,"column":16}},"2":{"start":{"line":1,"column":0},"end":{"line":1,"column":28}},"3":{"start":{"line":2,"column":0},"end":{"line":2,"column":38}},"4":{"start":{"line":4,"column":14},"end":{"line":4,"column":68}},"5":{"start":{"line":12,"column":14},"end":{"line":12,"column":66}},"6":{"start":{"line":13,"column":14},"end":{"line":13,"column":24}},"7":{"start":{"line":14,"column":16},"end":{"line":14,"column":30}},"8":{"start":{"line":15,"column":2},"end":{"line":17,"column":3}},"9":{"start":{"line":16,"column":4},"end":{"line":16,"column":22}},"10":{"start":{"line":18,"column":29},"end":{"line":18,"column":37}},"11":{"start":{"line":19,"column":17},"end":{"line":19,"column":55}},"12":{"start":{"line":20,"column":17},"end":{"line":35,"column":4}},"13":{"start":{"line":37,"column":14},"end":{"line":42,"column":4}},"14":{"start":{"line":44,"column":19},"end":{"line":44,"column":65}},"15":{"start":{"line":45,"column":2},"end":{"line":45,"column":53}},"16":{"start":{"line":46,"column":2},"end":{"line":46,"column":18}},"17":{"start":{"line":55,"column":2},"end":{"line":70,"column":4}}},"fnMap":{"0":{"name":"generateAnalysis","decl":{"start":{"line":6,"column":22},"end":{"line":6,"column":38}},"loc":{"start":{"line":10,"column":14},"end":{"line":47,"column":1}}},"1":{"name":"buildPrompt","decl":{"start":{"line":49,"column":16},"end":{"line":49,"column":27}},"loc":{"start":{"line":53,"column":14},"end":{"line":71,"column":1}}}},"branchMap":{"0":{"loc":{"start":{"line":15,"column":2},"end":{"line":17,"column":3}},"type":"if","locations":[{"start":{"line":15,"column":2},"end":{"line":17,"column":3}}]},"1":{"loc":{"start":{"line":15,"column":6},"end":{"line":15,"column":48}},"type":"binary-expr","locations":[{"start":{"line":15,"column":6},"end":{"line":15,"column":11}},{"start":{"line":15,"column":15},"end":{"line":15,"column":48}}]},"2":{"loc":{"start":{"line":44,"column":19},"end":{"line":44,"column":65}},"type":"binary-expr","locations":[{"start":{"line":44,"column":19},"end":{"line":44,"column":59}},{"start":{"line":44,"column":63},"end":{"line":44,"column":65}}]}},"s":{"0":3,"1":3,"2":3,"3":3,"4":3,"5":1,"6":1,"7":1,"8":1,"9":0,"10":1,"11":1,"12":1,"13":1,"14":1,"15":1,"16":1,"17":1},"f":{"0":1,"1":1},"b":{"0":[0],"1":[1,0],"2":[1,0]}}
,"/Users/cjruiz/gotlockz-bot/src/services/bettingMessageService.ts": {"path":"/Users/cjruiz/gotlockz-bot/src/services/bettingMessageService.ts","statementMap":{"0":{"start":{"line":43,"column":0},"end":{"line":43,"column":7}},"1":{"start":{"line":97,"column":0},"end":{"line":97,"column":7}},"2":{"start":{"line":143,"column":0},"end":{"line":143,"column":7}},"3":{"start":{"line":195,"column":0},"end":{"line":195,"column":16}},"4":{"start":{"line":293,"column":0},"end":{"line":293,"column":16}},"5":{"start":{"line":446,"column":0},"end":{"line":446,"column":16}},"6":{"start":{"line":453,"column":0},"end":{"line":453,"column":16}},"7":{"start":{"line":15,"column":37},"end":{"line":19,"column":2}},"8":{"start":{"line":25,"column":16},"end":{"line":25,"column":60}},"9":{"start":{"line":28,"column":2},"end":{"line":34,"column":3}},"10":{"start":{"line":29,"column":4},"end":{"line":33,"column":6}},"11":{"start":{"line":36,"column":2},"end":{"line":36,"column":25}},"12":{"start":{"line":37,"column":2},"end":{"line":37,"column":30}},"13":{"start":{"line":49,"column":14},"end":{"line":49,"column":38}},"14":{"start":{"line":50,"column":21},"end":{"line":50,"column":43}},"15":{"start":{"line":53,"column":2},"end":{"line":56,"column":3}},"16":{"start":{"line":54,"column":4},"end":{"line":54,"column":56}},"17":{"start":{"line":55,"column":4},"end":{"line":55,"column":122}},"18":{"start":{"line":59,"column":19},"end":{"line":59,"column":34}},"19":{"start":{"line":60,"column":2},"end":{"line":62,"column":3}},"20":{"start":{"line":61,"column":4},"end":{"line":61,"column":49}},"21":{"start":{"line":65,"column":20},"end":{"line":65,"column":34}},"22":{"start":{"line":66,"column":17},"end":{"line":66,"column":57}},"23":{"start":{"line":69,"column":15},"end":{"line":69,"column":75}},"24":{"start":{"line":72,"column":37},"end":{"line":89,"column":4}},"25":{"start":{"line":91,"column":2},"end":{"line":91,"column":20}},"26":{"start":{"line":103,"column":14},"end":{"line":103,"column":38}},"27":{"start":{"line":106,"column":19},"end":{"line":106,"column":34}},"28":{"start":{"line":107,"column":2},"end":{"line":109,"column":3}},"29":{"start":{"line":108,"column":4},"end":{"line":108,"column":49}},"30":{"start":{"line":112,"column":20},"end":{"line":112,"column":34}},"31":{"start":{"line":113,"column":17},"end":{"line":113,"column":57}},"32":{"start":{"line":116,"column":15},"end":{"line":116,"column":75}},"33":{"start":{"line":119,"column":43},"end":{"line":135,"column":4}},"34":{"start":{"line":137,"column":2},"end":{"line":137,"column":25}},"35":{"start":{"line":150,"column":14},"end":{"line":150,"column":38}},"36":{"start":{"line":152,"column":2},"end":{"line":154,"column":3}},"37":{"start":{"line":153,"column":4},"end":{"line":153,"column":62}},"38":{"start":{"line":157,"column":16},"end":{"line":161,"column":5}},"39":{"start":{"line":157,"column":41},"end":{"line":161,"column":4}},"40":{"start":{"line":164,"column":15},"end":{"line":168,"column":5}},"41":{"start":{"line":164,"column":40},"end":{"line":168,"column":4}},"42":{"start":{"line":171,"column":21},"end":{"line":174,"column":7}},"43":{"start":{"line":172,"column":17},"end":{"line":172,"column":62}},"44":{"start":{"line":173,"column":4},"end":{"line":173,"column":24}},"45":{"start":{"line":177,"column":43},"end":{"line":187,"column":4}},"46":{"start":{"line":189,"column":2},"end":{"line":189,"column":22}},"47":{"start":{"line":197,"column":2},"end":{"line":197,"column":60}},"48":{"start":{"line":197,"column":47},"end":{"line":197,"column":60}},"49":{"start":{"line":200,"column":2},"end":{"line":204,"column":3}},"50":{"start":{"line":201,"column":4},"end":{"line":201,"column":32}},"51":{"start":{"line":203,"column":4},"end":{"line":203,"column":17}},"52":{"start":{"line":207,"column":2},"end":{"line":216,"column":3}},"53":{"start":{"line":209,"column":6},"end":{"line":209,"column":63}},"54":{"start":{"line":211,"column":6},"end":{"line":211,"column":65}},"55":{"start":{"line":213,"column":6},"end":{"line":213,"column":71}},"56":{"start":{"line":215,"column":6},"end":{"line":215,"column":19}},"57":{"start":{"line":223,"column":2},"end":{"line":223,"column":52}},"58":{"start":{"line":223,"column":39},"end":{"line":223,"column":52}},"59":{"start":{"line":224,"column":2},"end":{"line":224,"column":43}},"60":{"start":{"line":224,"column":30},"end":{"line":224,"column":43}},"61":{"start":{"line":225,"column":2},"end":{"line":225,"column":61}},"62":{"start":{"line":225,"column":48},"end":{"line":225,"column":61}},"63":{"start":{"line":226,"column":2},"end":{"line":226,"column":66}},"64":{"start":{"line":226,"column":53},"end":{"line":226,"column":66}},"65":{"start":{"line":227,"column":2},"end":{"line":227,"column":57}},"66":{"start":{"line":227,"column":44},"end":{"line":227,"column":57}},"67":{"start":{"line":228,"column":2},"end":{"line":228,"column":90}},"68":{"start":{"line":228,"column":77},"end":{"line":228,"column":90}},"69":{"start":{"line":229,"column":2},"end":{"line":229,"column":78}},"70":{"start":{"line":229,"column":65},"end":{"line":229,"column":78}},"71":{"start":{"line":231,"column":2},"end":{"line":235,"column":3}},"72":{"start":{"line":232,"column":4},"end":{"line":232,"column":37}},"73":{"start":{"line":234,"column":4},"end":{"line":234,"column":17}},"74":{"start":{"line":237,"column":2},"end":{"line":237,"column":14}},"75":{"start":{"line":244,"column":2},"end":{"line":244,"column":53}},"76":{"start":{"line":244,"column":40},"end":{"line":244,"column":53}},"77":{"start":{"line":245,"column":2},"end":{"line":245,"column":53}},"78":{"start":{"line":245,"column":40},"end":{"line":245,"column":53}},"79":{"start":{"line":246,"column":2},"end":{"line":246,"column":61}},"80":{"start":{"line":246,"column":48},"end":{"line":246,"column":61}},"81":{"start":{"line":247,"column":2},"end":{"line":247,"column":66}},"82":{"start":{"line":247,"column":53},"end":{"line":247,"column":66}},"83":{"start":{"line":248,"column":2},"end":{"line":248,"column":57}},"84":{"start":{"line":248,"column":44},"end":{"line":248,"column":57}},"85":{"start":{"line":249,"column":2},"end":{"line":249,"column":78}},"86":{"start":{"line":249,"column":65},"end":{"line":249,"column":78}},"87":{"start":{"line":251,"column":2},"end":{"line":255,"column":3}},"88":{"start":{"line":252,"column":4},"end":{"line":252,"column":37}},"89":{"start":{"line":254,"column":4},"end":{"line":254,"column":17}},"90":{"start":{"line":257,"column":2},"end":{"line":257,"column":14}},"91":{"start":{"line":264,"column":2},"end":{"line":264,"column":55}},"92":{"start":{"line":264,"column":42},"end":{"line":264,"column":55}},"93":{"start":{"line":265,"column":2},"end":{"line":265,"column":58}},"94":{"start":{"line":265,"column":45},"end":{"line":265,"column":58}},"95":{"start":{"line":266,"column":2},"end":{"line":266,"column":78}},"96":{"start":{"line":266,"column":65},"end":{"line":266,"column":78}},"97":{"start":{"line":267,"column":2},"end":{"line":267,"column":76}},"98":{"start":{"line":267,"column":63},"end":{"line":267,"column":76}},"99":{"start":{"line":268,"column":2},"end":{"line":268,"column":59}},"100":{"start":{"line":268,"column":46},"end":{"line":268,"column":59}},"101":{"start":{"line":269,"column":2},"end":{"line":269,"column":78}},"102":{"start":{"line":269,"column":65},"end":{"line":269,"column":78}},"103":{"start":{"line":272,"column":2},"end":{"line":279,"column":3}},"104":{"start":{"line":273,"column":4},"end":{"line":273,"column":47}},"105":{"start":{"line":273,"column":34},"end":{"line":273,"column":47}},"106":{"start":{"line":274,"column":4},"end":{"line":278,"column":5}},"107":{"start":{"line":275,"column":6},"end":{"line":275,"column":31}},"108":{"start":{"line":277,"column":6},"end":{"line":277,"column":19}},"109":{"start":{"line":282,"column":2},"end":{"line":285,"column":3}},"110":{"start":{"line":283,"column":4},"end":{"line":283,"column":52}},"111":{"start":{"line":283,"column":39},"end":{"line":283,"column":52}},"112":{"start":{"line":284,"column":4},"end":{"line":284,"column":51}},"113":{"start":{"line":284,"column":38},"end":{"line":284,"column":51}},"114":{"start":{"line":287,"column":2},"end":{"line":287,"column":14}},"115":{"start":{"line":294,"column":2},"end":{"line":303,"column":3}},"116":{"start":{"line":296,"column":6},"end":{"line":296,"column":64}},"117":{"start":{"line":298,"column":6},"end":{"line":298,"column":66}},"118":{"start":{"line":300,"column":6},"end":{"line":300,"column":72}},"119":{"start":{"line":302,"column":6},"end":{"line":302,"column":78}},"120":{"start":{"line":310,"column":21},"end":{"line":345,"column":4}},"121":{"start":{"line":347,"column":2},"end":{"line":349,"column":3}},"122":{"start":{"line":348,"column":4},"end":{"line":348,"column":51}},"123":{"start":{"line":351,"column":2},"end":{"line":351,"column":15}},"124":{"start":{"line":358,"column":21},"end":{"line":388,"column":4}},"125":{"start":{"line":390,"column":2},"end":{"line":392,"column":3}},"126":{"start":{"line":391,"column":4},"end":{"line":391,"column":51}},"127":{"start":{"line":394,"column":2},"end":{"line":394,"column":15}},"128":{"start":{"line":401,"column":21},"end":{"line":426,"column":4}},"129":{"start":{"line":408,"column":41},"end":{"line":408,"column":70}},"130":{"start":{"line":413,"column":39},"end":{"line":413,"column":113}},"131":{"start":{"line":428,"column":2},"end":{"line":434,"column":3}},"132":{"start":{"line":429,"column":4},"end":{"line":433,"column":7}},"133":{"start":{"line":436,"column":2},"end":{"line":438,"column":3}},"134":{"start":{"line":437,"column":4},"end":{"line":437,"column":51}},"135":{"start":{"line":440,"column":2},"end":{"line":440,"column":15}},"136":{"start":{"line":447,"column":2},"end":{"line":447,"column":31}},"137":{"start":{"line":455,"column":2},"end":{"line":458,"column":3}},"138":{"start":{"line":456,"column":4},"end":{"line":456,"column":57}},"139":{"start":{"line":457,"column":4},"end":{"line":457,"column":122}},"140":{"start":{"line":460,"column":16},"end":{"line":460,"column":49}},"141":{"start":{"line":462,"column":2},"end":{"line":464,"column":5}},"142":{"start":{"line":463,"column":4},"end":{"line":463,"column":79}},"143":{"start":{"line":466,"column":2},"end":{"line":468,"column":3}},"144":{"start":{"line":467,"column":4},"end":{"line":467,"column":59}},"145":{"start":{"line":470,"column":2},"end":{"line":470,"column":17}}},"fnMap":{"0":{"name":"getNextVIPPlayNumber","decl":{"start":{"line":24,"column":9},"end":{"line":24,"column":29}},"loc":{"start":{"line":24,"column":29},"end":{"line":38,"column":1}}},"1":{"name":"createVIPPlayMessage","decl":{"start":{"line":43,"column":22},"end":{"line":43,"column":42}},"loc":{"start":{"line":47,"column":19},"end":{"line":92,"column":1}}},"2":{"name":"createFreePlayMessage","decl":{"start":{"line":97,"column":22},"end":{"line":97,"column":43}},"loc":{"start":{"line":101,"column":19},"end":{"line":138,"column":1}}},"3":{"name":"createLottoTicketMessage","decl":{"start":{"line":143,"column":22},"end":{"line":143,"column":46}},"loc":{"start":{"line":148,"column":16},"end":{"line":190,"column":1}}},"4":{"name":"(anonymous_4)","decl":{"start":{"line":157,"column":33},"end":{"line":157,"column":36}},"loc":{"start":{"line":157,"column":41},"end":{"line":161,"column":4}}},"5":{"name":"(anonymous_5)","decl":{"start":{"line":164,"column":32},"end":{"line":164,"column":35}},"loc":{"start":{"line":164,"column":40},"end":{"line":168,"column":4}}},"6":{"name":"(anonymous_6)","decl":{"start":{"line":171,"column":41},"end":{"line":171,"column":42}},"loc":{"start":{"line":171,"column":56},"end":{"line":174,"column":3}}},"7":{"name":"validateBettingMessage","decl":{"start":{"line":195,"column":16},"end":{"line":195,"column":38}},"loc":{"start":{"line":195,"column":62},"end":{"line":217,"column":1}}},"8":{"name":"validateVIPPlayMessage","decl":{"start":{"line":222,"column":9},"end":{"line":222,"column":31}},"loc":{"start":{"line":222,"column":55},"end":{"line":238,"column":1}}},"9":{"name":"validateFreePlayMessage","decl":{"start":{"line":243,"column":9},"end":{"line":243,"column":32}},"loc":{"start":{"line":243,"column":57},"end":{"line":258,"column":1}}},"10":{"name":"validateLottoTicketMessage","decl":{"start":{"line":263,"column":9},"end":{"line":263,"column":35}},"loc":{"start":{"line":263,"column":63},"end":{"line":288,"column":1}}},"11":{"name":"formatBettingMessageForDiscord","decl":{"start":{"line":293,"column":16},"end":{"line":293,"column":46}},"loc":{"start":{"line":293,"column":70},"end":{"line":304,"column":1}}},"12":{"name":"formatVIPPlayForDiscord","decl":{"start":{"line":309,"column":9},"end":{"line":309,"column":32}},"loc":{"start":{"line":309,"column":56},"end":{"line":352,"column":1}}},"13":{"name":"formatFreePlayForDiscord","decl":{"start":{"line":357,"column":9},"end":{"line":357,"column":33}},"loc":{"start":{"line":357,"column":58},"end":{"line":395,"column":1}}},"14":{"name":"formatLottoTicketForDiscord","decl":{"start":{"line":400,"column":9},"end":{"line":400,"column":36}},"loc":{"start":{"line":400,"column":64},"end":{"line":441,"column":1}}},"15":{"name":"(anonymous_15)","decl":{"start":{"line":408,"column":33},"end":{"line":408,"column":37}},"loc":{"start":{"line":408,"column":41},"end":{"line":408,"column":70}}},"16":{"name":"(anonymous_16)","decl":{"start":{"line":413,"column":32},"end":{"line":413,"column":35}},"loc":{"start":{"line":413,"column":39},"end":{"line":413,"column":113}}},"17":{"name":"getVIPPlayCounterStats","decl":{"start":{"line":446,"column":16},"end":{"line":446,"column":38}},"loc":{"start":{"line":446,"column":38},"end":{"line":448,"column":1}}},"18":{"name":"createBettingMessage","decl":{"start":{"line":453,"column":16},"end":{"line":453,"column":36}},"loc":{"start":{"line":453,"column":66},"end":{"line":471,"column":1}}},"19":{"name":"(anonymous_19)","decl":{"start":{"line":462,"column":18},"end":{"line":462,"column":19}},"loc":{"start":{"line":462,"column":31},"end":{"line":464,"column":3}}}},"branchMap":{"0":{"loc":{"start":{"line":16,"column":8},"end":{"line":16,"column":52}},"type":"binary-expr","locations":[{"start":{"line":16,"column":8},"end":{"line":16,"column":46}},{"start":{"line":16,"column":50},"end":{"line":16,"column":52}}]},"1":{"loc":{"start":{"line":25,"column":16},"end":{"line":25,"column":60}},"type":"binary-expr","locations":[{"start":{"line":25,"column":16},"end":{"line":25,"column":54}},{"start":{"line":25,"column":58},"end":{"line":25,"column":60}}]},"2":{"loc":{"start":{"line":28,"column":2},"end":{"line":34,"column":3}},"type":"if","locations":[{"start":{"line":28,"column":2},"end":{"line":34,"column":3}}]},"3":{"loc":{"start":{"line":53,"column":2},"end":{"line":56,"column":3}},"type":"if","locations":[{"start":{"line":53,"column":2},"end":{"line":56,"column":3}}]},"4":{"loc":{"start":{"line":53,"column":6},"end":{"line":53,"column":48}},"type":"binary-expr","locations":[{"start":{"line":53,"column":6},"end":{"line":53,"column":19}},{"start":{"line":53,"column":23},"end":{"line":53,"column":48}}]},"5":{"loc":{"start":{"line":60,"column":2},"end":{"line":62,"column":3}},"type":"if","locations":[{"start":{"line":60,"column":2},"end":{"line":62,"column":3}}]},"6":{"loc":{"start":{"line":69,"column":15},"end":{"line":69,"column":75}},"type":"cond-expr","locations":[{"start":{"line":69,"column":35},"end":{"line":69,"column":48}},{"start":{"line":69,"column":51},"end":{"line":69,"column":75}}]},"7":{"loc":{"start":{"line":88,"column":8},"end":{"line":88,"column":44}},"type":"binary-expr","locations":[{"start":{"line":88,"column":8},"end":{"line":88,"column":16}},{"start":{"line":88,"column":20},"end":{"line":88,"column":44}}]},"8":{"loc":{"start":{"line":107,"column":2},"end":{"line":109,"column":3}},"type":"if","locations":[{"start":{"line":107,"column":2},"end":{"line":109,"column":3}}]},"9":{"loc":{"start":{"line":116,"column":15},"end":{"line":116,"column":75}},"type":"cond-expr","locations":[{"start":{"line":116,"column":35},"end":{"line":116,"column":48}},{"start":{"line":116,"column":51},"end":{"line":116,"column":75}}]},"10":{"loc":{"start":{"line":134,"column":8},"end":{"line":134,"column":44}},"type":"binary-expr","locations":[{"start":{"line":134,"column":8},"end":{"line":134,"column":16}},{"start":{"line":134,"column":20},"end":{"line":134,"column":44}}]},"11":{"loc":{"start":{"line":152,"column":2},"end":{"line":154,"column":3}},"type":"if","locations":[{"start":{"line":152,"column":2},"end":{"line":154,"column":3}}]},"12":{"loc":{"start":{"line":167,"column":10},"end":{"line":167,"column":55}},"type":"cond-expr","locations":[{"start":{"line":167,"column":25},"end":{"line":167,"column":33}},{"start":{"line":167,"column":36},"end":{"line":167,"column":55}}]},"13":{"loc":{"start":{"line":172,"column":17},"end":{"line":172,"column":62}},"type":"cond-expr","locations":[{"start":{"line":172,"column":32},"end":{"line":172,"column":40}},{"start":{"line":172,"column":43},"end":{"line":172,"column":62}}]},"14":{"loc":{"start":{"line":185,"column":8},"end":{"line":185,"column":26}},"type":"binary-expr","locations":[{"start":{"line":185,"column":8},"end":{"line":185,"column":13}},{"start":{"line":185,"column":17},"end":{"line":185,"column":26}}]},"15":{"loc":{"start":{"line":186,"column":8},"end":{"line":186,"column":44}},"type":"binary-expr","locations":[{"start":{"line":186,"column":8},"end":{"line":186,"column":16}},{"start":{"line":186,"column":20},"end":{"line":186,"column":44}}]},"16":{"loc":{"start":{"line":197,"column":2},"end":{"line":197,"column":60}},"type":"if","locations":[{"start":{"line":197,"column":2},"end":{"line":197,"column":60}}]},"17":{"loc":{"start":{"line":197,"column":6},"end":{"line":197,"column":45}},"type":"binary-expr","locations":[{"start":{"line":197,"column":6},"end":{"line":197,"column":24}},{"start":{"line":197,"column":28},"end":{"line":197,"column":45}}]},"18":{"loc":{"start":{"line":207,"column":2},"end":{"line":216,"column":3}},"type":"switch","locations":[{"start":{"line":208,"column":4},"end":{"line":209,"column":63}},{"start":{"line":210,"column":4},"end":{"line":211,"column":65}},{"start":{"line":212,"column":4},"end":{"line":213,"column":71}},{"start":{"line":214,"column":4},"end":{"line":215,"column":19}}]},"19":{"loc":{"start":{"line":223,"column":2},"end":{"line":223,"column":52}},"type":"if","locations":[{"start":{"line":223,"column":2},"end":{"line":223,"column":52}}]},"20":{"loc":{"start":{"line":224,"column":2},"end":{"line":224,"column":43}},"type":"if","locations":[{"start":{"line":224,"column":2},"end":{"line":224,"column":43}}]},"21":{"loc":{"start":{"line":225,"column":2},"end":{"line":225,"column":61}},"type":"if","locations":[{"start":{"line":225,"column":2},"end":{"line":225,"column":61}}]},"22":{"loc":{"start":{"line":225,"column":6},"end":{"line":225,"column":46}},"type":"binary-expr","locations":[{"start":{"line":225,"column":6},"end":{"line":225,"column":24}},{"start":{"line":225,"column":28},"end":{"line":225,"column":46}}]},"23":{"loc":{"start":{"line":226,"column":2},"end":{"line":226,"column":66}},"type":"if","locations":[{"start":{"line":226,"column":2},"end":{"line":226,"column":66}}]},"24":{"loc":{"start":{"line":226,"column":6},"end":{"line":226,"column":51}},"type":"binary-expr","locations":[{"start":{"line":226,"column":6},"end":{"line":226,"column":28}},{"start":{"line":226,"column":32},"end":{"line":226,"column":51}}]},"25":{"loc":{"start":{"line":227,"column":2},"end":{"line":227,"column":57}},"type":"if","locations":[{"start":{"line":227,"column":2},"end":{"line":227,"column":57}}]},"26":{"loc":{"start":{"line":228,"column":2},"end":{"line":228,"column":90}},"type":"if","locations":[{"start":{"line":228,"column":2},"end":{"line":228,"column":90}}]},"27":{"loc":{"start":{"line":228,"column":6},"end":{"line":228,"column":75}},"type":"binary-expr","locations":[{"start":{"line":228,"column":6},"end":{"line":228,"column":46}},{"start":{"line":228,"column":50},"end":{"line":228,"column":75}}]},"28":{"loc":{"start":{"line":229,"column":2},"end":{"line":229,"column":78}},"type":"if","locations":[{"start":{"line":229,"column":2},"end":{"line":229,"column":78}}]},"29":{"loc":{"start":{"line":229,"column":6},"end":{"line":229,"column":63}},"type":"binary-expr","locations":[{"start":{"line":229,"column":6},"end":{"line":229,"column":23}},{"start":{"line":229,"column":27},"end":{"line":229,"column":63}}]},"30":{"loc":{"start":{"line":244,"column":2},"end":{"line":244,"column":53}},"type":"if","locations":[{"start":{"line":244,"column":2},"end":{"line":244,"column":53}}]},"31":{"loc":{"start":{"line":245,"column":2},"end":{"line":245,"column":53}},"type":"if","locations":[{"start":{"line":245,"column":2},"end":{"line":245,"column":53}}]},"32":{"loc":{"start":{"line":246,"column":2},"end":{"line":246,"column":61}},"type":"if","locations":[{"start":{"line":246,"column":2},"end":{"line":246,"column":61}}]},"33":{"loc":{"start":{"line":246,"column":6},"end":{"line":246,"column":46}},"type":"binary-expr","locations":[{"start":{"line":246,"column":6},"end":{"line":246,"column":24}},{"start":{"line":246,"column":28},"end":{"line":246,"column":46}}]},"34":{"loc":{"start":{"line":247,"column":2},"end":{"line":247,"column":66}},"type":"if","locations":[{"start":{"line":247,"column":2},"end":{"line":247,"column":66}}]},"35":{"loc":{"start":{"line":247,"column":6},"end":{"line":247,"column":51}},"type":"binary-expr","locations":[{"start":{"line":247,"column":6},"end":{"line":247,"column":28}},{"start":{"line":247,"column":32},"end":{"line":247,"column":51}}]},"36":{"loc":{"start":{"line":248,"column":2},"end":{"line":248,"column":57}},"type":"if","locations":[{"start":{"line":248,"column":2},"end":{"line":248,"column":57}}]},"37":{"loc":{"start":{"line":249,"column":2},"end":{"line":249,"column":78}},"type":"if","locations":[{"start":{"line":249,"column":2},"end":{"line":249,"column":78}}]},"38":{"loc":{"start":{"line":249,"column":6},"end":{"line":249,"column":63}},"type":"binary-expr","locations":[{"start":{"line":249,"column":6},"end":{"line":249,"column":23}},{"start":{"line":249,"column":27},"end":{"line":249,"column":63}}]},"39":{"loc":{"start":{"line":264,"column":2},"end":{"line":264,"column":55}},"type":"if","locations":[{"start":{"line":264,"column":2},"end":{"line":264,"column":55}}]},"40":{"loc":{"start":{"line":265,"column":2},"end":{"line":265,"column":58}},"type":"if","locations":[{"start":{"line":265,"column":2},"end":{"line":265,"column":58}}]},"41":{"loc":{"start":{"line":266,"column":2},"end":{"line":266,"column":78}},"type":"if","locations":[{"start":{"line":266,"column":2},"end":{"line":266,"column":78}}]},"42":{"loc":{"start":{"line":266,"column":6},"end":{"line":266,"column":63}},"type":"binary-expr","locations":[{"start":{"line":266,"column":6},"end":{"line":266,"column":35}},{"start":{"line":266,"column":39},"end":{"line":266,"column":63}}]},"43":{"loc":{"start":{"line":267,"column":2},"end":{"line":267,"column":76}},"type":"if","locations":[{"start":{"line":267,"column":2},"end":{"line":267,"column":76}}]},"44":{"loc":{"start":{"line":267,"column":6},"end":{"line":267,"column":61}},"type":"binary-expr","locations":[{"start":{"line":267,"column":6},"end":{"line":267,"column":34}},{"start":{"line":267,"column":38},"end":{"line":267,"column":61}}]},"45":{"loc":{"start":{"line":268,"column":2},"end":{"line":268,"column":59}},"type":"if","locations":[{"start":{"line":268,"column":2},"end":{"line":268,"column":59}}]},"46":{"loc":{"start":{"line":269,"column":2},"end":{"line":269,"column":78}},"type":"if","locations":[{"start":{"line":269,"column":2},"end":{"line":269,"column":78}}]},"47":{"loc":{"start":{"line":269,"column":6},"end":{"line":269,"column":63}},"type":"binary-expr","locations":[{"start":{"line":269,"column":6},"end":{"line":269,"column":23}},{"start":{"line":269,"column":27},"end":{"line":269,"column":63}}]},"48":{"loc":{"start":{"line":273,"column":4},"end":{"line":273,"column":47}},"type":"if","locations":[{"start":{"line":273,"column":4},"end":{"line":273,"column":47}}]},"49":{"loc":{"start":{"line":273,"column":8},"end":{"line":273,"column":32}},"type":"binary-expr","locations":[{"start":{"line":273,"column":8},"end":{"line":273,"column":18}},{"start":{"line":273,"column":22},"end":{"line":273,"column":32}}]},"50":{"loc":{"start":{"line":283,"column":4},"end":{"line":283,"column":52}},"type":"if","locations":[{"start":{"line":283,"column":4},"end":{"line":283,"column":52}}]},"51":{"loc":{"start":{"line":283,"column":8},"end":{"line":283,"column":37}},"type":"binary-expr","locations":[{"start":{"line":283,"column":8},"end":{"line":283,"column":22}},{"start":{"line":283,"column":26},"end":{"line":283,"column":37}}]},"52":{"loc":{"start":{"line":284,"column":4},"end":{"line":284,"column":51}},"type":"if","locations":[{"start":{"line":284,"column":4},"end":{"line":284,"column":51}}]},"53":{"loc":{"start":{"line":294,"column":2},"end":{"line":303,"column":3}},"type":"switch","locations":[{"start":{"line":295,"column":4},"end":{"line":296,"column":64}},{"start":{"line":297,"column":4},"end":{"line":298,"column":66}},{"start":{"line":299,"column":4},"end":{"line":300,"column":72}},{"start":{"line":301,"column":4},"end":{"line":302,"column":78}}]},"54":{"loc":{"start":{"line":332,"column":15},"end":{"line":332,"column":90}},"type":"cond-expr","locations":[{"start":{"line":332,"column":38},"end":{"line":332,"column":60}},{"start":{"line":332,"column":63},"end":{"line":332,"column":90}}]},"55":{"loc":{"start":{"line":347,"column":2},"end":{"line":349,"column":3}},"type":"if","locations":[{"start":{"line":347,"column":2},"end":{"line":349,"column":3}}]},"56":{"loc":{"start":{"line":380,"column":15},"end":{"line":380,"column":90}},"type":"cond-expr","locations":[{"start":{"line":380,"column":38},"end":{"line":380,"column":60}},{"start":{"line":380,"column":63},"end":{"line":380,"column":90}}]},"57":{"loc":{"start":{"line":390,"column":2},"end":{"line":392,"column":3}},"type":"if","locations":[{"start":{"line":390,"column":2},"end":{"line":392,"column":3}}]},"58":{"loc":{"start":{"line":413,"column":76},"end":{"line":413,"column":99}},"type":"cond-expr","locations":[{"start":{"line":413,"column":91},"end":{"line":413,"column":94}},{"start":{"line":413,"column":97},"end":{"line":413,"column":99}}]},"59":{"loc":{"start":{"line":418,"column":15},"end":{"line":418,"column":96}},"type":"cond-expr","locations":[{"start":{"line":418,"column":40},"end":{"line":418,"column":64}},{"start":{"line":418,"column":67},"end":{"line":418,"column":96}}]},"60":{"loc":{"start":{"line":428,"column":2},"end":{"line":434,"column":3}},"type":"if","locations":[{"start":{"line":428,"column":2},"end":{"line":434,"column":3}}]},"61":{"loc":{"start":{"line":436,"column":2},"end":{"line":438,"column":3}},"type":"if","locations":[{"start":{"line":436,"column":2},"end":{"line":438,"column":3}}]},"62":{"loc":{"start":{"line":455,"column":2},"end":{"line":458,"column":3}},"type":"if","locations":[{"start":{"line":455,"column":2},"end":{"line":458,"column":3}}]},"63":{"loc":{"start":{"line":455,"column":6},"end":{"line":455,"column":38}},"type":"binary-expr","locations":[{"start":{"line":455,"column":6},"end":{"line":455,"column":14}},{"start":{"line":455,"column":18},"end":{"line":455,"column":38}}]},"64":{"loc":{"start":{"line":466,"column":2},"end":{"line":468,"column":3}},"type":"if","locations":[{"start":{"line":466,"column":2},"end":{"line":468,"column":3}}]}},"s":{"0":2,"1":2,"2":2,"3":2,"4":2,"5":2,"6":2,"7":2,"8":8,"9":8,"10":0,"11":8,"12":8,"13":8,"14":8,"15":8,"16":0,"17":0,"18":8,"19":8,"20":0,"21":8,"22":8,"23":8,"24":8,"25":8,"26":4,"27":4,"28":4,"29":0,"30":4,"31":4,"32":4,"33":4,"34":4,"35":6,"36":6,"37":1,"38":5,"39":15,"40":5,"41":15,"42":5,"43":15,"44":15,"45":5,"46":5,"47":5,"48":1,"49":4,"50":4,"51":0,"52":4,"53":1,"54":1,"55":1,"56":1,"57":1,"58":0,"59":1,"60":0,"61":1,"62":0,"63":1,"64":0,"65":1,"66":0,"67":1,"68":0,"69":1,"70":0,"71":1,"72":1,"73":0,"74":1,"75":1,"76":0,"77":1,"78":0,"79":1,"80":0,"81":1,"82":0,"83":1,"84":0,"85":1,"86":0,"87":1,"88":1,"89":0,"90":1,"91":1,"92":0,"93":1,"94":0,"95":1,"96":0,"97":1,"98":0,"99":1,"100":0,"101":1,"102":0,"103":1,"104":3,"105":0,"106":3,"107":3,"108":0,"109":1,"110":3,"111":0,"112":3,"113":0,"114":1,"115":5,"116":1,"117":1,"118":2,"119":1,"120":1,"121":1,"122":0,"123":1,"124":1,"125":1,"126":0,"127":1,"128":2,"129":6,"130":6,"131":2,"132":1,"133":2,"134":0,"135":2,"136":1,"137":0,"138":0,"139":0,"140":0,"141":0,"142":0,"143":0,"144":0,"145":0},"f":{"0":8,"1":8,"2":4,"3":6,"4":15,"5":15,"6":15,"7":5,"8":1,"9":1,"10":1,"11":5,"12":1,"13":1,"14":2,"15":6,"16":6,"17":1,"18":0,"19":0},"b":{"0":[2,0],"1":[8,0],"2":[0],"3":[0],"4":[8,8],"5":[0],"6":[8,0],"7":[8,1],"8":[0],"9":[4,0],"10":[4,1],"11":[1],"12":[10,5],"13":[10,5],"14":[5,2],"15":[5,0],"16":[1],"17":[5,5],"18":[1,1,1,1],"19":[0],"20":[0],"21":[0],"22":[1,1],"23":[0],"24":[1,1],"25":[0],"26":[0],"27":[1,1],"28":[0],"29":[1,1],"30":[0],"31":[0],"32":[0],"33":[1,1],"34":[0],"35":[1,1],"36":[0],"37":[0],"38":[1,1],"39":[0],"40":[0],"41":[0],"42":[1,1],"43":[0],"44":[1,1],"45":[0],"46":[0],"47":[1,1],"48":[0],"49":[3,3],"50":[0],"51":[3,3],"52":[0],"53":[1,1,2,1],"54":[1,0],"55":[0],"56":[1,0],"57":[0],"58":[4,2],"59":[2,0],"60":[1],"61":[0],"62":[0],"63":[0,0],"64":[0]}}
,"/Users/cjruiz/gotlockz-bot/src/services/mlbService.ts": {"path":"/Users/cjruiz/gotlockz-bot/src/services/mlbService.ts","statementMap":{"0":{"start":{"line":45,"column":0},"end":{"line":45,"column":7}},"1":{"start":{"line":4,"column":0},"end":{"line":4,"column":26}},"2":{"start":{"line":46,"column":2},"end":{"line":54,"column":3}},"3":{"start":{"line":48,"column":21},"end":{"line":48,"column":51}},"4":{"start":{"line":49,"column":4},"end":{"line":51,"column":5}},"5":{"start":{"line":50,"column":6},"end":{"line":50,"column":22}},"6":{"start":{"line":53,"column":4},"end":{"line":53,"column":51}},"7":{"start":{"line":57,"column":2},"end":{"line":57,"column":38}},"8":{"start":{"line":64,"column":2},"end":{"line":113,"column":3}},"9":{"start":{"line":66,"column":22},"end":{"line":66,"column":55}},"10":{"start":{"line":67,"column":4},"end":{"line":67,"column":32}},"11":{"start":{"line":67,"column":20},"end":{"line":67,"column":32}},"12":{"start":{"line":69,"column":18},"end":{"line":69,"column":42}},"13":{"start":{"line":70,"column":18},"end":{"line":70,"column":42}},"14":{"start":{"line":73,"column":18},"end":{"line":73,"column":56}},"15":{"start":{"line":76,"column":24},"end":{"line":76,"column":90}},"16":{"start":{"line":77,"column":29},"end":{"line":77,"column":57}},"17":{"start":{"line":79,"column":4},"end":{"line":110,"column":5}},"18":{"start":{"line":80,"column":20},"end":{"line":80,"column":56}},"19":{"start":{"line":83,"column":19},"end":{"line":89,"column":8}},"20":{"start":{"line":84,"column":26},"end":{"line":84,"column":61}},"21":{"start":{"line":85,"column":26},"end":{"line":85,"column":61}},"22":{"start":{"line":86,"column":8},"end":{"line":88,"column":71}},"23":{"start":{"line":91,"column":6},"end":{"line":109,"column":7}},"24":{"start":{"line":92,"column":26},"end":{"line":92,"column":66}},"25":{"start":{"line":93,"column":26},"end":{"line":93,"column":66}},"26":{"start":{"line":94,"column":26},"end":{"line":94,"column":52}},"27":{"start":{"line":95,"column":26},"end":{"line":95,"column":52}},"28":{"start":{"line":96,"column":23},"end":{"line":96,"column":79}},"29":{"start":{"line":98,"column":8},"end":{"line":108,"column":10}},"30":{"start":{"line":112,"column":4},"end":{"line":112,"column":53}},"31":{"start":{"line":115,"column":2},"end":{"line":115,"column":14}},"32":{"start":{"line":122,"column":2},"end":{"line":133,"column":4}},"33":{"start":{"line":140,"column":20},"end":{"line":140,"column":53}},"34":{"start":{"line":141,"column":16},"end":{"line":141,"column":63}},"35":{"start":{"line":142,"column":16},"end":{"line":142,"column":63}},"36":{"start":{"line":144,"column":2},"end":{"line":154,"column":4}}},"fnMap":{"0":{"name":"getGameData","decl":{"start":{"line":45,"column":22},"end":{"line":45,"column":33}},"loc":{"start":{"line":45,"column":48},"end":{"line":58,"column":1}}},"1":{"name":"fetchMLBGameData","decl":{"start":{"line":63,"column":15},"end":{"line":63,"column":31}},"loc":{"start":{"line":63,"column":46},"end":{"line":116,"column":1}}},"2":{"name":"(anonymous_3)","decl":{"start":{"line":83,"column":30},"end":{"line":83,"column":31}},"loc":{"start":{"line":83,"column":41},"end":{"line":89,"column":7}}},"3":{"name":"generateTeamStats","decl":{"start":{"line":121,"column":9},"end":{"line":121,"column":26}},"loc":{"start":{"line":121,"column":43},"end":{"line":134,"column":1}}},"4":{"name":"generateMockGameData","decl":{"start":{"line":139,"column":9},"end":{"line":139,"column":29}},"loc":{"start":{"line":139,"column":44},"end":{"line":155,"column":1}}}},"branchMap":{"0":{"loc":{"start":{"line":49,"column":4},"end":{"line":51,"column":5}},"type":"if","locations":[{"start":{"line":49,"column":4},"end":{"line":51,"column":5}}]},"1":{"loc":{"start":{"line":67,"column":4},"end":{"line":67,"column":32}},"type":"if","locations":[{"start":{"line":67,"column":4},"end":{"line":67,"column":32}}]},"2":{"loc":{"start":{"line":69,"column":18},"end":{"line":69,"column":42}},"type":"binary-expr","locations":[{"start":{"line":69,"column":18},"end":{"line":69,"column":30}},{"start":{"line":69,"column":34},"end":{"line":69,"column":42}}]},"3":{"loc":{"start":{"line":70,"column":18},"end":{"line":70,"column":42}},"type":"binary-expr","locations":[{"start":{"line":70,"column":18},"end":{"line":70,"column":30}},{"start":{"line":70,"column":34},"end":{"line":70,"column":42}}]},"4":{"loc":{"start":{"line":79,"column":4},"end":{"line":110,"column":5}},"type":"if","locations":[{"start":{"line":79,"column":4},"end":{"line":110,"column":5}}]},"5":{"loc":{"start":{"line":79,"column":8},"end":{"line":79,"column":77}},"type":"binary-expr","locations":[{"start":{"line":79,"column":8},"end":{"line":79,"column":35}},{"start":{"line":79,"column":39},"end":{"line":79,"column":77}}]},"6":{"loc":{"start":{"line":84,"column":26},"end":{"line":84,"column":61}},"type":"binary-expr","locations":[{"start":{"line":84,"column":26},"end":{"line":84,"column":48}},{"start":{"line":84,"column":52},"end":{"line":84,"column":61}}]},"7":{"loc":{"start":{"line":85,"column":26},"end":{"line":85,"column":61}},"type":"binary-expr","locations":[{"start":{"line":85,"column":26},"end":{"line":85,"column":48}},{"start":{"line":85,"column":52},"end":{"line":85,"column":61}}]},"8":{"loc":{"start":{"line":86,"column":16},"end":{"line":88,"column":69}},"type":"binary-expr","locations":[{"start":{"line":86,"column":16},"end":{"line":86,"column":24}},{"start":{"line":86,"column":28},"end":{"line":86,"column":36}},{"start":{"line":87,"column":16},"end":{"line":87,"column":40}},{"start":{"line":87,"column":44},"end":{"line":87,"column":68}},{"start":{"line":88,"column":16},"end":{"line":88,"column":40}},{"start":{"line":88,"column":44},"end":{"line":88,"column":68}}]},"9":{"loc":{"start":{"line":91,"column":6},"end":{"line":109,"column":7}},"type":"if","locations":[{"start":{"line":91,"column":6},"end":{"line":109,"column":7}}]},"10":{"loc":{"start":{"line":92,"column":26},"end":{"line":92,"column":66}},"type":"binary-expr","locations":[{"start":{"line":92,"column":26},"end":{"line":92,"column":51}},{"start":{"line":92,"column":55},"end":{"line":92,"column":66}}]},"11":{"loc":{"start":{"line":93,"column":26},"end":{"line":93,"column":66}},"type":"binary-expr","locations":[{"start":{"line":93,"column":26},"end":{"line":93,"column":51}},{"start":{"line":93,"column":55},"end":{"line":93,"column":66}}]},"12":{"loc":{"start":{"line":94,"column":26},"end":{"line":94,"column":52}},"type":"binary-expr","locations":[{"start":{"line":94,"column":26},"end":{"line":94,"column":47}},{"start":{"line":94,"column":51},"end":{"line":94,"column":52}}]},"13":{"loc":{"start":{"line":95,"column":26},"end":{"line":95,"column":52}},"type":"binary-expr","locations":[{"start":{"line":95,"column":26},"end":{"line":95,"column":47}},{"start":{"line":95,"column":51},"end":{"line":95,"column":52}}]},"14":{"loc":{"start":{"line":96,"column":24},"end":{"line":96,"column":64}},"type":"binary-expr","locations":[{"start":{"line":96,"column":24},"end":{"line":96,"column":49}},{"start":{"line":96,"column":53},"end":{"line":96,"column":64}}]},"15":{"loc":{"start":{"line":100,"column":16},"end":{"line":100,"column":49}},"type":"binary-expr","locations":[{"start":{"line":100,"column":16},"end":{"line":100,"column":43}},{"start":{"line":100,"column":47},"end":{"line":100,"column":49}}]},"16":{"loc":{"start":{"line":141,"column":16},"end":{"line":141,"column":63}},"type":"cond-expr","locations":[{"start":{"line":141,"column":28},"end":{"line":141,"column":52}},{"start":{"line":141,"column":55},"end":{"line":141,"column":63}}]},"17":{"loc":{"start":{"line":141,"column":28},"end":{"line":141,"column":52}},"type":"binary-expr","locations":[{"start":{"line":141,"column":28},"end":{"line":141,"column":40}},{"start":{"line":141,"column":44},"end":{"line":141,"column":52}}]},"18":{"loc":{"start":{"line":142,"column":16},"end":{"line":142,"column":63}},"type":"cond-expr","locations":[{"start":{"line":142,"column":28},"end":{"line":142,"column":52}},{"start":{"line":142,"column":55},"end":{"line":142,"column":63}}]},"19":{"loc":{"start":{"line":142,"column":28},"end":{"line":142,"column":52}},"type":"binary-expr","locations":[{"start":{"line":142,"column":28},"end":{"line":142,"column":40}},{"start":{"line":142,"column":44},"end":{"line":142,"column":52}}]},"20":{"loc":{"start":{"line":146,"column":10},"end":{"line":146,"column":54}},"type":"binary-expr","locations":[{"start":{"line":146,"column":10},"end":{"line":146,"column":48}},{"start":{"line":146,"column":52},"end":{"line":146,"column":54}}]},"21":{"loc":{"start":{"line":151,"column":34},"end":{"line":151,"column":51}},"type":"binary-expr","locations":[{"start":{"line":151,"column":34},"end":{"line":151,"column":39}},{"start":{"line":151,"column":43},"end":{"line":151,"column":51}}]},"22":{"loc":{"start":{"line":152,"column":34},"end":{"line":152,"column":51}},"type":"binary-expr","locations":[{"start":{"line":152,"column":34},"end":{"line":152,"column":39}},{"start":{"line":152,"column":43},"end":{"line":152,"column":51}}]}},"s":{"0":2,"1":2,"2":6,"3":6,"4":6,"5":0,"6":0,"7":6,"8":6,"9":6,"10":6,"11":0,"12":6,"13":6,"14":6,"15":6,"16":6,"17":5,"18":1,"19":1,"20":1,"21":1,"22":1,"23":1,"24":0,"25":0,"26":0,"27":0,"28":0,"29":0,"30":4,"31":6,"32":12,"33":6,"34":6,"35":6,"36":6},"f":{"0":6,"1":6,"2":1,"3":12,"4":6},"b":{"0":[0],"1":[0],"2":[6,0],"3":[6,0],"4":[1],"5":[5,2],"6":[1,0],"7":[1,0],"8":[1,1,1,1,0,0],"9":[0],"10":[0,0],"11":[0,0],"12":[0,0],"13":[0,0],"14":[0,0],"15":[0,0],"16":[6,0],"17":[6,0],"18":[6,0],"19":[6,0],"20":[6,0],"21":[6,0],"22":[6,0]}}
,"/Users/cjruiz/gotlockz-bot/src/services/ocrParser.ts": {"path":"/Users/cjruiz/gotlockz-bot/src/services/ocrParser.ts","statementMap":{"0":{"start":{"line":39,"column":0},"end":{"line":39,"column":7}},"1":{"start":{"line":90,"column":0},"end":{"line":90,"column":16}},"2":{"start":{"line":156,"column":0},"end":{"line":156,"column":16}},"3":{"start":{"line":192,"column":0},"end":{"line":192,"column":7}},"4":{"start":{"line":244,"column":0},"end":{"line":244,"column":7}},"5":{"start":{"line":5,"column":0},"end":{"line":5,"column":28}},"6":{"start":{"line":6,"column":0},"end":{"line":6,"column":37}},"7":{"start":{"line":7,"column":0},"end":{"line":7,"column":60}},"8":{"start":{"line":8,"column":0},"end":{"line":8,"column":38}},"9":{"start":{"line":40,"column":2},"end":{"line":40,"column":52}},"10":{"start":{"line":42,"column":2},"end":{"line":81,"column":3}},"11":{"start":{"line":43,"column":18},"end":{"line":43,"column":41}},"12":{"start":{"line":44,"column":26},"end":{"line":44,"column":37}},"13":{"start":{"line":45,"column":27},"end":{"line":45,"column":39}},"14":{"start":{"line":47,"column":4},"end":{"line":47,"column":78}},"15":{"start":{"line":50,"column":25},"end":{"line":50,"column":29}},"16":{"start":{"line":51,"column":18},"end":{"line":51,"column":47}},"17":{"start":{"line":52,"column":21},"end":{"line":52,"column":54}},"18":{"start":{"line":54,"column":4},"end":{"line":54,"column":51}},"19":{"start":{"line":55,"column":4},"end":{"line":55,"column":62}},"20":{"start":{"line":58,"column":4},"end":{"line":58,"column":22}},"21":{"start":{"line":61,"column":4},"end":{"line":61,"column":24}},"22":{"start":{"line":64,"column":4},"end":{"line":64,"column":22}},"23":{"start":{"line":67,"column":4},"end":{"line":69,"column":5}},"24":{"start":{"line":68,"column":6},"end":{"line":68,"column":24}},"25":{"start":{"line":72,"column":4},"end":{"line":72,"column":34}},"26":{"start":{"line":74,"column":28},"end":{"line":74,"column":62}},"27":{"start":{"line":75,"column":4},"end":{"line":75,"column":51}},"28":{"start":{"line":77,"column":4},"end":{"line":77,"column":27}},"29":{"start":{"line":79,"column":4},"end":{"line":79,"column":58}},"30":{"start":{"line":80,"column":4},"end":{"line":80,"column":60}},"31":{"start":{"line":91,"column":2},"end":{"line":91,"column":88}},"32":{"start":{"line":93,"column":2},"end":{"line":95,"column":3}},"33":{"start":{"line":94,"column":4},"end":{"line":94,"column":14}},"34":{"start":{"line":98,"column":22},"end":{"line":98,"column":70}},"35":{"start":{"line":98,"column":48},"end":{"line":98,"column":69}},"36":{"start":{"line":100,"column":36},"end":{"line":100,"column":38}},"37":{"start":{"line":101,"column":31},"end":{"line":101,"column":48}},"38":{"start":{"line":102,"column":17},"end":{"line":102,"column":40}},"39":{"start":{"line":104,"column":2},"end":{"line":119,"column":3}},"40":{"start":{"line":104,"column":15},"end":{"line":104,"column":16}},"41":{"start":{"line":105,"column":17},"end":{"line":105,"column":32}},"42":{"start":{"line":106,"column":18},"end":{"line":106,"column":51}},"43":{"start":{"line":108,"column":4},"end":{"line":118,"column":5}},"44":{"start":{"line":110,"column":6},"end":{"line":110,"column":32}},"45":{"start":{"line":113,"column":6},"end":{"line":115,"column":7}},"46":{"start":{"line":114,"column":8},"end":{"line":114,"column":59}},"47":{"start":{"line":116,"column":6},"end":{"line":116,"column":30}},"48":{"start":{"line":117,"column":6},"end":{"line":117,"column":30}},"49":{"start":{"line":122,"column":2},"end":{"line":124,"column":3}},"50":{"start":{"line":123,"column":4},"end":{"line":123,"column":55}},"51":{"start":{"line":126,"column":2},"end":{"line":126,"column":60}},"52":{"start":{"line":127,"column":2},"end":{"line":127,"column":18}},"53":{"start":{"line":137,"column":22},"end":{"line":137,"column":70}},"54":{"start":{"line":137,"column":48},"end":{"line":137,"column":69}},"55":{"start":{"line":139,"column":15},"end":{"line":139,"column":53}},"56":{"start":{"line":139,"column":36},"end":{"line":139,"column":42}},"57":{"start":{"line":140,"column":26},"end":{"line":140,"column":79}},"58":{"start":{"line":140,"column":57},"end":{"line":140,"column":75}},"59":{"start":{"line":141,"column":28},"end":{"line":141,"column":64}},"60":{"start":{"line":143,"column":2},"end":{"line":147,"column":4}},"61":{"start":{"line":157,"column":2},"end":{"line":157,"column":53}},"62":{"start":{"line":159,"column":2},"end":{"line":162,"column":3}},"63":{"start":{"line":160,"column":4},"end":{"line":160,"column":63}},"64":{"start":{"line":161,"column":4},"end":{"line":161,"column":14}},"65":{"start":{"line":164,"column":32},"end":{"line":164,"column":34}},"66":{"start":{"line":166,"column":2},"end":{"line":181,"column":3}},"67":{"start":{"line":167,"column":4},"end":{"line":180,"column":5}},"68":{"start":{"line":168,"column":6},"end":{"line":177,"column":9}},"69":{"start":{"line":179,"column":6},"end":{"line":179,"column":91}},"70":{"start":{"line":183,"column":2},"end":{"line":183,"column":93}},"71":{"start":{"line":184,"column":2},"end":{"line":184,"column":23}},"72":{"start":{"line":193,"column":2},"end":{"line":193,"column":56}},"73":{"start":{"line":195,"column":2},"end":{"line":236,"column":3}},"74":{"start":{"line":196,"column":47},"end":{"line":196,"column":55}},"75":{"start":{"line":198,"column":4},"end":{"line":200,"column":5}},"76":{"start":{"line":199,"column":6},"end":{"line":199,"column":85}},"77":{"start":{"line":202,"column":19},"end":{"line":204,"column":6}},"78":{"start":{"line":206,"column":21},"end":{"line":206,"column":60}},"79":{"start":{"line":207,"column":23},"end":{"line":207,"column":45}},"80":{"start":{"line":209,"column":4},"end":{"line":212,"column":5}},"81":{"start":{"line":210,"column":6},"end":{"line":210,"column":58}},"82":{"start":{"line":211,"column":6},"end":{"line":211,"column":16}},"83":{"start":{"line":215,"column":18},"end":{"line":227,"column":6}},"84":{"start":{"line":216,"column":23},"end":{"line":216,"column":62}},"85":{"start":{"line":217,"column":17},"end":{"line":217,"column":57}},"86":{"start":{"line":217,"column":47},"end":{"line":217,"column":55}},"87":{"start":{"line":218,"column":17},"end":{"line":218,"column":57}},"88":{"start":{"line":218,"column":47},"end":{"line":218,"column":55}},"89":{"start":{"line":219,"column":17},"end":{"line":219,"column":57}},"90":{"start":{"line":219,"column":47},"end":{"line":219,"column":55}},"91":{"start":{"line":220,"column":17},"end":{"line":220,"column":57}},"92":{"start":{"line":220,"column":47},"end":{"line":220,"column":55}},"93":{"start":{"line":222,"column":6},"end":{"line":226,"column":8}},"94":{"start":{"line":229,"column":21},"end":{"line":229,"column":42}},"95":{"start":{"line":230,"column":4},"end":{"line":230,"column":75}},"96":{"start":{"line":232,"column":4},"end":{"line":232,"column":20}},"97":{"start":{"line":234,"column":4},"end":{"line":234,"column":56}},"98":{"start":{"line":235,"column":4},"end":{"line":235,"column":58}},"99":{"start":{"line":245,"column":2},"end":{"line":245,"column":53}},"100":{"start":{"line":247,"column":2},"end":{"line":319,"column":3}},"101":{"start":{"line":249,"column":28},"end":{"line":249,"column":57}},"102":{"start":{"line":252,"column":4},"end":{"line":252,"column":52}},"103":{"start":{"line":253,"column":28},"end":{"line":259,"column":6}},"104":{"start":{"line":255,"column":8},"end":{"line":257,"column":9}},"105":{"start":{"line":256,"column":10},"end":{"line":256,"column":81}},"106":{"start":{"line":262,"column":18},"end":{"line":262,"column":63}},"107":{"start":{"line":264,"column":4},"end":{"line":273,"column":5}},"108":{"start":{"line":265,"column":6},"end":{"line":265,"column":82}},"109":{"start":{"line":266,"column":26},"end":{"line":266,"column":72}},"110":{"start":{"line":267,"column":6},"end":{"line":272,"column":8}},"111":{"start":{"line":276,"column":21},"end":{"line":276,"column":42}},"112":{"start":{"line":279,"column":28},"end":{"line":279,"column":75}},"113":{"start":{"line":279,"column":53},"end":{"line":279,"column":71}},"114":{"start":{"line":280,"column":30},"end":{"line":280,"column":60}},"115":{"start":{"line":282,"column":4},"end":{"line":282,"column":75}},"116":{"start":{"line":285,"column":4},"end":{"line":298,"column":5}},"117":{"start":{"line":286,"column":6},"end":{"line":286,"column":78}},"118":{"start":{"line":287,"column":6},"end":{"line":297,"column":7}},"119":{"start":{"line":288,"column":28},"end":{"line":288,"column":74}},"120":{"start":{"line":289,"column":8},"end":{"line":294,"column":10}},"121":{"start":{"line":296,"column":8},"end":{"line":296,"column":81}},"122":{"start":{"line":301,"column":34},"end":{"line":301,"column":73}},"123":{"start":{"line":301,"column":55},"end":{"line":301,"column":72}},"124":{"start":{"line":302,"column":4},"end":{"line":307,"column":5}},"125":{"start":{"line":303,"column":6},"end":{"line":303,"column":58}},"126":{"start":{"line":304,"column":6},"end":{"line":306,"column":9}},"127":{"start":{"line":305,"column":8},"end":{"line":305,"column":93}},"128":{"start":{"line":309,"column":4},"end":{"line":314,"column":6}},"129":{"start":{"line":317,"column":4},"end":{"line":317,"column":50}},"130":{"start":{"line":318,"column":4},"end":{"line":318,"column":52}}},"fnMap":{"0":{"name":"preprocess","decl":{"start":{"line":39,"column":22},"end":{"line":39,"column":32}},"loc":{"start":{"line":39,"column":47},"end":{"line":82,"column":1}}},"1":{"name":"clusterByY","decl":{"start":{"line":90,"column":16},"end":{"line":90,"column":26}},"loc":{"start":{"line":90,"column":66},"end":{"line":128,"column":1}}},"2":{"name":"(anonymous_3)","decl":{"start":{"line":98,"column":38},"end":{"line":98,"column":39}},"loc":{"start":{"line":98,"column":48},"end":{"line":98,"column":69}}},"3":{"name":"createClusteredLine","decl":{"start":{"line":135,"column":9},"end":{"line":135,"column":28}},"loc":{"start":{"line":135,"column":42},"end":{"line":148,"column":1}}},"4":{"name":"(anonymous_5)","decl":{"start":{"line":137,"column":38},"end":{"line":137,"column":39}},"loc":{"start":{"line":137,"column":48},"end":{"line":137,"column":69}}},"5":{"name":"(anonymous_6)","decl":{"start":{"line":139,"column":31},"end":{"line":139,"column":32}},"loc":{"start":{"line":139,"column":36},"end":{"line":139,"column":42}}},"6":{"name":"(anonymous_7)","decl":{"start":{"line":140,"column":45},"end":{"line":140,"column":46}},"loc":{"start":{"line":140,"column":57},"end":{"line":140,"column":75}}},"7":{"name":"parseTesseractWords","decl":{"start":{"line":156,"column":16},"end":{"line":156,"column":35}},"loc":{"start":{"line":156,"column":73},"end":{"line":185,"column":1}}},"8":{"name":"analyzeWithGoogleVision","decl":{"start":{"line":192,"column":22},"end":{"line":192,"column":45}},"loc":{"start":{"line":192,"column":65},"end":{"line":237,"column":1}}},"9":{"name":"(anonymous_10)","decl":{"start":{"line":215,"column":42},"end":{"line":215,"column":52}},"loc":{"start":{"line":215,"column":55},"end":{"line":227,"column":5}}},"10":{"name":"(anonymous_11)","decl":{"start":{"line":217,"column":42},"end":{"line":217,"column":43}},"loc":{"start":{"line":217,"column":47},"end":{"line":217,"column":55}}},"11":{"name":"(anonymous_12)","decl":{"start":{"line":218,"column":42},"end":{"line":218,"column":43}},"loc":{"start":{"line":218,"column":47},"end":{"line":218,"column":55}}},"12":{"name":"(anonymous_13)","decl":{"start":{"line":219,"column":42},"end":{"line":219,"column":43}},"loc":{"start":{"line":219,"column":47},"end":{"line":219,"column":55}}},"13":{"name":"(anonymous_14)","decl":{"start":{"line":220,"column":42},"end":{"line":220,"column":43}},"loc":{"start":{"line":220,"column":47},"end":{"line":220,"column":55}}},"14":{"name":"parseImage","decl":{"start":{"line":244,"column":22},"end":{"line":244,"column":32}},"loc":{"start":{"line":244,"column":52},"end":{"line":320,"column":1}}},"15":{"name":"(anonymous_16)","decl":{"start":{"line":254,"column":14},"end":{"line":254,"column":15}},"loc":{"start":{"line":254,"column":18},"end":{"line":258,"column":7}}},"16":{"name":"(anonymous_17)","decl":{"start":{"line":279,"column":41},"end":{"line":279,"column":42}},"loc":{"start":{"line":279,"column":53},"end":{"line":279,"column":71}}},"17":{"name":"(anonymous_18)","decl":{"start":{"line":301,"column":50},"end":{"line":301,"column":51}},"loc":{"start":{"line":301,"column":55},"end":{"line":301,"column":72}}},"18":{"name":"(anonymous_19)","decl":{"start":{"line":304,"column":36},"end":{"line":304,"column":37}},"loc":{"start":{"line":304,"column":55},"end":{"line":306,"column":7}}}},"branchMap":{"0":{"loc":{"start":{"line":67,"column":4},"end":{"line":69,"column":5}},"type":"if","locations":[{"start":{"line":67,"column":4},"end":{"line":69,"column":5}}]},"1":{"loc":{"start":{"line":67,"column":8},"end":{"line":67,"column":43}},"type":"binary-expr","locations":[{"start":{"line":67,"column":8},"end":{"line":67,"column":23}},{"start":{"line":67,"column":27},"end":{"line":67,"column":43}}]},"2":{"loc":{"start":{"line":90,"column":42},"end":{"line":90,"column":66}},"type":"default-arg","locations":[{"start":{"line":90,"column":64},"end":{"line":90,"column":66}}]},"3":{"loc":{"start":{"line":93,"column":2},"end":{"line":95,"column":3}},"type":"if","locations":[{"start":{"line":93,"column":2},"end":{"line":95,"column":3}}]},"4":{"loc":{"start":{"line":108,"column":4},"end":{"line":118,"column":5}},"type":"if","locations":[{"start":{"line":108,"column":4},"end":{"line":118,"column":5}},{"start":{"line":111,"column":11},"end":{"line":118,"column":5}}]},"5":{"loc":{"start":{"line":113,"column":6},"end":{"line":115,"column":7}},"type":"if","locations":[{"start":{"line":113,"column":6},"end":{"line":115,"column":7}}]},"6":{"loc":{"start":{"line":122,"column":2},"end":{"line":124,"column":3}},"type":"if","locations":[{"start":{"line":122,"column":2},"end":{"line":124,"column":3}}]},"7":{"loc":{"start":{"line":156,"column":47},"end":{"line":156,"column":73}},"type":"default-arg","locations":[{"start":{"line":156,"column":71},"end":{"line":156,"column":73}}]},"8":{"loc":{"start":{"line":159,"column":2},"end":{"line":162,"column":3}},"type":"if","locations":[{"start":{"line":159,"column":2},"end":{"line":162,"column":3}}]},"9":{"loc":{"start":{"line":159,"column":6},"end":{"line":159,"column":47}},"type":"binary-expr","locations":[{"start":{"line":159,"column":6},"end":{"line":159,"column":17}},{"start":{"line":159,"column":21},"end":{"line":159,"column":47}}]},"10":{"loc":{"start":{"line":167,"column":4},"end":{"line":180,"column":5}},"type":"if","locations":[{"start":{"line":167,"column":4},"end":{"line":180,"column":5}},{"start":{"line":178,"column":11},"end":{"line":180,"column":5}}]},"11":{"loc":{"start":{"line":198,"column":4},"end":{"line":200,"column":5}},"type":"if","locations":[{"start":{"line":198,"column":4},"end":{"line":200,"column":5}}]},"12":{"loc":{"start":{"line":209,"column":4},"end":{"line":212,"column":5}},"type":"if","locations":[{"start":{"line":209,"column":4},"end":{"line":212,"column":5}}]},"13":{"loc":{"start":{"line":209,"column":8},"end":{"line":209,"column":46}},"type":"binary-expr","locations":[{"start":{"line":209,"column":8},"end":{"line":209,"column":19}},{"start":{"line":209,"column":23},"end":{"line":209,"column":46}}]},"14":{"loc":{"start":{"line":216,"column":23},"end":{"line":216,"column":62}},"type":"binary-expr","locations":[{"start":{"line":216,"column":23},"end":{"line":216,"column":56}},{"start":{"line":216,"column":60},"end":{"line":216,"column":62}}]},"15":{"loc":{"start":{"line":217,"column":47},"end":{"line":217,"column":55}},"type":"binary-expr","locations":[{"start":{"line":217,"column":47},"end":{"line":217,"column":50}},{"start":{"line":217,"column":54},"end":{"line":217,"column":55}}]},"16":{"loc":{"start":{"line":218,"column":47},"end":{"line":218,"column":55}},"type":"binary-expr","locations":[{"start":{"line":218,"column":47},"end":{"line":218,"column":50}},{"start":{"line":218,"column":54},"end":{"line":218,"column":55}}]},"17":{"loc":{"start":{"line":219,"column":47},"end":{"line":219,"column":55}},"type":"binary-expr","locations":[{"start":{"line":219,"column":47},"end":{"line":219,"column":50}},{"start":{"line":219,"column":54},"end":{"line":219,"column":55}}]},"18":{"loc":{"start":{"line":220,"column":47},"end":{"line":220,"column":55}},"type":"binary-expr","locations":[{"start":{"line":220,"column":47},"end":{"line":220,"column":50}},{"start":{"line":220,"column":54},"end":{"line":220,"column":55}}]},"19":{"loc":{"start":{"line":223,"column":14},"end":{"line":223,"column":42}},"type":"binary-expr","locations":[{"start":{"line":223,"column":14},"end":{"line":223,"column":36}},{"start":{"line":223,"column":40},"end":{"line":223,"column":42}}]},"20":{"loc":{"start":{"line":255,"column":8},"end":{"line":257,"column":9}},"type":"if","locations":[{"start":{"line":255,"column":8},"end":{"line":257,"column":9}}]},"21":{"loc":{"start":{"line":264,"column":4},"end":{"line":273,"column":5}},"type":"if","locations":[{"start":{"line":264,"column":4},"end":{"line":273,"column":5}}]},"22":{"loc":{"start":{"line":285,"column":4},"end":{"line":298,"column":5}},"type":"if","locations":[{"start":{"line":285,"column":4},"end":{"line":298,"column":5}}]},"23":{"loc":{"start":{"line":302,"column":4},"end":{"line":307,"column":5}},"type":"if","locations":[{"start":{"line":302,"column":4},"end":{"line":307,"column":5}}]}},"s":{"0":2,"1":2,"2":2,"3":2,"4":2,"5":2,"6":2,"7":2,"8":2,"9":2,"10":2,"11":2,"12":1,"13":1,"14":1,"15":1,"16":1,"17":1,"18":1,"19":1,"20":1,"21":1,"22":1,"23":1,"24":1,"25":1,"26":1,"27":1,"28":1,"29":1,"30":1,"31":3,"32":3,"33":1,"34":2,"35":10,"36":2,"37":2,"38":2,"39":2,"40":2,"41":7,"42":7,"43":7,"44":6,"45":1,"46":1,"47":1,"48":1,"49":2,"50":2,"51":2,"52":2,"53":3,"54":10,"55":3,"56":9,"57":3,"58":9,"59":3,"60":3,"61":2,"62":2,"63":1,"64":1,"65":1,"66":1,"67":4,"68":2,"69":2,"70":1,"71":1,"72":0,"73":0,"74":0,"75":0,"76":0,"77":0,"78":0,"79":0,"80":0,"81":0,"82":0,"83":0,"84":0,"85":0,"86":0,"87":0,"88":0,"89":0,"90":0,"91":0,"92":0,"93":0,"94":0,"95":0,"96":0,"97":0,"98":0,"99":0,"100":0,"101":0,"102":0,"103":0,"104":0,"105":0,"106":0,"107":0,"108":0,"109":0,"110":0,"111":0,"112":0,"113":0,"114":0,"115":0,"116":0,"117":0,"118":0,"119":0,"120":0,"121":0,"122":0,"123":0,"124":0,"125":0,"126":0,"127":0,"128":0,"129":0,"130":0},"f":{"0":2,"1":3,"2":10,"3":3,"4":10,"5":9,"6":9,"7":2,"8":0,"9":0,"10":0,"11":0,"12":0,"13":0,"14":0,"15":0,"16":0,"17":0,"18":0},"b":{"0":[1],"1":[1,1],"2":[0],"3":[1],"4":[6,1],"5":[1],"6":[2],"7":[0],"8":[1],"9":[2,1],"10":[2,2],"11":[0],"12":[0],"13":[0,0],"14":[0,0],"15":[0,0],"16":[0,0],"17":[0,0],"18":[0,0],"19":[0,0],"20":[0],"21":[0],"22":[0],"23":[0]}}
,"/Users/cjruiz/gotlockz-bot/src/services/ocrService.ts": {"path":"/Users/cjruiz/gotlockz-bot/src/services/ocrService.ts","statementMap":{"0":{"start":{"line":24,"column":0},"end":{"line":24,"column":7}},"1":{"start":{"line":4,"column":0},"end":{"line":4,"column":26}},"2":{"start":{"line":5,"column":0},"end":{"line":5,"column":37}},"3":{"start":{"line":6,"column":0},"end":{"line":6,"column":38}},"4":{"start":{"line":7,"column":0},"end":{"line":7,"column":58}},"5":{"start":{"line":25,"column":2},"end":{"line":25,"column":54}},"6":{"start":{"line":26,"column":2},"end":{"line":26,"column":62}},"7":{"start":{"line":28,"column":2},"end":{"line":50,"column":3}},"8":{"start":{"line":30,"column":36},"end":{"line":30,"column":59}},"9":{"start":{"line":32,"column":4},"end":{"line":32,"column":44}},"10":{"start":{"line":33,"column":4},"end":{"line":33,"column":63}},"11":{"start":{"line":34,"column":4},"end":{"line":34,"column":83}},"12":{"start":{"line":35,"column":4},"end":{"line":35,"column":106}},"13":{"start":{"line":36,"column":4},"end":{"line":36,"column":104}},"14":{"start":{"line":39,"column":22},"end":{"line":39,"column":96}},"15":{"start":{"line":39,"column":47},"end":{"line":39,"column":56}},"16":{"start":{"line":39,"column":73},"end":{"line":39,"column":95}},"17":{"start":{"line":41,"column":4},"end":{"line":41,"column":81}},"18":{"start":{"line":42,"column":4},"end":{"line":42,"column":21}},"19":{"start":{"line":45,"column":4},"end":{"line":45,"column":51}},"20":{"start":{"line":48,"column":4},"end":{"line":48,"column":60}},"21":{"start":{"line":49,"column":4},"end":{"line":49,"column":44}},"22":{"start":{"line":57,"column":2},"end":{"line":74,"column":3}},"23":{"start":{"line":59,"column":34},"end":{"line":59,"column":42}},"24":{"start":{"line":60,"column":4},"end":{"line":71,"column":5}},"25":{"start":{"line":61,"column":6},"end":{"line":61,"column":56}},"26":{"start":{"line":62,"column":6},"end":{"line":68,"column":7}},"27":{"start":{"line":63,"column":23},"end":{"line":63,"column":74}},"28":{"start":{"line":64,"column":8},"end":{"line":64,"column":83}},"29":{"start":{"line":65,"column":8},"end":{"line":65,"column":22}},"30":{"start":{"line":67,"column":8},"end":{"line":67,"column":54}},"31":{"start":{"line":70,"column":6},"end":{"line":70,"column":80}},"32":{"start":{"line":73,"column":4},"end":{"line":73,"column":58}},"33":{"start":{"line":77,"column":2},"end":{"line":77,"column":58}},"34":{"start":{"line":78,"column":2},"end":{"line":86,"column":3}},"35":{"start":{"line":79,"column":19},"end":{"line":79,"column":52}},"36":{"start":{"line":80,"column":4},"end":{"line":80,"column":78}},"37":{"start":{"line":81,"column":4},"end":{"line":81,"column":18}},"38":{"start":{"line":83,"column":4},"end":{"line":83,"column":51}},"39":{"start":{"line":84,"column":4},"end":{"line":84,"column":63}},"40":{"start":{"line":85,"column":4},"end":{"line":85,"column":14}},"41":{"start":{"line":93,"column":22},"end":{"line":93,"column":46}},"42":{"start":{"line":95,"column":19},"end":{"line":95,"column":33}},"43":{"start":{"line":96,"column":2},"end":{"line":96,"column":36}},"44":{"start":{"line":97,"column":2},"end":{"line":97,"column":73}},"45":{"start":{"line":98,"column":2},"end":{"line":98,"column":37}},"46":{"start":{"line":99,"column":2},"end":{"line":99,"column":48}},"47":{"start":{"line":100,"column":2},"end":{"line":100,"column":37}},"48":{"start":{"line":102,"column":19},"end":{"line":106,"column":4}},"49":{"start":{"line":108,"column":2},"end":{"line":113,"column":3}},"50":{"start":{"line":109,"column":23},"end":{"line":109,"column":64}},"51":{"start":{"line":110,"column":18},"end":{"line":110,"column":91}},"52":{"start":{"line":110,"column":68},"end":{"line":110,"column":90}},"53":{"start":{"line":111,"column":4},"end":{"line":111,"column":86}},"54":{"start":{"line":112,"column":4},"end":{"line":112,"column":17}},"55":{"start":{"line":115,"column":2},"end":{"line":115,"column":55}},"56":{"start":{"line":122,"column":2},"end":{"line":122,"column":62}},"57":{"start":{"line":124,"column":17},"end":{"line":132,"column":4}},"58":{"start":{"line":126,"column":6},"end":{"line":130,"column":7}},"59":{"start":{"line":127,"column":8},"end":{"line":127,"column":79}},"60":{"start":{"line":129,"column":8},"end":{"line":129,"column":49}},"61":{"start":{"line":134,"column":16},"end":{"line":134,"column":93}},"62":{"start":{"line":134,"column":70},"end":{"line":134,"column":92}},"63":{"start":{"line":135,"column":2},"end":{"line":135,"column":90}},"64":{"start":{"line":136,"column":2},"end":{"line":136,"column":66}},"65":{"start":{"line":138,"column":2},"end":{"line":138,"column":15}}},"fnMap":{"0":{"name":"analyzeImage","decl":{"start":{"line":24,"column":22},"end":{"line":24,"column":34}},"loc":{"start":{"line":24,"column":48},"end":{"line":51,"column":1}}},"1":{"name":"(anonymous_2)","decl":{"start":{"line":39,"column":39},"end":{"line":39,"column":43}},"loc":{"start":{"line":39,"column":47},"end":{"line":39,"column":56}}},"2":{"name":"(anonymous_3)","decl":{"start":{"line":39,"column":65},"end":{"line":39,"column":69}},"loc":{"start":{"line":39,"column":73},"end":{"line":39,"column":95}}},"3":{"name":"fallbackToLegacyOCR","decl":{"start":{"line":56,"column":15},"end":{"line":56,"column":34}},"loc":{"start":{"line":56,"column":48},"end":{"line":87,"column":1}}},"4":{"name":"analyzeWithOCRSpace","decl":{"start":{"line":92,"column":15},"end":{"line":92,"column":34}},"loc":{"start":{"line":92,"column":64},"end":{"line":116,"column":1}}},"5":{"name":"(anonymous_6)","decl":{"start":{"line":110,"column":50},"end":{"line":110,"column":51}},"loc":{"start":{"line":110,"column":68},"end":{"line":110,"column":90}}},"6":{"name":"analyzeWithTesseract","decl":{"start":{"line":121,"column":15},"end":{"line":121,"column":35}},"loc":{"start":{"line":121,"column":49},"end":{"line":139,"column":1}}},"7":{"name":"(anonymous_8)","decl":{"start":{"line":125,"column":12},"end":{"line":125,"column":13}},"loc":{"start":{"line":125,"column":16},"end":{"line":131,"column":5}}},"8":{"name":"(anonymous_9)","decl":{"start":{"line":134,"column":52},"end":{"line":134,"column":53}},"loc":{"start":{"line":134,"column":70},"end":{"line":134,"column":92}}}},"branchMap":{"0":{"loc":{"start":{"line":36,"column":38},"end":{"line":36,"column":100}},"type":"cond-expr","locations":[{"start":{"line":36,"column":60},"end":{"line":36,"column":81}},{"start":{"line":36,"column":84},"end":{"line":36,"column":100}}]},"1":{"loc":{"start":{"line":60,"column":4},"end":{"line":71,"column":5}},"type":"if","locations":[{"start":{"line":60,"column":4},"end":{"line":71,"column":5}},{"start":{"line":69,"column":11},"end":{"line":71,"column":5}}]},"2":{"loc":{"start":{"line":108,"column":2},"end":{"line":113,"column":3}},"type":"if","locations":[{"start":{"line":108,"column":2},"end":{"line":113,"column":3}}]},"3":{"loc":{"start":{"line":108,"column":6},"end":{"line":108,"column":75}},"type":"binary-expr","locations":[{"start":{"line":108,"column":6},"end":{"line":108,"column":33}},{"start":{"line":108,"column":37},"end":{"line":108,"column":75}}]},"4":{"loc":{"start":{"line":126,"column":6},"end":{"line":130,"column":7}},"type":"if","locations":[{"start":{"line":126,"column":6},"end":{"line":130,"column":7}},{"start":{"line":128,"column":13},"end":{"line":130,"column":7}}]}},"s":{"0":1,"1":1,"2":1,"3":1,"4":1,"5":0,"6":0,"7":0,"8":0,"9":0,"10":0,"11":0,"12":0,"13":0,"14":0,"15":0,"16":0,"17":0,"18":0,"19":0,"20":0,"21":0,"22":0,"23":0,"24":0,"25":0,"26":0,"27":0,"28":0,"29":0,"30":0,"31":0,"32":0,"33":0,"34":0,"35":0,"36":0,"37":0,"38":0,"39":0,"40":0,"41":0,"42":0,"43":0,"44":0,"45":0,"46":0,"47":0,"48":0,"49":0,"50":0,"51":0,"52":0,"53":0,"54":0,"55":0,"56":0,"57":0,"58":0,"59":0,"60":0,"61":0,"62":0,"63":0,"64":0,"65":0},"f":{"0":0,"1":0,"2":0,"3":0,"4":0,"5":0,"6":0,"7":0,"8":0},"b":{"0":[0,0],"1":[0,0],"2":[0],"3":[0,0],"4":[0,0]}}
[...]
,"/Users/cjruiz/gotlockz-bot/src/services/weatherService.ts": {"path":"/Users/cjruiz/gotlockz-bot/src/services/weatherService.ts","statementMap":{"0":{"start":{"line":28,"column":0},"end":{"line":28,"column":7}},"1":{"start":{"line":5,"column":0},"end":{"line":5,"column":26}},"2":{"start":{"line":29,"column":17},"end":{"line":29,"column":50}},"3":{"start":{"line":30,"column":2},"end":{"line":33,"column":3}},"4":{"start":{"line":31,"column":4},"end":{"line":31,"column":48}},"5":{"start":{"line":32,"column":4},"end":{"line":32,"column":16}},"6":{"start":{"line":34,"column":2},"end":{"line":34,"column":25}},"7":{"start":{"line":34,"column":13},"end":{"line":34,"column":25}},"8":{"start":{"line":36,"column":14},"end":{"line":36,"column":124}},"9":{"start":{"line":38,"column":2},"end":{"line":48,"column":3}},"10":{"start":{"line":39,"column":21},"end":{"line":39,"column":61}},"11":{"start":{"line":40,"column":17},"end":{"line":40,"column":30}},"12":{"start":{"line":41,"column":4},"end":{"line":44,"column":6}},"13":{"start":{"line":46,"column":4},"end":{"line":46,"column":95}},"14":{"start":{"line":47,"column":4},"end":{"line":47,"column":16}}},"fnMap":{"0":{"name":"getForecast","decl":{"start":{"line":28,"column":22},"end":{"line":28,"column":33}},"loc":{"start":{"line":28,"column":46},"end":{"line":49,"column":1}}}},"branchMap":{"0":{"loc":{"start":{"line":30,"column":2},"end":{"line":33,"column":3}},"type":"if","locations":[{"start":{"line":30,"column":2},"end":{"line":33,"column":3}}]},"1":{"loc":{"start":{"line":34,"column":2},"end":{"line":34,"column":25}},"type":"if","locations":[{"start":{"line":34,"column":2},"end":{"line":34,"column":25}}]},"2":{"loc":{"start":{"line":46,"column":52},"end":{"line":46,"column":93}},"type":"binary-expr","locations":[{"start":{"line":46,"column":52},"end":{"line":46,"column":71}},{"start":{"line":46,"column":75},"end":{"line":46,"column":86}},{"start":{"line":46,"column":90},"end":{"line":46,"column":93}}]}},"s":{"0":1,"1":1,"2":0,"3":0,"4":0,"5":0,"6":0,"7":0,"8":0,"9":0,"10":0,"11":0,"12":0,"13":0,"14":0},"f":{"0":0},"b":{"0":[0],"1":[0],"2":[0,0,0]}}
,"/Users/cjruiz/gotlockz-bot/src/utils/env.ts": {"path":"/Users/cjruiz/gotlockz-bot/src/utils/env.ts","statementMap":{"0":{"start":{"line":1,"column":0},"end":{"line":1,"column":16}},"1":{"start":{"line":3,"column":28},"end":{"line":3,"column":92}},"2":{"start":{"line":4,"column":123},"end":{"line":4,"column":134}},"3":{"start":{"line":6,"column":2},"end":{"line":8,"column":3}},"4":{"start":{"line":7,"column":4},"end":{"line":7,"column":49}},"5":{"start":{"line":9,"column":2},"end":{"line":11,"column":3}},"6":{"start":{"line":10,"column":4},"end":{"line":10,"column":49}},"7":{"start":{"line":12,"column":2},"end":{"line":14,"column":3}},"8":{"start":{"line":13,"column":4},"end":{"line":13,"column":46}},"9":{"start":{"line":16,"column":2},"end":{"line":24,"column":4}}},"fnMap":{"0":{"name":"getEnv","decl":{"start":{"line":1,"column":16},"end":{"line":1,"column":22}},"loc":{"start":{"line":1,"column":22},"end":{"line":25,"column":1}}}},"branchMap":{"0":{"loc":{"start":{"line":3,"column":28},"end":{"line":3,"column":92}},"type":"binary-expr","locations":[{"start":{"line":3,"column":28},"end":{"line":3,"column":60}},{"start":{"line":3,"column":64},"end":{"line":3,"column":92}}]},"1":{"loc":{"start":{"line":6,"column":2},"end":{"line":8,"column":3}},"type":"if","locations":[{"start":{"line":6,"column":2},"end":{"line":8,"column":3}}]},"2":{"loc":{"start":{"line":9,"column":2},"end":{"line":11,"column":3}},"type":"if","locations":[{"start":{"line":9,"column":2},"end":{"line":11,"column":3}}]},"3":{"loc":{"start":{"line":12,"column":2},"end":{"line":14,"column":3}},"type":"if","locations":[{"start":{"line":12,"column":2},"end":{"line":14,"column":3}}]},"4":{"loc":{"start":{"line":23,"column":10},"end":{"line":23,"column":41}},"type":"cond-expr","locations":[{"start":{"line":23,"column":17},"end":{"line":23,"column":29}},{"start":{"line":23,"column":32},"end":{"line":23,"column":41}}]}},"s":{"0":5,"1":6,"2":6,"3":6,"4":1,"5":5,"6":1,"7":4,"8":1,"9":3},"f":{"0":6},"b":{"0":[6,2],"1":[1],"2":[1],"3":[1],"4":[0,3]}}
,"/Users/cjruiz/gotlockz-bot/src/utils/parser.ts": {"path":"/Users/cjruiz/gotlockz-bot/src/utils/parser.ts","statementMap":{"0":{"start":{"line":23,"column":0},"end":{"line":23,"column":7}},"1":{"start":{"line":24,"column":2},"end":{"line":24,"column":49}},"2":{"start":{"line":25,"column":2},"end":{"line":25,"column":49}},"3":{"start":{"line":27,"column":15},"end":{"line":27,"column":49}},"4":{"start":{"line":28,"column":2},"end":{"line":28,"column":41}},"5":{"start":{"line":31,"column":19},"end":{"line":31,"column":95}},"6":{"start":{"line":32,"column":2},"end":{"line":32,"column":41}},"7":{"start":{"line":35,"column":21},"end":{"line":35,"column":78}},"8":{"start":{"line":36,"column":16},"end":{"line":36,"column":75}},"9":{"start":{"line":37,"column":2},"end":{"line":37,"column":40}},"10":{"start":{"line":40,"column":25},"end":{"line":40,"column":27}},"11":{"start":{"line":42,"column":2},"end":{"line":94,"column":3}},"12":{"start":{"line":44,"column":23},"end":{"line":44,"column":81}},"13":{"start":{"line":45,"column":4},"end":{"line":45,"column":54}},"14":{"start":{"line":46,"column":4},"end":{"line":51,"column":5}},"15":{"start":{"line":47,"column":6},"end":{"line":50,"column":7}},"16":{"start":{"line":48,"column":20},"end":{"line":48,"column":35}},"17":{"start":{"line":49,"column":8},"end":{"line":49,"column":32}},"18":{"start":{"line":49,"column":17},"end":{"line":49,"column":32}},"19":{"start":{"line":54,"column":4},"end":{"line":54,"column":52}},"20":{"start":{"line":57,"column":22},"end":{"line":57,"column":78}},"21":{"start":{"line":58,"column":4},"end":{"line":93,"column":5}},"22":{"start":{"line":59,"column":6},"end":{"line":59,"column":53}},"23":{"start":{"line":60,"column":18},"end":{"line":65,"column":8}},"24":{"start":{"line":66,"column":6},"end":{"line":66,"column":21}},"25":{"start":{"line":69,"column":6},"end":{"line":69,"column":76}},"26":{"start":{"line":70,"column":6},"end":{"line":92,"column":7}},"27":{"start":{"line":71,"column":8},"end":{"line":71,"column":55}},"28":{"start":{"line":72,"column":20},"end":{"line":77,"column":10}},"29":{"start":{"line":78,"column":8},"end":{"line":78,"column":23}},"30":{"start":{"line":81,"column":8},"end":{"line":81,"column":61}},"31":{"start":{"line":82,"column":8},"end":{"line":91,"column":9}},"32":{"start":{"line":83,"column":10},"end":{"line":83,"column":57}},"33":{"start":{"line":84,"column":22},"end":{"line":89,"column":12}},"34":{"start":{"line":90,"column":10},"end":{"line":90,"column":25}},"35":{"start":{"line":96,"column":2},"end":{"line":96,"column":45}},"36":{"start":{"line":99,"column":2},"end":{"line":108,"column":3}},"37":{"start":{"line":100,"column":4},"end":{"line":100,"column":64}},"38":{"start":{"line":101,"column":24},"end":{"line":101,"column":51}},"39":{"start":{"line":102,"column":4},"end":{"line":107,"column":5}},"40":{"start":{"line":103,"column":6},"end":{"line":103,"column":29}},"41":{"start":{"line":104,"column":6},"end":{"line":104,"column":56}},"42":{"start":{"line":106,"column":6},"end":{"line":106,"column":45}},"43":{"start":{"line":110,"column":26},"end":{"line":114,"column":4}},"44":{"start":{"line":116,"column":2},"end":{"line":116,"column":49}},"45":{"start":{"line":117,"column":2},"end":{"line":117,"column":16}},"46":{"start":{"line":124,"column":2},"end":{"line":124,"column":47}},"47":{"start":{"line":127,"column":16},"end":{"line":127,"column":81}},"48":{"start":{"line":128,"column":2},"end":{"line":131,"column":3}},"49":{"start":{"line":129,"column":4},"end":{"line":129,"column":52}},"50":{"start":{"line":130,"column":4},"end":{"line":130,"column":16}},"51":{"start":{"line":133,"column":16},"end":{"line":133,"column":31}},"52":{"start":{"line":134,"column":16},"end":{"line":134,"column":31}},"53":{"start":{"line":135,"column":15},"end":{"line":135,"column":33}},"54":{"start":{"line":138,"column":17},"end":{"line":138,"column":50}},"55":{"start":{"line":140,"column":14},"end":{"line":145,"column":4}},"56":{"start":{"line":147,"column":2},"end":{"line":147,"column":36}},"57":{"start":{"line":148,"column":2},"end":{"line":148,"column":13}},"58":{"start":{"line":155,"column":2},"end":{"line":155,"column":49}},"59":{"start":{"line":157,"column":2},"end":{"line":203,"column":3}},"60":{"start":{"line":158,"column":4},"end":{"line":158,"column":45}},"61":{"start":{"line":161,"column":22},"end":{"line":161,"column":74}},"62":{"start":{"line":162,"column":22},"end":{"line":162,"column":43}},"63":{"start":{"line":164,"column":4},"end":{"line":164,"column":46}},"64":{"start":{"line":165,"column":4},"end":{"line":165,"column":45}},"65":{"start":{"line":167,"column":4},"end":{"line":182,"column":5}},"66":{"start":{"line":168,"column":20},"end":{"line":168,"column":39}},"67":{"start":{"line":169,"column":20},"end":{"line":169,"column":39}},"68":{"start":{"line":170,"column":19},"end":{"line":170,"column":41}},"69":{"start":{"line":171,"column":21},"end":{"line":171,"column":54}},"70":{"start":{"line":173,"column":18},"end":{"line":178,"column":8}},"71":{"start":{"line":180,"column":6},"end":{"line":180,"column":50}},"72":{"start":{"line":181,"column":6},"end":{"line":181,"column":17}},"73":{"start":{"line":186,"column":21},"end":{"line":186,"column":58}},"74":{"start":{"line":187,"column":4},"end":{"line":202,"column":5}},"75":{"start":{"line":188,"column":20},"end":{"line":188,"column":38}},"76":{"start":{"line":189,"column":19},"end":{"line":189,"column":40}},"77":{"start":{"line":190,"column":20},"end":{"line":190,"column":25}},"78":{"start":{"line":191,"column":21},"end":{"line":191,"column":54}},"79":{"start":{"line":193,"column":18},"end":{"line":198,"column":8}},"80":{"start":{"line":200,"column":6},"end":{"line":200,"column":62}},"81":{"start":{"line":201,"column":6},"end":{"line":201,"column":17}},"82":{"start":{"line":205,"column":2},"end":{"line":205,"column":50}},"83":{"start":{"line":206,"column":2},"end":{"line":206,"column":14}}},"fnMap":{"0":{"name":"parseBetSlip","decl":{"start":{"line":23,"column":22},"end":{"line":23,"column":34}},"loc":{"start":{"line":23,"column":54},"end":{"line":118,"column":1}}},"1":{"name":"parseLeg","decl":{"start":{"line":123,"column":9},"end":{"line":123,"column":17}},"loc":{"start":{"line":123,"column":33},"end":{"line":149,"column":1}}},"2":{"name":"parseFallbackLeg","decl":{"start":{"line":154,"column":9},"end":{"line":154,"column":25}},"loc":{"start":{"line":154,"column":45},"end":{"line":207,"column":1}}}},"branchMap":{"0":{"loc":{"start":{"line":31,"column":19},"end":{"line":31,"column":95}},"type":"binary-expr","locations":[{"start":{"line":31,"column":19},"end":{"line":31,"column":42}},{"start":{"line":31,"column":46},"end":{"line":31,"column":71}},{"start":{"line":31,"column":75},"end":{"line":31,"column":95}}]},"1":{"loc":{"start":{"line":36,"column":16},"end":{"line":36,"column":75}},"type":"cond-expr","locations":[{"start":{"line":36,"column":46},"end":{"line":36,"column":71}},{"start":{"line":36,"column":74},"end":{"line":36,"column":75}}]},"2":{"loc":{"start":{"line":36,"column":16},"end":{"line":36,"column":43}},"type":"binary-expr","locations":[{"start":{"line":36,"column":16},"end":{"line":36,"column":26}},{"start":{"line":36,"column":30},"end":{"line":36,"column":43}}]},"3":{"loc":{"start":{"line":42,"column":2},"end":{"line":94,"column":3}},"type":"if","locations":[{"start":{"line":42,"column":2},"end":{"line":94,"column":3}},{"start":{"line":52,"column":9},"end":{"line":94,"column":3}}]},"4":{"loc":{"start":{"line":46,"column":4},"end":{"line":51,"column":5}},"type":"if","locations":[{"start":{"line":46,"column":4},"end":{"line":51,"column":5}}]},"5":{"loc":{"start":{"line":49,"column":8},"end":{"line":49,"column":32}},"type":"if","locations":[{"start":{"line":49,"column":8},"end":{"line":49,"column":32}}]},"6":{"loc":{"start":{"line":58,"column":4},"end":{"line":93,"column":5}},"type":"if","locations":[{"start":{"line":58,"column":4},"end":{"line":93,"column":5}},{"start":{"line":67,"column":11},"end":{"line":93,"column":5}}]},"7":{"loc":{"start":{"line":58,"column":8},"end":{"line":58,"column":73}},"type":"binary-expr","locations":[{"start":{"line":58,"column":8},"end":{"line":58,"column":19}},{"start":{"line":58,"column":23},"end":{"line":58,"column":37}},{"start":{"line":58,"column":41},"end":{"line":58,"column":55}},{"start":{"line":58,"column":59},"end":{"line":58,"column":73}}]},"8":{"loc":{"start":{"line":70,"column":6},"end":{"line":92,"column":7}},"type":"if","locations":[{"start":{"line":70,"column":6},"end":{"line":92,"column":7}},{"start":{"line":79,"column":13},"end":{"line":92,"column":7}}]},"9":{"loc":{"start":{"line":70,"column":10},"end":{"line":70,"column":75}},"type":"binary-expr","locations":[{"start":{"line":70,"column":10},"end":{"line":70,"column":21}},{"start":{"line":70,"column":25},"end":{"line":70,"column":39}},{"start":{"line":70,"column":43},"end":{"line":70,"column":57}},{"start":{"line":70,"column":61},"end":{"line":70,"column":75}}]},"10":{"loc":{"start":{"line":82,"column":8},"end":{"line":91,"column":9}},"type":"if","locations":[{"start":{"line":82,"column":8},"end":{"line":91,"column":9}}]},"11":{"loc":{"start":{"line":82,"column":12},"end":{"line":82,"column":59}},"type":"binary-expr","locations":[{"start":{"line":82,"column":12},"end":{"line":82,"column":23}},{"start":{"line":82,"column":27},"end":{"line":82,"column":41}},{"start":{"line":82,"column":45},"end":{"line":82,"column":59}}]},"12":{"loc":{"start":{"line":99,"column":2},"end":{"line":108,"column":3}},"type":"if","locations":[{"start":{"line":99,"column":2},"end":{"line":108,"column":3}}]},"13":{"loc":{"start":{"line":102,"column":4},"end":{"line":107,"column":5}},"type":"if","locations":[{"start":{"line":102,"column":4},"end":{"line":107,"column":5}},{"start":{"line":105,"column":11},"end":{"line":107,"column":5}}]},"14":{"loc":{"start":{"line":113,"column":10},"end":{"line":113,"column":47}},"type":"cond-expr","locations":[{"start":{"line":113,"column":28},"end":{"line":113,"column":36}},{"start":{"line":113,"column":39},"end":{"line":113,"column":47}}]},"15":{"loc":{"start":{"line":128,"column":2},"end":{"line":131,"column":3}},"type":"if","locations":[{"start":{"line":128,"column":2},"end":{"line":131,"column":3}}]},"16":{"loc":{"start":{"line":128,"column":6},"end":{"line":128,"column":51}},"type":"binary-expr","locations":[{"start":{"line":128,"column":6},"end":{"line":128,"column":12}},{"start":{"line":128,"column":16},"end":{"line":128,"column":25}},{"start":{"line":128,"column":29},"end":{"line":128,"column":38}},{"start":{"line":128,"column":42},"end":{"line":128,"column":51}}]},"17":{"loc":{"start":{"line":167,"column":4},"end":{"line":182,"column":5}},"type":"if","locations":[{"start":{"line":167,"column":4},"end":{"line":182,"column":5}}]},"18":{"loc":{"start":{"line":167,"column":8},"end":{"line":167,"column":78}},"type":"binary-expr","locations":[{"start":{"line":167,"column":8},"end":{"line":167,"column":17}},{"start":{"line":167,"column":21},"end":{"line":167,"column":33}},{"start":{"line":167,"column":37},"end":{"line":167,"column":49}},{"start":{"line":167,"column":53},"end":{"line":167,"column":62}},{"start":{"line":167,"column":66},"end":{"line":167,"column":78}}]},"19":{"loc":{"start":{"line":187,"column":4},"end":{"line":202,"column":5}},"type":"if","locations":[{"start":{"line":187,"column":4},"end":{"line":202,"column":5}}]},"20":{"loc":{"start":{"line":187,"column":8},"end":{"line":187,"column":46}},"type":"binary-expr","locations":[{"start":{"line":187,"column":8},"end":{"line":187,"column":16}},{"start":{"line":187,"column":20},"end":{"line":187,"column":31}},{"start":{"line":187,"column":35},"end":{"line":187,"column":46}}]}},"s":{"0":2,"1":2,"2":2,"3":2,"4":2,"5":2,"6":2,"7":2,"8":2,"9":2,"10":2,"11":2,"12":0,"13":0,"14":0,"15":0,"16":0,"17":0,"18":0,"19":2,"20":2,"21":2,"22":0,"23":0,"24":0,"25":2,"26":2,"27":0,"28":0,"29":0,"30":2,"31":2,"32":0,"33":0,"34":0,"35":2,"36":2,"37":2,"38":2,"39":2,"40":1,"41":1,"42":1,"43":2,"44":2,"45":2,"46":0,"47":0,"48":0,"49":0,"50":0,"51":0,"52":0,"53":0,"54":0,"55":0,"56":0,"57":0,"58":2,"59":2,"60":2,"61":2,"62":2,"63":2,"64":2,"65":2,"66":0,"67":0,"68":0,"69":0,"70":0,"71":0,"72":0,"73":2,"74":2,"75":1,"76":1,"77":1,"78":1,"79":1,"80":1,"81":1,"82":1,"83":1},"f":{"0":2,"1":0,"2":2},"b":{"0":[2,2,2],"1":[2,0],"2":[2,2],"3":[0,2],"4":[0],"5":[0],"6":[0,2],"7":[2,0,0,0],"8":[0,2],"9":[2,0,0,0],"10":[0],"11":[2,0,0],"12":[2],"13":[1,1],"14":[0,2],"15":[0],"16":[0,0,0,0],"17":[0],"18":[2,1,1,1,0],"19":[1],"20":[2,1,1]}}
,"/Users/cjruiz/gotlockz-bot/src/utils/rateLimiter.ts": {"path":"/Users/cjruiz/gotlockz-bot/src/utils/rateLimiter.ts","statementMap":{"0":{"start":{"line":3,"column":0},"end":{"line":3,"column":16}},"1":{"start":{"line":1,"column":17},"end":{"line":1,"column":42}},"2":{"start":{"line":4,"column":14},"end":{"line":4,"column":24}},"3":{"start":{"line":5,"column":15},"end":{"line":5,"column":40}},"4":{"start":{"line":6,"column":2},"end":{"line":8,"column":3}},"5":{"start":{"line":7,"column":4},"end":{"line":7,"column":17}},"6":{"start":{"line":9,"column":2},"end":{"line":9,"column":28}},"7":{"start":{"line":10,"column":2},"end":{"line":10,"column":14}}},"fnMap":{"0":{"name":"allow","decl":{"start":{"line":3,"column":16},"end":{"line":3,"column":21}},"loc":{"start":{"line":3,"column":36},"end":{"line":11,"column":1}}}},"branchMap":{"0":{"loc":{"start":{"line":5,"column":15},"end":{"line":5,"column":40}},"type":"binary-expr","locations":[{"start":{"line":5,"column":15},"end":{"line":5,"column":35}},{"start":{"line":5,"column":39},"end":{"line":5,"column":40}}]},"1":{"loc":{"start":{"line":6,"column":2},"end":{"line":8,"column":3}},"type":"if","locations":[{"start":{"line":6,"column":2},"end":{"line":8,"column":3}}]}},"s":{"0":1,"1":1,"2":0,"3":0,"4":0,"5":0,"6":0,"7":0},"f":{"0":0},"b":{"0":[0,0],"1":[0]}}
}
