TN:
SF:src/commands/admin.ts
FN:14,(anonymous_1)
FN:17,(anonymous_2)
FN:23,(anonymous_3)
FN:28,execute
FNF:4
FNH:3
FNDA:1,(anonymous_1)
FNDA:1,(anonymous_2)
FNDA:1,(anonymous_3)
FNDA:0,execute
DA:8,1
DA:9,1
DA:11,1
DA:15,1
DA:18,1
DA:24,1
DA:28,1
DA:29,0
DA:30,0
DA:31,0
DA:32,0
DA:33,0
DA:36,0
DA:37,0
DA:38,0
DA:39,0
DA:40,0
DA:47,0
DA:49,0
LF:19
LH:7
BRDA:30,0,0,0
BRDA:30,0,1,0
BRDA:32,1,0,0
BRDA:32,2,0,0
BRDA:32,2,1,0
BRDA:38,3,0,0
BRDA:39,4,0,0
BRDA:39,4,1,0
BRF:8
BRH:0
end_of_record
TN:
SF:src/commands/pick.ts
FN:27,(anonymous_0)
FN:38,(anonymous_1)
FN:44,(anonymous_2)
FN:51,execute
FN:69,(anonymous_4)
FN:69,(anonymous_5)
FNF:6
FNH:3
FNDA:1,(anonymous_0)
FNDA:1,(anonymous_1)
FNDA:1,(anonymous_2)
FNDA:0,execute
FNDA:0,(anonymous_4)
FNDA:0,(anonymous_5)
DA:9,1
DA:10,1
DA:11,1
DA:12,1
DA:13,1
DA:14,1
DA:21,1
DA:22,1
DA:24,1
DA:28,1
DA:39,1
DA:45,1
DA:51,1
DA:52,0
DA:53,0
DA:56,0
DA:57,0
DA:60,0
DA:61,0
DA:62,0
DA:64,0
DA:65,0
DA:69,0
DA:70,0
DA:73,0
DA:74,0
DA:75,0
DA:79,0
DA:80,0
DA:81,0
DA:85,0
DA:86,0
DA:87,0
DA:91,0
DA:93,0
DA:95,0
DA:96,0
DA:97,0
DA:99,0
DA:100,0
DA:103,0
DA:104,0
DA:105,0
DA:108,0
DA:109,0
DA:110,0
DA:113,0
DA:117,0
DA:118,0
DA:122,0
DA:124,0
DA:129,0
DA:130,0
LF:53
LH:13
BRDA:56,0,0,0
BRDA:64,1,0,0
BRDA:74,2,0,0
BRDA:79,3,0,0
BRDA:79,3,1,0
BRDA:80,4,0,0
BRDA:93,5,0,0
BRDA:93,5,1,0
BRDA:93,5,2,0
BRDA:93,5,3,0
BRDA:96,6,0,0
BRDA:108,7,0,0
BRDA:108,7,1,0
BRDA:117,8,0,0
BRF:14
BRH:0
end_of_record
TN:
SF:src/services/analysisService.ts
FN:6,generateAnalysis
FN:49,buildPrompt
FNF:2
FNH:2
FNDA:1,generateAnalysis
FNDA:1,buildPrompt
DA:1,3
DA:2,3
DA:4,3
DA:6,3
DA:12,1
DA:13,1
DA:14,1
DA:15,1
DA:16,0
DA:18,1
DA:19,1
DA:20,1
DA:37,1
DA:44,1
DA:45,1
DA:46,1
DA:49,3
DA:55,1
LF:18
LH:17
BRDA:15,0,0,0
BRDA:15,1,0,1
BRDA:15,1,1,0
BRDA:44,2,0,1
BRDA:44,2,1,0
BRF:5
BRH:2
end_of_record
TN:
SF:src/services/bettingMessageService.ts
FN:24,getNextVIPPlayNumber
FN:43,createVIPPlayMessage
FN:97,createFreePlayMessage
FN:143,createLottoTicketMessage
FN:157,(anonymous_4)
FN:164,(anonymous_5)
FN:171,(anonymous_6)
FN:195,validateBettingMessage
FN:222,validateVIPPlayMessage
FN:243,validateFreePlayMessage
FN:263,validateLottoTicketMessage
FN:293,formatBettingMessageForDiscord
FN:309,formatVIPPlayForDiscord
FN:357,formatFreePlayForDiscord
FN:400,formatLottoTicketForDiscord
FN:408,(anonymous_15)
FN:413,(anonymous_16)
FN:446,getVIPPlayCounterStats
FN:453,createBettingMessage
FN:462,(anonymous_19)
FNF:20
FNH:18
FNDA:8,getNextVIPPlayNumber
FNDA:8,createVIPPlayMessage
FNDA:4,createFreePlayMessage
FNDA:6,createLottoTicketMessage
FNDA:15,(anonymous_4)
FNDA:15,(anonymous_5)
FNDA:15,(anonymous_6)
FNDA:5,validateBettingMessage
FNDA:1,validateVIPPlayMessage
FNDA:1,validateFreePlayMessage
FNDA:1,validateLottoTicketMessage
FNDA:5,formatBettingMessageForDiscord
FNDA:1,formatVIPPlayForDiscord
FNDA:1,formatFreePlayForDiscord
FNDA:2,formatLottoTicketForDiscord
FNDA:6,(anonymous_15)
FNDA:6,(anonymous_16)
FNDA:1,getVIPPlayCounterStats
FNDA:0,createBettingMessage
FNDA:0,(anonymous_19)
DA:15,2
DA:25,8
DA:28,8
DA:29,0
DA:36,8
DA:37,8
DA:43,2
DA:49,8
DA:50,8
DA:53,8
DA:54,0
DA:55,0
DA:59,8
DA:60,8
DA:61,0
DA:65,8
DA:66,8
DA:69,8
DA:72,8
DA:91,8
DA:97,2
DA:103,4
DA:106,4
DA:107,4
DA:108,0
DA:112,4
DA:113,4
DA:116,4
DA:119,4
DA:137,4
DA:143,2
DA:150,6
DA:152,6
DA:153,1
DA:157,15
DA:164,15
DA:171,5
DA:172,15
DA:173,15
DA:177,5
DA:189,5
DA:195,2
DA:197,5
DA:200,4
DA:201,4
DA:203,0
DA:207,4
DA:209,1
DA:211,1
DA:213,1
DA:215,1
DA:223,1
DA:224,1
DA:225,1
DA:226,1
DA:227,1
DA:228,1
DA:229,1
DA:231,1
DA:232,1
DA:234,0
DA:237,1
DA:244,1
DA:245,1
DA:246,1
DA:247,1
DA:248,1
DA:249,1
DA:251,1
DA:252,1
DA:254,0
DA:257,1
DA:264,1
DA:265,1
DA:266,1
DA:267,1
DA:268,1
DA:269,1
DA:272,1
DA:273,3
DA:274,3
DA:275,3
DA:277,0
DA:282,1
DA:283,3
DA:284,3
DA:287,1
DA:293,2
DA:294,5
DA:296,1
DA:298,1
DA:300,2
DA:302,1
DA:310,1
DA:347,1
DA:348,0
DA:351,1
DA:358,1
DA:390,1
DA:391,0
DA:394,1
DA:401,2
DA:408,6
DA:413,6
DA:428,2
DA:429,1
DA:436,2
DA:437,0
DA:440,2
DA:446,2
DA:447,1
DA:453,2
DA:455,0
DA:456,0
DA:457,0
DA:460,0
DA:462,0
DA:463,0
DA:466,0
DA:467,0
DA:470,0
LF:121
LH:100
BRDA:16,0,0,2
BRDA:16,0,1,0
BRDA:25,1,0,8
BRDA:25,1,1,0
BRDA:28,2,0,0
BRDA:53,3,0,0
BRDA:53,4,0,8
BRDA:53,4,1,8
BRDA:60,5,0,0
BRDA:69,6,0,8
BRDA:69,6,1,0
BRDA:88,7,0,8
BRDA:88,7,1,1
BRDA:107,8,0,0
BRDA:116,9,0,4
BRDA:116,9,1,0
BRDA:134,10,0,4
BRDA:134,10,1,1
BRDA:152,11,0,1
BRDA:167,12,0,10
BRDA:167,12,1,5
BRDA:172,13,0,10
BRDA:172,13,1,5
BRDA:185,14,0,5
BRDA:185,14,1,2
BRDA:186,15,0,5
BRDA:186,15,1,0
BRDA:197,16,0,1
BRDA:197,17,0,5
BRDA:197,17,1,5
BRDA:207,18,0,1
BRDA:207,18,1,1
BRDA:207,18,2,1
BRDA:207,18,3,1
BRDA:223,19,0,0
BRDA:224,20,0,0
BRDA:225,21,0,0
BRDA:225,22,0,1
BRDA:225,22,1,1
BRDA:226,23,0,0
BRDA:226,24,0,1
BRDA:226,24,1,1
BRDA:227,25,0,0
BRDA:228,26,0,0
BRDA:228,27,0,1
BRDA:228,27,1,1
BRDA:229,28,0,0
BRDA:229,29,0,1
BRDA:229,29,1,1
BRDA:244,30,0,0
BRDA:245,31,0,0
BRDA:246,32,0,0
BRDA:246,33,0,1
BRDA:246,33,1,1
BRDA:247,34,0,0
BRDA:247,35,0,1
BRDA:247,35,1,1
BRDA:248,36,0,0
BRDA:249,37,0,0
BRDA:249,38,0,1
BRDA:249,38,1,1
BRDA:264,39,0,0
BRDA:265,40,0,0
BRDA:266,41,0,0
BRDA:266,42,0,1
BRDA:266,42,1,1
BRDA:267,43,0,0
BRDA:267,44,0,1
BRDA:267,44,1,1
BRDA:268,45,0,0
BRDA:269,46,0,0
BRDA:269,47,0,1
BRDA:269,47,1,1
BRDA:273,48,0,0
BRDA:273,49,0,3
BRDA:273,49,1,3
BRDA:283,50,0,0
BRDA:283,51,0,3
BRDA:283,51,1,3
BRDA:284,52,0,0
BRDA:294,53,0,1
BRDA:294,53,1,1
BRDA:294,53,2,2
BRDA:294,53,3,1
BRDA:332,54,0,1
BRDA:332,54,1,0
BRDA:347,55,0,0
BRDA:380,56,0,1
BRDA:380,56,1,0
BRDA:390,57,0,0
BRDA:413,58,0,4
BRDA:413,58,1,2
BRDA:418,59,0,2
BRDA:418,59,1,0
BRDA:428,60,0,1
BRDA:436,61,0,0
BRDA:455,62,0,0
BRDA:455,63,0,0
BRDA:455,63,1,0
BRDA:466,64,0,0
BRF:100
BRH:59
end_of_record
TN:
SF:src/services/mlbService.ts
FN:45,getGameData
FN:63,fetchMLBGameData
FN:83,(anonymous_3)
FN:121,generateTeamStats
FN:139,generateMockGameData
FNF:5
FNH:5
FNDA:6,getGameData
FNDA:6,fetchMLBGameData
FNDA:1,(anonymous_3)
FNDA:12,generateTeamStats
FNDA:6,generateMockGameData
DA:4,2
DA:45,2
DA:46,6
DA:48,6
DA:49,6
DA:50,0
DA:53,0
DA:57,6
DA:64,6
DA:66,6
DA:67,6
DA:69,6
DA:70,6
DA:73,6
DA:76,6
DA:77,6
DA:79,5
DA:80,1
DA:83,1
DA:84,1
DA:85,1
DA:86,1
DA:91,1
DA:92,0
DA:93,0
DA:94,0
DA:95,0
DA:96,0
DA:98,0
DA:112,4
DA:115,6
DA:122,12
DA:140,6
DA:141,6
DA:142,6
DA:144,6
LF:36
LH:28
BRDA:49,0,0,0
BRDA:67,1,0,0
BRDA:69,2,0,6
BRDA:69,2,1,0
BRDA:70,3,0,6
BRDA:70,3,1,0
BRDA:79,4,0,1
BRDA:79,5,0,5
BRDA:79,5,1,2
BRDA:84,6,0,1
BRDA:84,6,1,0
BRDA:85,7,0,1
BRDA:85,7,1,0
BRDA:86,8,0,1
BRDA:86,8,1,1
BRDA:86,8,2,1
BRDA:86,8,3,1
BRDA:86,8,4,0
BRDA:86,8,5,0
BRDA:91,9,0,0
BRDA:92,10,0,0
BRDA:92,10,1,0
BRDA:93,11,0,0
BRDA:93,11,1,0
BRDA:94,12,0,0
BRDA:94,12,1,0
BRDA:95,13,0,0
BRDA:95,13,1,0
BRDA:96,14,0,0
BRDA:96,14,1,0
BRDA:100,15,0,0
BRDA:100,15,1,0
BRDA:141,16,0,6
BRDA:141,16,1,0
BRDA:141,17,0,6
BRDA:141,17,1,0
BRDA:142,18,0,6
BRDA:142,18,1,0
BRDA:142,19,0,6
BRDA:142,19,1,0
BRDA:146,20,0,6
BRDA:146,20,1,0
BRDA:151,21,0,6
BRDA:151,21,1,0
BRDA:152,22,0,6
BRDA:152,22,1,0
BRF:46
BRH:18
end_of_record
TN:
SF:src/services/ocrParser.ts
FN:39,preprocess
FN:90,clusterByY
FN:98,(anonymous_3)
FN:135,createClusteredLine
FN:137,(anonymous_5)
FN:139,(anonymous_6)
FN:140,(anonymous_7)
FN:156,parseTesseractWords
FN:192,analyzeWithGoogleVision
FN:215,(anonymous_10)
FN:217,(anonymous_11)
FN:218,(anonymous_12)
FN:219,(anonymous_13)
FN:220,(anonymous_14)
FN:244,parseImage
FN:254,(anonymous_16)
FN:279,(anonymous_17)
FN:301,(anonymous_18)
FN:304,(anonymous_19)
FNF:19
FNH:8
FNDA:2,preprocess
FNDA:3,clusterByY
FNDA:10,(anonymous_3)
FNDA:3,createClusteredLine
FNDA:10,(anonymous_5)
FNDA:9,(anonymous_6)
FNDA:9,(anonymous_7)
FNDA:2,parseTesseractWords
FNDA:0,analyzeWithGoogleVision
FNDA:0,(anonymous_10)
FNDA:0,(anonymous_11)
FNDA:0,(anonymous_12)
FNDA:0,(anonymous_13)
FNDA:0,(anonymous_14)
FNDA:0,parseImage
FNDA:0,(anonymous_16)
FNDA:0,(anonymous_17)
FNDA:0,(anonymous_18)
FNDA:0,(anonymous_19)
DA:5,2
DA:6,2
DA:7,2
DA:8,2
DA:39,2
DA:40,2
DA:42,2
DA:43,2
DA:44,1
DA:45,1
DA:47,1
DA:50,1
DA:51,1
DA:52,1
DA:54,1
DA:55,1
DA:58,1
DA:61,1
DA:64,1
DA:67,1
DA:68,1
DA:72,1
DA:74,1
DA:75,1
DA:77,1
DA:79,1
DA:80,1
DA:90,2
DA:91,3
DA:93,3
DA:94,1
DA:98,10
DA:100,2
DA:101,2
DA:102,2
DA:104,2
DA:105,7
DA:106,7
DA:108,7
DA:110,6
DA:113,1
DA:114,1
DA:116,1
DA:117,1
DA:122,2
DA:123,2
DA:126,2
DA:127,2
DA:137,10
DA:139,9
DA:140,9
DA:141,3
DA:143,3
DA:156,2
DA:157,2
DA:159,2
DA:160,1
DA:161,1
DA:164,1
DA:166,1
DA:167,4
DA:168,2
DA:179,2
DA:183,1
DA:184,1
DA:192,2
DA:193,0
DA:195,0
DA:196,0
DA:198,0
DA:199,0
DA:202,0
DA:206,0
DA:207,0
DA:209,0
DA:210,0
DA:211,0
DA:215,0
DA:216,0
DA:217,0
DA:218,0
DA:219,0
DA:220,0
DA:222,0
DA:229,0
DA:230,0
DA:232,0
DA:234,0
DA:235,0
DA:244,2
DA:245,0
DA:247,0
DA:249,0
DA:252,0
DA:253,0
DA:255,0
DA:256,0
DA:262,0
DA:264,0
DA:265,0
DA:266,0
DA:267,0
DA:276,0
DA:279,0
DA:280,0
DA:282,0
DA:285,0
DA:286,0
DA:287,0
DA:288,0
DA:289,0
DA:296,0
DA:301,0
DA:302,0
DA:303,0
DA:304,0
DA:305,0
DA:309,0
DA:317,0
DA:318,0
LF:120
LH:67
BRDA:67,0,0,1
BRDA:67,1,0,1
BRDA:67,1,1,1
BRDA:90,2,0,0
BRDA:93,3,0,1
BRDA:108,4,0,6
BRDA:108,4,1,1
BRDA:113,5,0,1
BRDA:122,6,0,2
BRDA:156,7,0,0
BRDA:159,8,0,1
BRDA:159,9,0,2
BRDA:159,9,1,1
BRDA:167,10,0,2
BRDA:167,10,1,2
BRDA:198,11,0,0
BRDA:209,12,0,0
BRDA:209,13,0,0
BRDA:209,13,1,0
BRDA:216,14,0,0
BRDA:216,14,1,0
BRDA:217,15,0,0
BRDA:217,15,1,0
BRDA:218,16,0,0
BRDA:218,16,1,0
BRDA:219,17,0,0
BRDA:219,17,1,0
BRDA:220,18,0,0
BRDA:220,18,1,0
BRDA:223,19,0,0
BRDA:223,19,1,0
BRDA:255,20,0,0
BRDA:264,21,0,0
BRDA:285,22,0,0
BRDA:302,23,0,0
BRF:35
BRH:13
end_of_record
TN:
SF:src/services/ocrService.ts
FN:24,analyzeImage
FN:39,(anonymous_2)
FN:39,(anonymous_3)
FN:56,fallbackToLegacyOCR
FN:92,analyzeWithOCRSpace
FN:110,(anonymous_6)
FN:121,analyzeWithTesseract
FN:125,(anonymous_8)
FN:134,(anonymous_9)
FNF:9
FNH:0
FNDA:0,analyzeImage
FNDA:0,(anonymous_2)
FNDA:0,(anonymous_3)
FNDA:0,fallbackToLegacyOCR
FNDA:0,analyzeWithOCRSpace
FNDA:0,(anonymous_6)
FNDA:0,analyzeWithTesseract
FNDA:0,(anonymous_8)
FNDA:0,(anonymous_9)
DA:4,1
DA:5,1
DA:6,1
DA:7,1
DA:24,1
DA:25,0
DA:26,0
DA:28,0
DA:30,0
DA:32,0
DA:33,0
DA:34,0
DA:35,0
DA:36,0
DA:39,0
DA:41,0
DA:42,0
DA:45,0
DA:48,0
DA:49,0
DA:57,0
DA:59,0
DA:60,0
DA:61,0
DA:62,0
DA:63,0
DA:64,0
DA:65,0
DA:67,0
DA:70,0
DA:73,0
DA:77,0
DA:78,0
DA:79,0
DA:80,0
DA:81,0
DA:83,0
DA:84,0
DA:85,0
DA:93,0
DA:95,0
DA:96,0
DA:97,0
DA:98,0
DA:99,0
DA:100,0
DA:102,0
DA:108,0
DA:109,0
DA:110,0
DA:111,0
DA:112,0
DA:115,0
DA:122,0
DA:124,0
DA:126,0
DA:127,0
DA:129,0
DA:134,0
DA:135,0
DA:136,0
DA:138,0
LF:62
LH:5
BRDA:36,0,0,0
BRDA:36,0,1,0
BRDA:60,1,0,0
BRDA:60,1,1,0
BRDA:108,2,0,0
BRDA:108,3,0,0
BRDA:108,3,1,0
BRDA:126,4,0,0
BRDA:126,4,1,0
BRF:9
BRH:0
end_of_record
TN:
SF:src/services/vipPlayService.ts
FN:19,createVIPPlayMessage
FN:66,validateVIPPlayMessage
FN:90,formatVIPPlayForDiscord
FN:138,getPlayCounterStats
FN:145,resetPlayCounter
FNF:5
FNH:5
FNDA:16,createVIPPlayMessage
FNDA:8,validateVIPPlayMessage
FNDA:3,formatVIPPlayForDiscord
FNDA:1,getPlayCounterStats
FNDA:16,resetPlayCounter
DA:10,1
DA:19,1
DA:26,16
DA:27,1
DA:31,15
DA:34,15
DA:35,15
DA:36,15
DA:37,15
DA:38,15
DA:39,15
DA:41,15
DA:60,15
DA:66,1
DA:68,8
DA:69,7
DA:70,6
DA:71,5
DA:72,4
DA:73,3
DA:74,2
DA:77,1
DA:78,1
DA:79,1
DA:81,0
DA:84,1
DA:90,1
DA:91,3
DA:128,3
DA:129,1
DA:132,3
DA:138,1
DA:139,1
DA:145,1
DA:146,16
LF:35
LH:34
BRDA:11,0,0,1
BRDA:11,0,1,0
BRDA:26,1,0,1
BRDA:26,2,0,16
BRDA:26,2,1,16
BRDA:39,3,0,14
BRDA:39,3,1,1
BRDA:57,4,0,2
BRDA:57,4,1,13
BRDA:68,5,0,1
BRDA:69,6,0,1
BRDA:70,7,0,1
BRDA:70,8,0,6
BRDA:70,8,1,5
BRDA:71,9,0,1
BRDA:71,10,0,5
BRDA:71,10,1,4
BRDA:72,11,0,1
BRDA:73,12,0,1
BRDA:73,13,0,3
BRDA:73,13,1,3
BRDA:74,14,0,1
BRDA:74,15,0,2
BRDA:74,15,1,1
BRDA:113,16,0,2
BRDA:113,16,1,1
BRDA:128,17,0,1
BRDA:147,18,0,16
BRDA:147,18,1,0
BRF:29
BRH:27
end_of_record
TN:
SF:src/services/weatherService.ts
FN:28,getForecast
FNF:1
FNH:0
FNDA:0,getForecast
DA:5,1
DA:28,1
DA:29,0
DA:30,0
DA:31,0
DA:32,0
DA:34,0
DA:36,0
DA:38,0
DA:39,0
DA:40,0
DA:41,0
DA:46,0
DA:47,0
LF:14
LH:2
BRDA:30,0,0,0
BRDA:34,1,0,0
BRDA:46,2,0,0
BRDA:46,2,1,0
BRDA:46,2,2,0
BRF:5
BRH:0
end_of_record
TN:
SF:src/utils/env.ts
FN:1,getEnv
FNF:1
FNH:1
FNDA:6,getEnv
DA:1,5
DA:3,6
DA:4,6
DA:6,6
DA:7,1
DA:9,5
DA:10,1
DA:12,4
DA:13,1
DA:16,3
LF:10
LH:10
BRDA:3,0,0,6
BRDA:3,0,1,2
BRDA:6,1,0,1
BRDA:9,2,0,1
BRDA:12,3,0,1
BRDA:23,4,0,0
BRDA:23,4,1,3
BRF:7
BRH:6
end_of_record
TN:
SF:src/utils/parser.ts
FN:23,parseBetSlip
FN:123,parseLeg
FN:154,parseFallbackLeg
FNF:3
FNH:2
FNDA:2,parseBetSlip
FNDA:0,parseLeg
FNDA:2,parseFallbackLeg
DA:23,2
DA:24,2
DA:25,2
DA:27,2
DA:28,2
DA:31,2
DA:32,2
DA:35,2
DA:36,2
DA:37,2
DA:40,2
DA:42,2
DA:44,0
DA:45,0
DA:46,0
DA:47,0
DA:48,0
DA:49,0
DA:54,2
DA:57,2
DA:58,2
DA:59,0
DA:60,0
DA:66,0
DA:69,2
DA:70,2
DA:71,0
DA:72,0
DA:78,0
DA:81,2
DA:82,2
DA:83,0
DA:84,0
DA:90,0
DA:96,2
DA:99,2
DA:100,2
DA:101,2
DA:102,2
DA:103,1
DA:104,1
DA:106,1
DA:110,2
DA:116,2
DA:117,2
DA:124,0
DA:127,0
DA:128,0
DA:129,0
DA:130,0
DA:133,0
DA:134,0
DA:135,0
DA:138,0
DA:140,0
DA:147,0
DA:148,0
DA:155,2
DA:157,2
DA:158,2
DA:161,2
DA:162,2
DA:164,2
DA:165,2
DA:167,2
DA:168,0
DA:169,0
DA:170,0
DA:171,0
DA:173,0
DA:180,0
DA:181,0
DA:186,2
DA:187,2
DA:188,1
DA:189,1
DA:190,1
DA:191,1
DA:193,1
DA:200,1
DA:201,1
DA:205,1
DA:206,1
LF:83
LH:49
BRDA:31,0,0,2
BRDA:31,0,1,2
BRDA:31,0,2,2
BRDA:36,1,0,2
BRDA:36,1,1,0
BRDA:36,2,0,2
BRDA:36,2,1,2
BRDA:42,3,0,0
BRDA:42,3,1,2
BRDA:46,4,0,0
BRDA:49,5,0,0
BRDA:58,6,0,0
BRDA:58,6,1,2
BRDA:58,7,0,2
BRDA:58,7,1,0
BRDA:58,7,2,0
BRDA:58,7,3,0
BRDA:70,8,0,0
BRDA:70,8,1,2
BRDA:70,9,0,2
BRDA:70,9,1,0
BRDA:70,9,2,0
BRDA:70,9,3,0
BRDA:82,10,0,0
BRDA:82,11,0,2
BRDA:82,11,1,0
BRDA:82,11,2,0
BRDA:99,12,0,2
BRDA:102,13,0,1
BRDA:102,13,1,1
BRDA:113,14,0,0
BRDA:113,14,1,2
BRDA:128,15,0,0
BRDA:128,16,0,0
BRDA:128,16,1,0
BRDA:128,16,2,0
BRDA:128,16,3,0
BRDA:167,17,0,0
BRDA:167,18,0,2
BRDA:167,18,1,1
BRDA:167,18,2,1
BRDA:167,18,3,1
BRDA:167,18,4,0
BRDA:187,19,0,1
BRDA:187,20,0,2
BRDA:187,20,1,1
BRDA:187,20,2,1
BRF:47
BRH:24
end_of_record
TN:
SF:src/utils/rateLimiter.ts
FN:3,allow
FNF:1
FNH:0
FNDA:0,allow
DA:1,1
DA:3,1
DA:4,0
DA:5,0
DA:6,0
DA:7,0
DA:9,0
DA:10,0
LF:8
LH:2
BRDA:5,0,0,0
BRDA:5,0,1,0
BRDA:6,1,0,0
BRF:3
BRH:0
end_of_record
